Allocated nodes:
gypsum-gpu143
gypsum-gpu144
gypsum-gpu145
gypsum-gpu146
gypsum-gpu147
gypsum-gpu148
gypsum-gpu149
gypsum-gpu150
=== NODES=8 RANKS_PER_NODE=24 TOTAL_RANKS=192 THREADS=1 FEATURES=2 SIZE=10000000 RUN_ID=1===
mpi-gpu
hi, ccc_mpi_gpu
[Rank 5 on gypsum-gpu148] Local rank: 0, GPUs available: 4
mpi-gpu
hi, ccc_mpi_gpu
[Rank 13 on gypsum-gpu148] Local rank: 1, GPUs available: 4
mpi-gpu
hi, ccc_mpi_gpu
[Rank 21 on gypsum-gpu148] Local rank: 2, GPUs available: 4
mpi-gpu
hi, ccc_mpi_gpu
[Rank 29 on gypsum-gpu148] Local rank: 3, GPUs available: 4
mpi-gpu
hi, ccc_mpi_gpu
[Rank 37 on gypsum-gpu148] Local rank: 4, GPUs available: 4
mpi-gpu
hi, ccc_mpi_gpu
[Rank 45 on gypsum-gpu148] Local rank: 5, GPUs available: 4
mpi-gpu
hi, ccc_mpi_gpu
[Rank 53 on gypsum-gpu148] Local rank: 6, GPUs available: 4
mpi-gpu
hi, ccc_mpi_gpu
[Rank 61 on gypsum-gpu148] Local rank: 7, GPUs available: 4
mpi-gpu
hi, ccc_mpi_gpu
[Rank 69 on gypsum-gpu148] Local rank: 8, GPUs available: 4
mpi-gpu
hi, ccc_mpi_gpu
[Rank 77 on gypsum-gpu148] Local rank: 9, GPUs available: 4
mpi-gpu
hi, ccc_mpi_gpu
[Rank 85 on gypsum-gpu148] Local rank: 10, GPUs available: 4
mpi-gpu
hi, ccc_mpi_gpu
[Rank 93 on gypsum-gpu148] Local rank: 11, GPUs available: 4
mpi-gpu
hi, ccc_mpi_gpu
[Rank 101 on gypsum-gpu148] Local rank: 12, GPUs available: 4
mpi-gpu
hi, ccc_mpi_gpu
[Rank 109 on gypsum-gpu148] Local rank: 13, GPUs available: 4
mpi-gpu
hi, ccc_mpi_gpu
[Rank 117 on gypsum-gpu148] Local rank: 14, GPUs available: 4
mpi-gpu
hi, ccc_mpi_gpu
[Rank 125 on gypsum-gpu148] Local rank: 15, GPUs available: 4
mpi-gpu
hi, ccc_mpi_gpu
[Rank 133 on gypsum-gpu148] Local rank: 16, GPUs available: 4
mpi-gpu
hi, ccc_mpi_gpu
[Rank 2 on gypsum-gpu145] Local rank: 0, GPUs available: 4
mpi-gpu
hi, ccc_mpi_gpu
[Rank 141 on gypsum-gpu148] Local rank: 17, GPUs available: 4
mpi-gpu
hi, ccc_mpi_gpu
[Rank 10 on gypsum-gpu145] Local rank: 1, GPUs available: 4
mpi-gpu
hi, ccc_mpi_gpu
[Rank 149 on gypsum-gpu148] Local rank: 18, GPUs available: 4
mpi-gpu
hi, ccc_mpi_gpu
[Rank 18 on gypsum-gpu145] Local rank: 2, GPUs available: 4
mpi-gpu
hi, ccc_mpi_gpu
[Rank 157 on gypsum-gpu148] Local rank: 19, GPUs available: 4
mpi-gpu
hi, ccc_mpi_gpu
[Rank 26 on gypsum-gpu145] Local rank: 3, GPUs available: 4
mpi-gpu
hi, ccc_mpi_gpu
[Rank 173 on gypsum-gpu148] Local rank: 21, GPUs available: 4
mpi-gpu
hi, ccc_mpi_gpu
[Rank 34 on gypsum-gpu145] Local rank: 4, GPUs available: 4
mpi-gpu
hi, ccc_mpi_gpu
[Rank 181 on gypsum-gpu148] Local rank: 22, GPUs available: 4
mpi-gpu
hi, ccc_mpi_gpu
[Rank 42 on gypsum-gpu145] Local rank: 5, GPUs available: 4
mpi-gpu
hi, ccc_mpi_gpu
[Rank 189 on gypsum-gpu148] Local rank: 23, GPUs available: 4
mpi-gpu
hi, ccc_mpi_gpu
[Rank 50 on gypsum-gpu145] Local rank: 6, GPUs available: 4
mpi-gpu
hi, ccc_mpi_gpu
[Rank 58 on gypsum-gpu145] Local rank: 7, GPUs available: 4
mpi-gpu
hi, ccc_mpi_gpu
[Rank 66 on gypsum-gpu145] Local rank: 8, GPUs available: 4
mpi-gpu
hi, ccc_mpi_gpu
[Rank 74 on gypsum-gpu145] Local rank: 9, GPUs available: 4
mpi-gpu
hi, ccc_mpi_gpu
[Rank 82 on gypsum-gpu145] Local rank: 10, GPUs available: 4
mpi-gpu
hi, ccc_mpi_gpu
[Rank 90 on gypsum-gpu145] Local rank: 11, GPUs available: 4
mpi-gpu
hi, ccc_mpi_gpu
[Rank 98 on gypsum-gpu145] Local rank: 12, GPUs available: 4
mpi-gpu
hi, ccc_mpi_gpu
[Rank 106 on gypsum-gpu145] Local rank: 13, GPUs available: 4
mpi-gpu
hi, ccc_mpi_gpu
[Rank 114 on gypsum-gpu145] Local rank: 14, GPUs available: 4
mpi-gpu
hi, ccc_mpi_gpu
[Rank 122 on gypsum-gpu145] Local rank: 15, GPUs available: 4
mpi-gpu
hi, ccc_mpi_gpu
[Rank 130 on gypsum-gpu145] Local rank: 16, GPUs available: 4
mpi-gpu
hi, ccc_mpi_gpu
[Rank 138 on gypsum-gpu145] Local rank: 17, GPUs available: 4
mpi-gpu
hi, ccc_mpi_gpu
[Rank 146 on gypsum-gpu145] Local rank: 18, GPUs available: 4
mpi-gpu
hi, ccc_mpi_gpu
[Rank 154 on gypsum-gpu145] Local rank: 19, GPUs available: 4
mpi-gpu
hi, ccc_mpi_gpu
[Rank 162 on gypsum-gpu145] Local rank: 20, GPUs available: 4
mpi-gpu
hi, ccc_mpi_gpu
[Rank 170 on gypsum-gpu145] Local rank: 21, GPUs available: 4
mpi-gpu
hi, ccc_mpi_gpu
[Rank 178 on gypsum-gpu145] Local rank: 22, GPUs available: 4
mpi-gpu
hi, ccc_mpi_gpu
[Rank 186 on gypsum-gpu145] Local rank: 23, GPUs available: 4
mpi-gpu
hi, ccc_mpi_gpu
[Rank 3 on gypsum-gpu146] Local rank: 0, GPUs available: 4
mpi-gpu
hi, ccc_mpi_gpu
[Rank 11 on gypsum-gpu146] Local rank: 1, GPUs available: 4
mpi-gpu
hi, ccc_mpi_gpu
[Rank 165 on gypsum-gpu148] Local rank: 20, GPUs available: 4
mpi-gpu
hi, ccc_mpi_gpu
[Rank 19 on gypsum-gpu146] Local rank: 2, GPUs available: 4
mpi-gpu
hi, ccc_mpi_gpu
[Rank 27 on gypsum-gpu146] Local rank: 3, GPUs available: 4
mpi-gpu
hi, ccc_mpi_gpu
[Rank 1 on gypsum-gpu144] Local rank: 0, GPUs available: 4
mpi-gpu
hi, ccc_mpi_gpu
[Rank 35 on gypsum-gpu146] Local rank: 4, GPUs available: 4
mpi-gpu
hi, ccc_mpi_gpu
[Rank 9 on gypsum-gpu144] Local rank: 1, GPUs available: 4
mpi-gpu
hi, ccc_mpi_gpu
[Rank 43 on gypsum-gpu146] Local rank: 5, GPUs available: 4
mpi-gpu
hi, ccc_mpi_gpu
[Rank 17 on gypsum-gpu144] Local rank: 2, GPUs available: 4
mpi-gpu
hi, ccc_mpi_gpu
[Rank 4 on gypsum-gpu147] Local rank: 0, GPUs available: 4
mpi-gpu
hi, ccc_mpi_gpu
[Rank 51 on gypsum-gpu146] Local rank: 6, GPUs available: 4
mpi-gpu
hi, ccc_mpi_gpu
[Rank 25 on gypsum-gpu144] Local rank: 3, GPUs available: 4
mpi-gpu
hi, ccc_mpi_gpu
[Rank 12 on gypsum-gpu147] Local rank: 1, GPUs available: 4
mpi-gpu
hi, ccc_mpi_gpu
[Rank 59 on gypsum-gpu146] Local rank: 7, GPUs available: 4
mpi-gpu
hi, ccc_mpi_gpu
[Rank 33 on gypsum-gpu144] Local rank: 4, GPUs available: 4
mpi-gpu
hi, ccc_mpi_gpu
[Rank 20 on gypsum-gpu147] Local rank: 2, GPUs available: 4
mpi-gpu
hi, ccc_mpi_gpu
[Rank 67 on gypsum-gpu146] Local rank: 8, GPUs available: 4
mpi-gpu
hi, ccc_mpi_gpu
[Rank 41 on gypsum-gpu144] Local rank: 5, GPUs available: 4
mpi-gpu
hi, ccc_mpi_gpu
[Rank 28 on gypsum-gpu147] Local rank: 3, GPUs available: 4
mpi-gpu
hi, ccc_mpi_gpu
[Rank 75 on gypsum-gpu146] Local rank: 9, GPUs available: 4
mpi-gpu
hi, ccc_mpi_gpu
[Rank 49 on gypsum-gpu144] Local rank: 6, GPUs available: 4
mpi-gpu
hi, ccc_mpi_gpu
[Rank 36 on gypsum-gpu147] Local rank: 4, GPUs available: 4
mpi-gpu
hi, ccc_mpi_gpu
[Rank 83 on gypsum-gpu146] Local rank: 10, GPUs available: 4
mpi-gpu
hi, ccc_mpi_gpu
[Rank 57 on gypsum-gpu144] Local rank: 7, GPUs available: 4
mpi-gpu
hi, ccc_mpi_gpu
[Rank 44 on gypsum-gpu147] Local rank: 5, GPUs available: 4
mpi-gpu
hi, ccc_mpi_gpu
[Rank 91 on gypsum-gpu146] Local rank: 11, GPUs available: 4
mpi-gpu
hi, ccc_mpi_gpu
[Rank 65 on gypsum-gpu144] Local rank: 8, GPUs available: 4
mpi-gpu
hi, ccc_mpi_gpu
[Rank 52 on gypsum-gpu147] Local rank: 6, GPUs available: 4
mpi-gpu
hi, ccc_mpi_gpu
[Rank 99 on gypsum-gpu146] Local rank: 12, GPUs available: 4
mpi-gpu
hi, ccc_mpi_gpu
[Rank 73 on gypsum-gpu144] Local rank: 9, GPUs available: 4
mpi-gpu
hi, ccc_mpi_gpu
[Rank 60 on gypsum-gpu147] Local rank: 7, GPUs available: 4
mpi-gpu
hi, ccc_mpi_gpu
[Rank 107 on gypsum-gpu146] Local rank: 13, GPUs available: 4
mpi-gpu
hi, ccc_mpi_gpu
[Rank 81 on gypsum-gpu144] Local rank: 10, GPUs available: 4
mpi-gpu
hi, ccc_mpi_gpu
[Rank 68 on gypsum-gpu147] Local rank: 8, GPUs available: 4
mpi-gpu
hi, ccc_mpi_gpu
[Rank 115 on gypsum-gpu146] Local rank: 14, GPUs available: 4
mpi-gpu
hi, ccc_mpi_gpu
[Rank 89 on gypsum-gpu144] Local rank: 11, GPUs available: 4
mpi-gpu
hi, ccc_mpi_gpu
[Rank 76 on gypsum-gpu147] Local rank: 9, GPUs available: 4
mpi-gpu
hi, ccc_mpi_gpu
[Rank 123 on gypsum-gpu146] Local rank: 15, GPUs available: 4
mpi-gpu
hi, ccc_mpi_gpu
[Rank 97 on gypsum-gpu144] Local rank: 12, GPUs available: 4
mpi-gpu
hi, ccc_mpi_gpu
[Rank 84 on gypsum-gpu147] Local rank: 10, GPUs available: 4
mpi-gpu
hi, ccc_mpi_gpu
[Rank 131 on gypsum-gpu146] Local rank: 16, GPUs available: 4
mpi-gpu
hi, ccc_mpi_gpu
[Rank 105 on gypsum-gpu144] Local rank: 13, GPUs available: 4
mpi-gpu
hi, ccc_mpi_gpu
[Rank 92 on gypsum-gpu147] Local rank: 11, GPUs available: 4
mpi-gpu
hi, ccc_mpi_gpu
[Rank 139 on gypsum-gpu146] Local rank: 17, GPUs available: 4
mpi-gpu
hi, ccc_mpi_gpu
[Rank 113 on gypsum-gpu144] Local rank: 14, GPUs available: 4
mpi-gpu
hi, ccc_mpi_gpu
[Rank 100 on gypsum-gpu147] Local rank: 12, GPUs available: 4
mpi-gpu
hi, ccc_mpi_gpu
[Rank 147 on gypsum-gpu146] Local rank: 18, GPUs available: 4
mpi-gpu
hi, ccc_mpi_gpu
[Rank 121 on gypsum-gpu144] Local rank: 15, GPUs available: 4
mpi-gpu
hi, ccc_mpi_gpu
[Rank 108 on gypsum-gpu147] Local rank: 13, GPUs available: 4
mpi-gpu
hi, ccc_mpi_gpu
[Rank 155 on gypsum-gpu146] Local rank: 19, GPUs available: 4
mpi-gpu
hi, ccc_mpi_gpu
[Rank 129 on gypsum-gpu144] Local rank: 16, GPUs available: 4
mpi-gpu
hi, ccc_mpi_gpu
[Rank 116 on gypsum-gpu147] Local rank: 14, GPUs available: 4
mpi-gpu
hi, ccc_mpi_gpu
[Rank 163 on gypsum-gpu146] Local rank: 20, GPUs available: 4
mpi-gpu
hi, ccc_mpi_gpu
[Rank 137 on gypsum-gpu144] Local rank: 17, GPUs available: 4
mpi-gpu
hi, ccc_mpi_gpu
[Rank 124 on gypsum-gpu147] Local rank: 15, GPUs available: 4
mpi-gpu
hi, ccc_mpi_gpu
[Rank 171 on gypsum-gpu146] Local rank: 21, GPUs available: 4
mpi-gpu
hi, ccc_mpi_gpu
[Rank 145 on gypsum-gpu144] Local rank: 18, GPUs available: 4
mpi-gpu
hi, ccc_mpi_gpu
[Rank 132 on gypsum-gpu147] Local rank: 16, GPUs available: 4
mpi-gpu
hi, ccc_mpi_gpu
[Rank 179 on gypsum-gpu146] Local rank: 22, GPUs available: 4
mpi-gpu
hi, ccc_mpi_gpu
[Rank 153 on gypsum-gpu144] Local rank: 19, GPUs available: 4
mpi-gpu
hi, ccc_mpi_gpu
[Rank 140 on gypsum-gpu147] Local rank: 17, GPUs available: 4
mpi-gpu
hi, ccc_mpi_gpu
[Rank 187 on gypsum-gpu146] Local rank: 23, GPUs available: 4
mpi-gpu
hi, ccc_mpi_gpu
[Rank 161 on gypsum-gpu144] Local rank: 20, GPUs available: 4
mpi-gpu
hi, ccc_mpi_gpu
[Rank 148 on gypsum-gpu147] Local rank: 18, GPUs available: 4
mpi-gpu
hi, ccc_mpi_gpu
[Rank 169 on gypsum-gpu144] Local rank: 21, GPUs available: 4
mpi-gpu
hi, ccc_mpi_gpu
[Rank 156 on gypsum-gpu147] Local rank: 19, GPUs available: 4
mpi-gpu
hi, ccc_mpi_gpu
[Rank 177 on gypsum-gpu144] Local rank: 22, GPUs available: 4
mpi-gpu
hi, ccc_mpi_gpu
[Rank 164 on gypsum-gpu147] Local rank: 20, GPUs available: 4
mpi-gpu
hi, ccc_mpi_gpu
[Rank 185 on gypsum-gpu144] Local rank: 23, GPUs available: 4
mpi-gpu
hi, ccc_mpi_gpu
[Rank 172 on gypsum-gpu147] Local rank: 21, GPUs available: 4
mpi-gpu
hi, ccc_mpi_gpu
[Rank 180 on gypsum-gpu147] Local rank: 22, GPUs available: 4
mpi-gpu
hi, ccc_mpi_gpu
[Rank 188 on gypsum-gpu147] Local rank: 23, GPUs available: 4
mpi-gpu
hi, ccc_mpi_gpu
[Rank 7 on gypsum-gpu150] Local rank: 0, GPUs available: 4
mpi-gpu
hi, ccc_mpi_gpu
[Rank 15 on gypsum-gpu150] Local rank: 1, GPUs available: 4
mpi-gpu
hi, ccc_mpi_gpu
[Rank 23 on gypsum-gpu150] Local rank: 2, GPUs available: 4
[rank 0] Calling CCC...
mpi-gpu
hi, ccc_mpi_gpu
[Rank 0 on gypsum-gpu143] Local rank: 0, GPUs available: 4
hi, mpi_gpu_compute_coef
[INFO] Running chunk on GPU 0
[rank 0] Time elapsed: 63.2759 seconds
mpi-gpu
hi, ccc_mpi_gpu
[Rank 31 on gypsum-gpu150] Local rank: 3, GPUs available: 4
mpi-gpu
hi, ccc_mpi_gpu
[Rank 8 on gypsum-gpu143] Local rank: 1, GPUs available: 4
mpi-gpu
hi, ccc_mpi_gpu
[Rank 39 on gypsum-gpu150] Local rank: 4, GPUs available: 4
mpi-gpu
hi, ccc_mpi_gpu
[Rank 16 on gypsum-gpu143] Local rank: 2, GPUs available: 4
mpi-gpu
hi, ccc_mpi_gpu
[Rank 47 on gypsum-gpu150] Local rank: 5, GPUs available: 4
mpi-gpu
hi, ccc_mpi_gpu
[Rank 24 on gypsum-gpu143] Local rank: 3, GPUs available: 4
mpi-gpu
hi, ccc_mpi_gpu
[Rank 55 on gypsum-gpu150] Local rank: 6, GPUs available: 4
mpi-gpu
hi, ccc_mpi_gpu
[Rank 32 on gypsum-gpu143] Local rank: 4, GPUs available: 4
mpi-gpu
hi, ccc_mpi_gpu
[Rank 63 on gypsum-gpu150] Local rank: 7, GPUs available: 4
mpi-gpu
hi, ccc_mpi_gpu
[Rank 40 on gypsum-gpu143] Local rank: 5, GPUs available: 4
mpi-gpu
hi, ccc_mpi_gpu
[Rank 71 on gypsum-gpu150] Local rank: 8, GPUs available: 4
mpi-gpu
hi, ccc_mpi_gpu
[Rank 48 on gypsum-gpu143] Local rank: 6, GPUs available: 4
mpi-gpu
hi, ccc_mpi_gpu
[Rank 79 on gypsum-gpu150] Local rank: 9, GPUs available: 4
mpi-gpu
hi, ccc_mpi_gpu
[Rank 56 on gypsum-gpu143] Local rank: 7, GPUs available: 4
mpi-gpu
hi, ccc_mpi_gpu
[Rank 87 on gypsum-gpu150] Local rank: 10, GPUs available: 4
mpi-gpu
hi, ccc_mpi_gpu
[Rank 64 on gypsum-gpu143] Local rank: 8, GPUs available: 4
mpi-gpu
hi, ccc_mpi_gpu
[Rank 95 on gypsum-gpu150] Local rank: 11, GPUs available: 4
mpi-gpu
hi, ccc_mpi_gpu
[Rank 72 on gypsum-gpu143] Local rank: 9, GPUs available: 4
mpi-gpu
hi, ccc_mpi_gpu
[Rank 103 on gypsum-gpu150] Local rank: 12, GPUs available: 4
mpi-gpu
hi, ccc_mpi_gpu
[Rank 80 on gypsum-gpu143] Local rank: 10, GPUs available: 4
mpi-gpu
hi, ccc_mpi_gpu
[Rank 111 on gypsum-gpu150] Local rank: 13, GPUs available: 4
mpi-gpu
hi, ccc_mpi_gpu
[Rank 88 on gypsum-gpu143] Local rank: 11, GPUs available: 4
mpi-gpu
hi, ccc_mpi_gpu
[Rank 119 on gypsum-gpu150] Local rank: 14, GPUs available: 4
mpi-gpu
hi, ccc_mpi_gpu
[Rank 96 on gypsum-gpu143] Local rank: 12, GPUs available: 4
mpi-gpu
hi, ccc_mpi_gpu
[Rank 6 on gypsum-gpu149] Local rank: 0, GPUs available: 4
mpi-gpu
hi, ccc_mpi_gpu
[Rank 127 on gypsum-gpu150] Local rank: 15, GPUs available: 4
mpi-gpu
hi, ccc_mpi_gpu
[Rank 104 on gypsum-gpu143] Local rank: 13, GPUs available: 4
mpi-gpu
hi, ccc_mpi_gpu
[Rank 14 on gypsum-gpu149] Local rank: 1, GPUs available: 4
mpi-gpu
hi, ccc_mpi_gpu
[Rank 135 on gypsum-gpu150] Local rank: 16, GPUs available: 4
mpi-gpu
hi, ccc_mpi_gpu
[Rank 112 on gypsum-gpu143] Local rank: 14, GPUs available: 4
mpi-gpu
hi, ccc_mpi_gpu
[Rank 22 on gypsum-gpu149] Local rank: 2, GPUs available: 4
mpi-gpu
hi, ccc_mpi_gpu
[Rank 143 on gypsum-gpu150] Local rank: 17, GPUs available: 4
mpi-gpu
hi, ccc_mpi_gpu
[Rank 120 on gypsum-gpu143] Local rank: 15, GPUs available: 4
mpi-gpu
hi, ccc_mpi_gpu
[Rank 30 on gypsum-gpu149] Local rank: 3, GPUs available: 4
mpi-gpu
hi, ccc_mpi_gpu
[Rank 151 on gypsum-gpu150] Local rank: 18, GPUs available: 4
mpi-gpu
hi, ccc_mpi_gpu
[Rank 128 on gypsum-gpu143] Local rank: 16, GPUs available: 4
mpi-gpu
hi, ccc_mpi_gpu
[Rank 38 on gypsum-gpu149] Local rank: 4, GPUs available: 4
mpi-gpu
hi, ccc_mpi_gpu
[Rank 159 on gypsum-gpu150] Local rank: 19, GPUs available: 4
mpi-gpu
hi, ccc_mpi_gpu
[Rank 136 on gypsum-gpu143] Local rank: 17, GPUs available: 4
mpi-gpu
hi, ccc_mpi_gpu
[Rank 46 on gypsum-gpu149] Local rank: 5, GPUs available: 4
mpi-gpu
hi, ccc_mpi_gpu
[Rank 167 on gypsum-gpu150] Local rank: 20, GPUs available: 4
mpi-gpu
hi, ccc_mpi_gpu
[Rank 144 on gypsum-gpu143] Local rank: 18, GPUs available: 4
mpi-gpu
hi, ccc_mpi_gpu
[Rank 54 on gypsum-gpu149] Local rank: 6, GPUs available: 4
mpi-gpu
hi, ccc_mpi_gpu
[Rank 175 on gypsum-gpu150] Local rank: 21, GPUs available: 4
mpi-gpu
hi, ccc_mpi_gpu
[Rank 152 on gypsum-gpu143] Local rank: 19, GPUs available: 4
mpi-gpu
hi, ccc_mpi_gpu
[Rank 62 on gypsum-gpu149] Local rank: 7, GPUs available: 4
mpi-gpu
hi, ccc_mpi_gpu
[Rank 183 on gypsum-gpu150] Local rank: 22, GPUs available: 4
mpi-gpu
hi, ccc_mpi_gpu
[Rank 160 on gypsum-gpu143] Local rank: 20, GPUs available: 4
mpi-gpu
hi, ccc_mpi_gpu
[Rank 70 on gypsum-gpu149] Local rank: 8, GPUs available: 4
mpi-gpu
hi, ccc_mpi_gpu
[Rank 191 on gypsum-gpu150] Local rank: 23, GPUs available: 4
mpi-gpu
hi, ccc_mpi_gpu
[Rank 168 on gypsum-gpu143] Local rank: 21, GPUs available: 4
mpi-gpu
hi, ccc_mpi_gpu
[Rank 78 on gypsum-gpu149] Local rank: 9, GPUs available: 4
mpi-gpu
hi, ccc_mpi_gpu
[Rank 176 on gypsum-gpu143] Local rank: 22, GPUs available: 4
mpi-gpu
hi, ccc_mpi_gpu
[Rank 86 on gypsum-gpu149] Local rank: 10, GPUs available: 4
mpi-gpu
hi, ccc_mpi_gpu
[Rank 184 on gypsum-gpu143] Local rank: 23, GPUs available: 4
mpi-gpu
hi, ccc_mpi_gpu
[Rank 94 on gypsum-gpu149] Local rank: 11, GPUs available: 4
mpi-gpu
hi, ccc_mpi_gpu
[Rank 102 on gypsum-gpu149] Local rank: 12, GPUs available: 4
mpi-gpu
hi, ccc_mpi_gpu
[Rank 110 on gypsum-gpu149] Local rank: 13, GPUs available: 4
mpi-gpu
hi, ccc_mpi_gpu
[Rank 118 on gypsum-gpu149] Local rank: 14, GPUs available: 4
mpi-gpu
hi, ccc_mpi_gpu
[Rank 126 on gypsum-gpu149] Local rank: 15, GPUs available: 4
mpi-gpu
hi, ccc_mpi_gpu
[Rank 134 on gypsum-gpu149] Local rank: 16, GPUs available: 4
mpi-gpu
hi, ccc_mpi_gpu
[Rank 142 on gypsum-gpu149] Local rank: 17, GPUs available: 4
mpi-gpu
hi, ccc_mpi_gpu
[Rank 150 on gypsum-gpu149] Local rank: 18, GPUs available: 4
mpi-gpu
hi, ccc_mpi_gpu
[Rank 158 on gypsum-gpu149] Local rank: 19, GPUs available: 4
mpi-gpu
hi, ccc_mpi_gpu
[Rank 166 on gypsum-gpu149] Local rank: 20, GPUs available: 4
mpi-gpu
hi, ccc_mpi_gpu
[Rank 174 on gypsum-gpu149] Local rank: 21, GPUs available: 4
mpi-gpu
hi, ccc_mpi_gpu
[Rank 182 on gypsum-gpu149] Local rank: 22, GPUs available: 4
mpi-gpu
hi, ccc_mpi_gpu
[Rank 190 on gypsum-gpu149] Local rank: 23, GPUs available: 4
8 24 1 10000000 2 1 63.2759
=== NODES=8 RANKS_PER_NODE=8 TOTAL_RANKS=64 THREADS=3 FEATURES=2 SIZE=10000000 RUN_ID=1===
[rank 0] Calling CCC...
mpi-gpu
hi, ccc_mpi_gpu
[Rank 0 on gypsum-gpu143] Local rank: 0, GPUs available: 4
hi, mpi_gpu_compute_coef
[INFO] Running chunk on GPU 0
[rank 0] Time elapsed: 56.9393 seconds
mpi-gpu
hi, ccc_mpi_gpu
[Rank 1 on gypsum-gpu144] Local rank: 0, GPUs available: 4
mpi-gpu
hi, ccc_mpi_gpu
[Rank 2 on gypsum-gpu145] Local rank: 0, GPUs available: 4
mpi-gpu
hi, ccc_mpi_gpu
[Rank 8 on gypsum-gpu143] Local rank: 1, GPUs available: 4
mpi-gpu
hi, ccc_mpi_gpu
[Rank 14 on gypsum-gpu149] Local rank: 1, GPUs available: 4
mpi-gpu
hi, ccc_mpi_gpu
[Rank 3 on gypsum-gpu146] Local rank: 0, GPUs available: 4
mpi-gpu
hi, ccc_mpi_gpu
[Rank 7 on gypsum-gpu150] Local rank: 0, GPUs available: 4
mpi-gpu
hi, ccc_mpi_gpu
[Rank 12 on gypsum-gpu147] Local rank: 1, GPUs available: 4
mpi-gpu
hi, ccc_mpi_gpu
[Rank 5 on gypsum-gpu148] Local rank: 0, GPUs available: 4
mpi-gpu
hi, ccc_mpi_gpu
[Rank 41 on gypsum-gpu144] Local rank: 5, GPUs available: 4
mpi-gpu
hi, ccc_mpi_gpu
[Rank 10 on gypsum-gpu145] Local rank: 1, GPUs available: 4
mpi-gpu
hi, ccc_mpi_gpu
[Rank 24 on gypsum-gpu143] Local rank: 3, GPUs available: 4
mpi-gpu
hi, ccc_mpi_gpu
[Rank 22 on gypsum-gpu149] Local rank: 2, GPUs available: 4
mpi-gpu
hi, ccc_mpi_gpu
[Rank 27 on gypsum-gpu146] Local rank: 3, GPUs available: 4
mpi-gpu
hi, ccc_mpi_gpu
[Rank 15 on gypsum-gpu150] Local rank: 1, GPUs available: 4
mpi-gpu
hi, ccc_mpi_gpu
[Rank 28 on gypsum-gpu147] Local rank: 3, GPUs available: 4
mpi-gpu
hi, ccc_mpi_gpu
[Rank 45 on gypsum-gpu148] Local rank: 5, GPUs available: 4
mpi-gpu
hi, ccc_mpi_gpu
[Rank 49 on gypsum-gpu144] Local rank: 6, GPUs available: 4
mpi-gpu
hi, ccc_mpi_gpu
[Rank 18 on gypsum-gpu145] Local rank: 2, GPUs available: 4
mpi-gpu
hi, ccc_mpi_gpu
[Rank 40 on gypsum-gpu143] Local rank: 5, GPUs available: 4
mpi-gpu
hi, ccc_mpi_gpu
[Rank 38 on gypsum-gpu149] Local rank: 4, GPUs available: 4
mpi-gpu
hi, ccc_mpi_gpu
[Rank 35 on gypsum-gpu146] Local rank: 4, GPUs available: 4
mpi-gpu
hi, ccc_mpi_gpu
[Rank 23 on gypsum-gpu150] Local rank: 2, GPUs available: 4
mpi-gpu
hi, ccc_mpi_gpu
[Rank 36 on gypsum-gpu147] Local rank: 4, GPUs available: 4
mpi-gpu
hi, ccc_mpi_gpu
[Rank 61 on gypsum-gpu148] Local rank: 7, GPUs available: 4
mpi-gpu
hi, ccc_mpi_gpu
[Rank 57 on gypsum-gpu144] Local rank: 7, GPUs available: 4
mpi-gpu
hi, ccc_mpi_gpu
[Rank 26 on gypsum-gpu145] Local rank: 3, GPUs available: 4
mpi-gpu
hi, ccc_mpi_gpu
[Rank 48 on gypsum-gpu143] Local rank: 6, GPUs available: 4
mpi-gpu
hi, ccc_mpi_gpu
[Rank 46 on gypsum-gpu149] Local rank: 5, GPUs available: 4
mpi-gpu
hi, ccc_mpi_gpu
[Rank 59 on gypsum-gpu146] Local rank: 7, GPUs available: 4
mpi-gpu
hi, ccc_mpi_gpu
[Rank 31 on gypsum-gpu150] Local rank: 3, GPUs available: 4
mpi-gpu
hi, ccc_mpi_gpu
[Rank 44 on gypsum-gpu147] Local rank: 5, GPUs available: 4
mpi-gpu
hi, ccc_mpi_gpu
[Rank 13 on gypsum-gpu148] Local rank: 1, GPUs available: 4
mpi-gpu
hi, ccc_mpi_gpu
[Rank 9 on gypsum-gpu144] Local rank: 1, GPUs available: 4
mpi-gpu
hi, ccc_mpi_gpu
[Rank 34 on gypsum-gpu145] Local rank: 4, GPUs available: 4
mpi-gpu
hi, ccc_mpi_gpu
[Rank 16 on gypsum-gpu143] Local rank: 2, GPUs available: 4
mpi-gpu
hi, ccc_mpi_gpu
[Rank 54 on gypsum-gpu149] Local rank: 6, GPUs available: 4
mpi-gpu
hi, ccc_mpi_gpu
[Rank 11 on gypsum-gpu146] Local rank: 1, GPUs available: 4
mpi-gpu
hi, ccc_mpi_gpu
[Rank 47 on gypsum-gpu150] Local rank: 5, GPUs available: 4
mpi-gpu
hi, ccc_mpi_gpu
[Rank 52 on gypsum-gpu147] Local rank: 6, GPUs available: 4
mpi-gpu
hi, ccc_mpi_gpu
[Rank 21 on gypsum-gpu148] Local rank: 2, GPUs available: 4
mpi-gpu
hi, ccc_mpi_gpu
[Rank 17 on gypsum-gpu144] Local rank: 2, GPUs available: 4
mpi-gpu
hi, ccc_mpi_gpu
[Rank 58 on gypsum-gpu145] Local rank: 7, GPUs available: 4
mpi-gpu
hi, ccc_mpi_gpu
[Rank 32 on gypsum-gpu143] Local rank: 4, GPUs available: 4
mpi-gpu
hi, ccc_mpi_gpu
[Rank 62 on gypsum-gpu149] Local rank: 7, GPUs available: 4
mpi-gpu
hi, ccc_mpi_gpu
[Rank 19 on gypsum-gpu146] Local rank: 2, GPUs available: 4
mpi-gpu
hi, ccc_mpi_gpu
[Rank 55 on gypsum-gpu150] Local rank: 6, GPUs available: 4
mpi-gpu
hi, ccc_mpi_gpu
[Rank 4 on gypsum-gpu147] Local rank: 0, GPUs available: 4
mpi-gpu
hi, ccc_mpi_gpu
[Rank 29 on gypsum-gpu148] Local rank: 3, GPUs available: 4
mpi-gpu
hi, ccc_mpi_gpu
[Rank 25 on gypsum-gpu144] Local rank: 3, GPUs available: 4
mpi-gpu
hi, ccc_mpi_gpu
[Rank 42 on gypsum-gpu145] Local rank: 5, GPUs available: 4
mpi-gpu
hi, ccc_mpi_gpu
[Rank 56 on gypsum-gpu143] Local rank: 7, GPUs available: 4
mpi-gpu
hi, ccc_mpi_gpu
[Rank 6 on gypsum-gpu149] Local rank: 0, GPUs available: 4
mpi-gpu
hi, ccc_mpi_gpu
[Rank 43 on gypsum-gpu146] Local rank: 5, GPUs available: 4
mpi-gpu
hi, ccc_mpi_gpu
[Rank 39 on gypsum-gpu150] Local rank: 4, GPUs available: 4
mpi-gpu
hi, ccc_mpi_gpu
[Rank 20 on gypsum-gpu147] Local rank: 2, GPUs available: 4
mpi-gpu
hi, ccc_mpi_gpu
[Rank 53 on gypsum-gpu148] Local rank: 6, GPUs available: 4
mpi-gpu
hi, ccc_mpi_gpu
[Rank 33 on gypsum-gpu144] Local rank: 4, GPUs available: 4
mpi-gpu
hi, ccc_mpi_gpu
[Rank 50 on gypsum-gpu145] Local rank: 6, GPUs available: 4
mpi-gpu
hi, ccc_mpi_gpu
[Rank 30 on gypsum-gpu149] Local rank: 3, GPUs available: 4
mpi-gpu
hi, ccc_mpi_gpu
[Rank 51 on gypsum-gpu146] Local rank: 6, GPUs available: 4
mpi-gpu
hi, ccc_mpi_gpu
[Rank 63 on gypsum-gpu150] Local rank: 7, GPUs available: 4
mpi-gpu
hi, ccc_mpi_gpu
[Rank 60 on gypsum-gpu147] Local rank: 7, GPUs available: 4
mpi-gpu
hi, ccc_mpi_gpu
[Rank 37 on gypsum-gpu148] Local rank: 4, GPUs available: 4
8 8 3 10000000 2 1 56.9393
=== NODES=8 RANKS_PER_NODE=4 TOTAL_RANKS=32 THREADS=6 FEATURES=2 SIZE=10000000 RUN_ID=1===
[rank 0] Calling CCC...
mpi-gpu
hi, ccc_mpi_gpu
[Rank 0 on gypsum-gpu143] Local rank: 0, GPUs available: 4
hi, mpi_gpu_compute_coef
[INFO] Running chunk on GPU 0
[rank 0] Time elapsed: 55.0728 seconds
mpi-gpu
hi, ccc_mpi_gpu
[Rank 8 on gypsum-gpu143] Local rank: 1, GPUs available: 4
mpi-gpu
hi, ccc_mpi_gpu
[Rank 10 on gypsum-gpu145] Local rank: 1, GPUs available: 4
mpi-gpu
hi, ccc_mpi_gpu
[Rank 5 on gypsum-gpu148] Local rank: 0, GPUs available: 4
mpi-gpu
hi, ccc_mpi_gpu
[Rank 4 on gypsum-gpu147] Local rank: 0, GPUs available: 4
mpi-gpu
hi, ccc_mpi_gpu
[Rank 1 on gypsum-gpu144] Local rank: 0, GPUs available: 4
mpi-gpu
hi, ccc_mpi_gpu
[Rank 16 on gypsum-gpu143] Local rank: 2, GPUs available: 4
mpi-gpu
hi, ccc_mpi_gpu
[Rank 18 on gypsum-gpu145] Local rank: 2, GPUs available: 4
mpi-gpu
hi, ccc_mpi_gpu
[Rank 11 on gypsum-gpu146] Local rank: 1, GPUs available: 4
mpi-gpu
hi, ccc_mpi_gpu
[Rank 13 on gypsum-gpu148] Local rank: 1, GPUs available: 4
mpi-gpu
hi, ccc_mpi_gpu
[Rank 12 on gypsum-gpu147] Local rank: 1, GPUs available: 4
mpi-gpu
hi, ccc_mpi_gpu
[Rank 6 on gypsum-gpu149] Local rank: 0, GPUs available: 4
mpi-gpu
hi, ccc_mpi_gpu
[Rank 9 on gypsum-gpu144] Local rank: 1, GPUs available: 4
mpi-gpu
hi, ccc_mpi_gpu
[Rank 24 on gypsum-gpu143] Local rank: 3, GPUs available: 4
mpi-gpu
hi, ccc_mpi_gpu
[Rank 26 on gypsum-gpu145] Local rank: 3, GPUs available: 4
mpi-gpu
hi, ccc_mpi_gpu
[Rank 27 on gypsum-gpu146] Local rank: 3, GPUs available: 4
mpi-gpu
hi, ccc_mpi_gpu
[Rank 7 on gypsum-gpu150] Local rank: 0, GPUs available: 4
mpi-gpu
hi, ccc_mpi_gpu
[Rank 21 on gypsum-gpu148] Local rank: 2, GPUs available: 4
mpi-gpu
hi, ccc_mpi_gpu
[Rank 20 on gypsum-gpu147] Local rank: 2, GPUs available: 4
mpi-gpu
hi, ccc_mpi_gpu
[Rank 14 on gypsum-gpu149] Local rank: 1, GPUs available: 4
mpi-gpu
hi, ccc_mpi_gpu
[Rank 17 on gypsum-gpu144] Local rank: 2, GPUs available: 4
mpi-gpu
hi, ccc_mpi_gpu
[Rank 2 on gypsum-gpu145] Local rank: 0, GPUs available: 4
mpi-gpu
hi, ccc_mpi_gpu
[Rank 3 on gypsum-gpu146] Local rank: 0, GPUs available: 4
mpi-gpu
hi, ccc_mpi_gpu
[Rank 15 on gypsum-gpu150] Local rank: 1, GPUs available: 4
mpi-gpu
hi, ccc_mpi_gpu
[Rank 29 on gypsum-gpu148] Local rank: 3, GPUs available: 4
mpi-gpu
hi, ccc_mpi_gpu
[Rank 28 on gypsum-gpu147] Local rank: 3, GPUs available: 4
mpi-gpu
hi, ccc_mpi_gpu
[Rank 22 on gypsum-gpu149] Local rank: 2, GPUs available: 4
mpi-gpu
hi, ccc_mpi_gpu
[Rank 25 on gypsum-gpu144] Local rank: 3, GPUs available: 4
mpi-gpu
hi, ccc_mpi_gpu
[Rank 19 on gypsum-gpu146] Local rank: 2, GPUs available: 4
mpi-gpu
hi, ccc_mpi_gpu
[Rank 23 on gypsum-gpu150] Local rank: 2, GPUs available: 4
mpi-gpu
hi, ccc_mpi_gpu
[Rank 30 on gypsum-gpu149] Local rank: 3, GPUs available: 4
mpi-gpu
hi, ccc_mpi_gpu
[Rank 31 on gypsum-gpu150] Local rank: 3, GPUs available: 4
8 4 6 10000000 2 1 55.0728
=== NODES=8 RANKS_PER_NODE=12 TOTAL_RANKS=96 THREADS=2 FEATURES=2 SIZE=10000000 RUN_ID=1===
[rank 0] Calling CCC...
mpi-gpu
hi, ccc_mpi_gpu
[Rank 0 on gypsum-gpu143] Local rank: 0, GPUs available: 4
hi, mpi_gpu_compute_coef
[INFO] Running chunk on GPU 0
[rank 0] Time elapsed: 57.4966 seconds
mpi-gpu
hi, ccc_mpi_gpu
[Rank 2 on gypsum-gpu145] Local rank: 0, GPUs available: 4
mpi-gpu
hi, ccc_mpi_gpu
[Rank 5 on gypsum-gpu148] Local rank: 0, GPUs available: 4
mpi-gpu
hi, ccc_mpi_gpu
[Rank 24 on gypsum-gpu143] Local rank: 3, GPUs available: 4
mpi-gpu
hi, ccc_mpi_gpu
[Rank 4 on gypsum-gpu147] Local rank: 0, GPUs available: 4
mpi-gpu
hi, ccc_mpi_gpu
[Rank 6 on gypsum-gpu149] Local rank: 0, GPUs available: 4
mpi-gpu
hi, ccc_mpi_gpu
[Rank 19 on gypsum-gpu146] Local rank: 2, GPUs available: 4
mpi-gpu
hi, ccc_mpi_gpu
[Rank 26 on gypsum-gpu145] Local rank: 3, GPUs available: 4
mpi-gpu
hi, ccc_mpi_gpu
[Rank 23 on gypsum-gpu150] Local rank: 2, GPUs available: 4
mpi-gpu
hi, ccc_mpi_gpu
[Rank 21 on gypsum-gpu148] Local rank: 2, GPUs available: 4
mpi-gpu
hi, ccc_mpi_gpu
[Rank 1 on gypsum-gpu144] Local rank: 0, GPUs available: 4
mpi-gpu
hi, ccc_mpi_gpu
[Rank 32 on gypsum-gpu143] Local rank: 4, GPUs available: 4
mpi-gpu
hi, ccc_mpi_gpu
[Rank 12 on gypsum-gpu147] Local rank: 1, GPUs available: 4
mpi-gpu
hi, ccc_mpi_gpu
[Rank 22 on gypsum-gpu149] Local rank: 2, GPUs available: 4
mpi-gpu
hi, ccc_mpi_gpu
[Rank 27 on gypsum-gpu146] Local rank: 3, GPUs available: 4
mpi-gpu
hi, ccc_mpi_gpu
[Rank 58 on gypsum-gpu145] Local rank: 7, GPUs available: 4
mpi-gpu
hi, ccc_mpi_gpu
[Rank 31 on gypsum-gpu150] Local rank: 3, GPUs available: 4
mpi-gpu
hi, ccc_mpi_gpu
[Rank 29 on gypsum-gpu148] Local rank: 3, GPUs available: 4
mpi-gpu
hi, ccc_mpi_gpu
[Rank 9 on gypsum-gpu144] Local rank: 1, GPUs available: 4
mpi-gpu
hi, ccc_mpi_gpu
[Rank 72 on gypsum-gpu143] Local rank: 9, GPUs available: 4
mpi-gpu
hi, ccc_mpi_gpu
[Rank 20 on gypsum-gpu147] Local rank: 2, GPUs available: 4
mpi-gpu
hi, ccc_mpi_gpu
[Rank 86 on gypsum-gpu149] Local rank: 10, GPUs available: 4
mpi-gpu
hi, ccc_mpi_gpu
[Rank 43 on gypsum-gpu146] Local rank: 5, GPUs available: 4
mpi-gpu
hi, ccc_mpi_gpu
[Rank 66 on gypsum-gpu145] Local rank: 8, GPUs available: 4
mpi-gpu
hi, ccc_mpi_gpu
[Rank 87 on gypsum-gpu150] Local rank: 10, GPUs available: 4
mpi-gpu
hi, ccc_mpi_gpu
[Rank 37 on gypsum-gpu148] Local rank: 4, GPUs available: 4
mpi-gpu
hi, ccc_mpi_gpu
[Rank 25 on gypsum-gpu144] Local rank: 3, GPUs available: 4
mpi-gpu
hi, ccc_mpi_gpu
[Rank 88 on gypsum-gpu143] Local rank: 11, GPUs available: 4
mpi-gpu
hi, ccc_mpi_gpu
[Rank 28 on gypsum-gpu147] Local rank: 3, GPUs available: 4
mpi-gpu
hi, ccc_mpi_gpu
[Rank 30 on gypsum-gpu149] Local rank: 3, GPUs available: 4
mpi-gpu
hi, ccc_mpi_gpu
[Rank 51 on gypsum-gpu146] Local rank: 6, GPUs available: 4
mpi-gpu
hi, ccc_mpi_gpu
[Rank 74 on gypsum-gpu145] Local rank: 9, GPUs available: 4
mpi-gpu
hi, ccc_mpi_gpu
[Rank 7 on gypsum-gpu150] Local rank: 0, GPUs available: 4
mpi-gpu
hi, ccc_mpi_gpu
[Rank 61 on gypsum-gpu148] Local rank: 7, GPUs available: 4
mpi-gpu
hi, ccc_mpi_gpu
[Rank 65 on gypsum-gpu144] Local rank: 8, GPUs available: 4
mpi-gpu
hi, ccc_mpi_gpu
[Rank 8 on gypsum-gpu143] Local rank: 1, GPUs available: 4
mpi-gpu
hi, ccc_mpi_gpu
[Rank 44 on gypsum-gpu147] Local rank: 5, GPUs available: 4
mpi-gpu
hi, ccc_mpi_gpu
[Rank 38 on gypsum-gpu149] Local rank: 4, GPUs available: 4
mpi-gpu
hi, ccc_mpi_gpu
[Rank 67 on gypsum-gpu146] Local rank: 8, GPUs available: 4
mpi-gpu
hi, ccc_mpi_gpu
[Rank 10 on gypsum-gpu145] Local rank: 1, GPUs available: 4
mpi-gpu
hi, ccc_mpi_gpu
[Rank 15 on gypsum-gpu150] Local rank: 1, GPUs available: 4
mpi-gpu
hi, ccc_mpi_gpu
[Rank 73 on gypsum-gpu144] Local rank: 9, GPUs available: 4
mpi-gpu
hi, ccc_mpi_gpu
[Rank 16 on gypsum-gpu143] Local rank: 2, GPUs available: 4
mpi-gpu
hi, ccc_mpi_gpu
[Rank 52 on gypsum-gpu147] Local rank: 6, GPUs available: 4
mpi-gpu
hi, ccc_mpi_gpu
[Rank 46 on gypsum-gpu149] Local rank: 5, GPUs available: 4
mpi-gpu
hi, ccc_mpi_gpu
[Rank 83 on gypsum-gpu146] Local rank: 10, GPUs available: 4
mpi-gpu
hi, ccc_mpi_gpu
[Rank 18 on gypsum-gpu145] Local rank: 2, GPUs available: 4
mpi-gpu
hi, ccc_mpi_gpu
[Rank 39 on gypsum-gpu150] Local rank: 4, GPUs available: 4
mpi-gpu
hi, ccc_mpi_gpu
[Rank 77 on gypsum-gpu148] Local rank: 9, GPUs available: 4
mpi-gpu
hi, ccc_mpi_gpu
[Rank 81 on gypsum-gpu144] Local rank: 10, GPUs available: 4
mpi-gpu
hi, ccc_mpi_gpu
[Rank 40 on gypsum-gpu143] Local rank: 5, GPUs available: 4
mpi-gpu
hi, ccc_mpi_gpu
[Rank 76 on gypsum-gpu147] Local rank: 9, GPUs available: 4
mpi-gpu
hi, ccc_mpi_gpu
[Rank 54 on gypsum-gpu149] Local rank: 6, GPUs available: 4
mpi-gpu
hi, ccc_mpi_gpu
[Rank 91 on gypsum-gpu146] Local rank: 11, GPUs available: 4
mpi-gpu
hi, ccc_mpi_gpu
[Rank 34 on gypsum-gpu145] Local rank: 4, GPUs available: 4
mpi-gpu
hi, ccc_mpi_gpu
[Rank 47 on gypsum-gpu150] Local rank: 5, GPUs available: 4
mpi-gpu
hi, ccc_mpi_gpu
[Rank 85 on gypsum-gpu148] Local rank: 10, GPUs available: 4
mpi-gpu
hi, ccc_mpi_gpu
[Rank 89 on gypsum-gpu144] Local rank: 11, GPUs available: 4
mpi-gpu
hi, ccc_mpi_gpu
[Rank 48 on gypsum-gpu143] Local rank: 6, GPUs available: 4
mpi-gpu
hi, ccc_mpi_gpu
[Rank 36 on gypsum-gpu147] Local rank: 4, GPUs available: 4
mpi-gpu
hi, ccc_mpi_gpu
[Rank 70 on gypsum-gpu149] Local rank: 8, GPUs available: 4
mpi-gpu
hi, ccc_mpi_gpu
[Rank 3 on gypsum-gpu146] Local rank: 0, GPUs available: 4
mpi-gpu
hi, ccc_mpi_gpu
[Rank 42 on gypsum-gpu145] Local rank: 5, GPUs available: 4
mpi-gpu
hi, ccc_mpi_gpu
[Rank 71 on gypsum-gpu150] Local rank: 8, GPUs available: 4
mpi-gpu
hi, ccc_mpi_gpu
[Rank 93 on gypsum-gpu148] Local rank: 11, GPUs available: 4
mpi-gpu
hi, ccc_mpi_gpu
[Rank 17 on gypsum-gpu144] Local rank: 2, GPUs available: 4
mpi-gpu
hi, ccc_mpi_gpu
[Rank 56 on gypsum-gpu143] Local rank: 7, GPUs available: 4
mpi-gpu
hi, ccc_mpi_gpu
[Rank 60 on gypsum-gpu147] Local rank: 7, GPUs available: 4
mpi-gpu
hi, ccc_mpi_gpu
[Rank 78 on gypsum-gpu149] Local rank: 9, GPUs available: 4
mpi-gpu
hi, ccc_mpi_gpu
[Rank 11 on gypsum-gpu146] Local rank: 1, GPUs available: 4
mpi-gpu
hi, ccc_mpi_gpu
[Rank 50 on gypsum-gpu145] Local rank: 6, GPUs available: 4
mpi-gpu
hi, ccc_mpi_gpu
[Rank 95 on gypsum-gpu150] Local rank: 11, GPUs available: 4
mpi-gpu
hi, ccc_mpi_gpu
[Rank 13 on gypsum-gpu148] Local rank: 1, GPUs available: 4
mpi-gpu
hi, ccc_mpi_gpu
[Rank 33 on gypsum-gpu144] Local rank: 4, GPUs available: 4
mpi-gpu
hi, ccc_mpi_gpu
[Rank 64 on gypsum-gpu143] Local rank: 8, GPUs available: 4
mpi-gpu
hi, ccc_mpi_gpu
[Rank 68 on gypsum-gpu147] Local rank: 8, GPUs available: 4
mpi-gpu
hi, ccc_mpi_gpu
[Rank 94 on gypsum-gpu149] Local rank: 11, GPUs available: 4
mpi-gpu
hi, ccc_mpi_gpu
[Rank 35 on gypsum-gpu146] Local rank: 4, GPUs available: 4
mpi-gpu
hi, ccc_mpi_gpu
[Rank 82 on gypsum-gpu145] Local rank: 10, GPUs available: 4
mpi-gpu
hi, ccc_mpi_gpu
[Rank 55 on gypsum-gpu150] Local rank: 6, GPUs available: 4
mpi-gpu
hi, ccc_mpi_gpu
[Rank 45 on gypsum-gpu148] Local rank: 5, GPUs available: 4
mpi-gpu
hi, ccc_mpi_gpu
[Rank 41 on gypsum-gpu144] Local rank: 5, GPUs available: 4
mpi-gpu
hi, ccc_mpi_gpu
[Rank 80 on gypsum-gpu143] Local rank: 10, GPUs available: 4
mpi-gpu
hi, ccc_mpi_gpu
[Rank 84 on gypsum-gpu147] Local rank: 10, GPUs available: 4
mpi-gpu
hi, ccc_mpi_gpu
[Rank 14 on gypsum-gpu149] Local rank: 1, GPUs available: 4
mpi-gpu
hi, ccc_mpi_gpu
[Rank 59 on gypsum-gpu146] Local rank: 7, GPUs available: 4
mpi-gpu
hi, ccc_mpi_gpu
[Rank 90 on gypsum-gpu145] Local rank: 11, GPUs available: 4
mpi-gpu
hi, ccc_mpi_gpu
[Rank 63 on gypsum-gpu150] Local rank: 7, GPUs available: 4
mpi-gpu
hi, ccc_mpi_gpu
[Rank 53 on gypsum-gpu148] Local rank: 6, GPUs available: 4
mpi-gpu
hi, ccc_mpi_gpu
[Rank 49 on gypsum-gpu144] Local rank: 6, GPUs available: 4
mpi-gpu
hi, ccc_mpi_gpu
[Rank 92 on gypsum-gpu147] Local rank: 11, GPUs available: 4
mpi-gpu
hi, ccc_mpi_gpu
[Rank 62 on gypsum-gpu149] Local rank: 7, GPUs available: 4
mpi-gpu
hi, ccc_mpi_gpu
[Rank 75 on gypsum-gpu146] Local rank: 9, GPUs available: 4
mpi-gpu
hi, ccc_mpi_gpu
[Rank 79 on gypsum-gpu150] Local rank: 9, GPUs available: 4
mpi-gpu
hi, ccc_mpi_gpu
[Rank 69 on gypsum-gpu148] Local rank: 8, GPUs available: 4
mpi-gpu
hi, ccc_mpi_gpu
[Rank 57 on gypsum-gpu144] Local rank: 7, GPUs available: 4
8 12 2 10000000 2 1 57.4966
=== NODES=8 RANKS_PER_NODE=24 TOTAL_RANKS=192 THREADS=1 FEATURES=4 SIZE=10000000 RUN_ID=1===
