Running CCC with SIZE=10000, FEATURES=2...
1 4 10000 2 1.3614
Running CCC with SIZE=100000, FEATURES=2...
1 4 100000 2 1.7590
Running CCC with SIZE=1000000, FEATURES=2...
1 4 1000000 2 7.0408
Running CCC with SIZE=10000000, FEATURES=2...
1 4 10000000 2 94.2406
Running CCC with SIZE=10000, FEATURES=4...
1 4 10000 4 2.4268
Running CCC with SIZE=100000, FEATURES=4...
1 4 100000 4 3.2790
Running CCC with SIZE=1000000, FEATURES=4...
1 4 1000000 4 14.0535
Running CCC with SIZE=10000000, FEATURES=4...
1 4 10000000 4 194.0218
Running CCC with SIZE=10000, FEATURES=6...
1 4 10000 6 2.8908
Running CCC with SIZE=100000, FEATURES=6...
1 4 100000 6 4.0106
Running CCC with SIZE=1000000, FEATURES=6...
1 4 1000000 6 18.9459
Running CCC with SIZE=10000000, FEATURES=6...
1 4 10000000 6 294.8337
Running CCC with SIZE=10000, FEATURES=8...
1 4 10000 8 3.6535
Running CCC with SIZE=100000, FEATURES=8...
1 4 100000 8 5.0798
Running CCC with SIZE=1000000, FEATURES=8...
1 4 1000000 8 28.7034
Running CCC with SIZE=10000000, FEATURES=8...
1 4 10000000 8 397.0119
Running CCC with SIZE=10000, FEATURES=10...
1 4 10000 10 4.9792
Running CCC with SIZE=100000, FEATURES=10...
1 4 100000 10 6.4308
Running CCC with SIZE=1000000, FEATURES=10...
1 4 1000000 10 36.5316
Running CCC with SIZE=10000000, FEATURES=10...
1 4 10000000 10 493.9497
Running CCC with SIZE=10000, FEATURES=12...
1 4 10000 12 6.2105
Running CCC with SIZE=100000, FEATURES=12...
1 4 100000 12 8.1803
Running CCC with SIZE=1000000, FEATURES=12...
1 4 1000000 12 44.4492
Running CCC with SIZE=10000000, FEATURES=12...
1 4 10000000 12 605.9166
Running CCC with SIZE=10000, FEATURES=14...
1 4 10000 14 7.8481
Running CCC with SIZE=100000, FEATURES=14...
1 4 100000 14 10.1223
Running CCC with SIZE=1000000, FEATURES=14...
1 4 1000000 14 53.4217
Running CCC with SIZE=10000000, FEATURES=14...
1 4 10000000 14 712.2171
Running CCC with SIZE=10000, FEATURES=16...
1 4 10000 16 9.5170
Running CCC with SIZE=100000, FEATURES=16...
1 4 100000 16 12.3403
Running CCC with SIZE=1000000, FEATURES=16...
1 4 1000000 16 63.0178
Running CCC with SIZE=10000000, FEATURES=16...
1 4 10000000 16 822.4740
Running CCC with SIZE=10000, FEATURES=18...
1 4 10000 18 11.8748
Running CCC with SIZE=100000, FEATURES=18...
1 4 100000 18 14.4947
Running CCC with SIZE=1000000, FEATURES=18...
1 4 1000000 18 71.2867
Running CCC with SIZE=10000000, FEATURES=18...
1 4 10000000 18 941.1710
Running CCC with SIZE=10000, FEATURES=20...
1 4 10000 20 14.0094
Running CCC with SIZE=100000, FEATURES=20...
1 4 100000 20 17.3441
Running CCC with SIZE=1000000, FEATURES=20...
1 4 1000000 20 83.3150
Running CCC with SIZE=10000000, FEATURES=20...
1 4 10000000 20 1048.9273
