Running CCC with SIZE=10000, FEATURES=2...
1 4 10000 2 1.3720
Running CCC with SIZE=100000, FEATURES=2...
1 4 100000 2 1.7579
Running CCC with SIZE=1000000, FEATURES=2...
1 4 1000000 2 7.1491
Running CCC with SIZE=10000000, FEATURES=2...
1 4 10000000 2 93.3353
Running CCC with SIZE=10000, FEATURES=4...
1 4 10000 4 2.5511
Running CCC with SIZE=100000, FEATURES=4...
1 4 100000 4 3.2595
Running CCC with SIZE=1000000, FEATURES=4...
1 4 1000000 4 14.0038
Running CCC with SIZE=10000000, FEATURES=4...
1 4 10000000 4 196.0562
Running CCC with SIZE=10000, FEATURES=6...
1 4 10000 6 2.8775
Running CCC with SIZE=100000, FEATURES=6...
1 4 100000 6 3.8860
Running CCC with SIZE=1000000, FEATURES=6...
1 4 1000000 6 18.7291
Running CCC with SIZE=10000000, FEATURES=6...
1 4 10000000 6 293.1318
Running CCC with SIZE=10000, FEATURES=8...
1 4 10000 8 3.7636
Running CCC with SIZE=100000, FEATURES=8...
1 4 100000 8 5.0027
Running CCC with SIZE=1000000, FEATURES=8...
1 4 1000000 8 28.5626
Running CCC with SIZE=10000000, FEATURES=8...
1 4 10000000 8 397.5866
Running CCC with SIZE=10000, FEATURES=10...
1 4 10000 10 5.1121
Running CCC with SIZE=100000, FEATURES=10...
1 4 100000 10 6.5816
Running CCC with SIZE=1000000, FEATURES=10...
1 4 1000000 10 36.0609
Running CCC with SIZE=10000000, FEATURES=10...
1 4 10000000 10 495.7038
Running CCC with SIZE=10000, FEATURES=12...
1 4 10000 12 6.2665
Running CCC with SIZE=100000, FEATURES=12...
1 4 100000 12 8.0287
Running CCC with SIZE=1000000, FEATURES=12...
1 4 1000000 12 44.3800
Running CCC with SIZE=10000000, FEATURES=12...
1 4 10000000 12 603.2531
Running CCC with SIZE=10000, FEATURES=14...
1 4 10000 14 7.5285
Running CCC with SIZE=100000, FEATURES=14...
1 4 100000 14 10.2848
Running CCC with SIZE=1000000, FEATURES=14...
1 4 1000000 14 53.3635
Running CCC with SIZE=10000000, FEATURES=14...
1 4 10000000 14 704.7146
Running CCC with SIZE=10000, FEATURES=16...
1 4 10000 16 9.3897
Running CCC with SIZE=100000, FEATURES=16...
1 4 100000 16 12.2337
Running CCC with SIZE=1000000, FEATURES=16...
1 4 1000000 16 64.3306
Running CCC with SIZE=10000000, FEATURES=16...
1 4 10000000 16 832.4917
Running CCC with SIZE=10000, FEATURES=18...
1 4 10000 18 11.4767
Running CCC with SIZE=100000, FEATURES=18...
1 4 100000 18 14.8506
Running CCC with SIZE=1000000, FEATURES=18...
1 4 1000000 18 72.1350
Running CCC with SIZE=10000000, FEATURES=18...
1 4 10000000 18 928.9759
Running CCC with SIZE=10000, FEATURES=20...
1 4 10000 20 14.1134
Running CCC with SIZE=100000, FEATURES=20...
1 4 100000 20 17.9872
Running CCC with SIZE=1000000, FEATURES=20...
1 4 1000000 20 82.4783
Running CCC with SIZE=10000000, FEATURES=20...
1 4 10000000 20 1048.5987
