Running CCC with SIZE=10000, FEATURES=2...
1 8 10000 2 1.4310
Running CCC with SIZE=100000, FEATURES=2...
1 8 100000 2 1.9224
Running CCC with SIZE=1000000, FEATURES=2...
1 8 1000000 2 6.6186
Running CCC with SIZE=10000000, FEATURES=2...
1 8 10000000 2 84.7989
Running CCC with SIZE=10000, FEATURES=4...
1 8 10000 4 2.9287
Running CCC with SIZE=100000, FEATURES=4...
1 8 100000 4 3.6957
Running CCC with SIZE=1000000, FEATURES=4...
1 8 1000000 4 14.4724
Running CCC with SIZE=10000000, FEATURES=4...
1 8 10000000 4 202.7699
Running CCC with SIZE=10000, FEATURES=6...
1 8 10000 6 3.9473
Running CCC with SIZE=100000, FEATURES=6...
1 8 100000 6 4.8348
Running CCC with SIZE=1000000, FEATURES=6...
1 8 1000000 6 21.0988
Running CCC with SIZE=10000000, FEATURES=6...
1 8 10000000 6 309.7077
Running CCC with SIZE=10000, FEATURES=8...
1 8 10000 8 4.5695
Running CCC with SIZE=100000, FEATURES=8...
1 8 100000 8 5.7176
Running CCC with SIZE=1000000, FEATURES=8...
1 8 1000000 8 29.5950
Running CCC with SIZE=10000000, FEATURES=8...
1 8 10000000 8 417.4083
Running CCC with SIZE=10000, FEATURES=10...
1 8 10000 10 5.0518
Running CCC with SIZE=100000, FEATURES=10...
1 8 100000 10 6.6195
Running CCC with SIZE=1000000, FEATURES=10...
1 8 1000000 10 34.0799
Running CCC with SIZE=10000000, FEATURES=10...
1 8 10000000 10 517.2353
Running CCC with SIZE=10000, FEATURES=12...
1 8 10000 12 5.8574
Running CCC with SIZE=100000, FEATURES=12...
1 8 100000 12 7.7179
Running CCC with SIZE=1000000, FEATURES=12...
1 8 1000000 12 40.7953
Running CCC with SIZE=10000000, FEATURES=12...
1 8 10000000 12 627.0399
Running CCC with SIZE=10000, FEATURES=14...
1 8 10000 14 6.8490
Running CCC with SIZE=100000, FEATURES=14...
1 8 100000 14 9.1952
Running CCC with SIZE=1000000, FEATURES=14...
1 8 1000000 14 47.6011
Running CCC with SIZE=10000000, FEATURES=14...
1 8 10000000 14 736.2781
Running CCC with SIZE=10000, FEATURES=16...
1 8 10000 16 7.5367
Running CCC with SIZE=100000, FEATURES=16...
1 8 100000 16 10.2559
Running CCC with SIZE=1000000, FEATURES=16...
1 8 1000000 16 61.0774
Running CCC with SIZE=10000000, FEATURES=16...
1 8 10000000 16 853.8906
Running CCC with SIZE=10000, FEATURES=18...
1 8 10000 18 8.9476
Running CCC with SIZE=100000, FEATURES=18...
1 8 100000 18 11.7477
Running CCC with SIZE=1000000, FEATURES=18...
1 8 1000000 18 68.8975
Running CCC with SIZE=10000000, FEATURES=18...
1 8 10000000 18 950.7382
Running CCC with SIZE=10000, FEATURES=20...
1 8 10000 20 10.1601
Running CCC with SIZE=100000, FEATURES=20...
1 8 100000 20 13.0282
Running CCC with SIZE=1000000, FEATURES=20...
1 8 1000000 20 77.9849
Running CCC with SIZE=10000000, FEATURES=20...
1 8 10000000 20 1069.7019
