[Rank 0] Starting CCC with features=16, size=10000000
[rank 0] Calling CCC...
mpi
[rank 0] Time elapsed: 194.29 seconds
result: [2.29161502e-07 3.65705072e-07 3.75092736e-07 3.94439646e-07
 4.68740408e-07 3.11548352e-07 1.76692112e-07 4.33306031e-07
 1.44162687e-07 2.27554542e-07 2.30240628e-07 4.84307398e-07
 2.49213788e-07 2.30586229e-07 4.17780130e-07 5.34850605e-07
 4.25333969e-07 2.42009933e-07 1.49500478e-07 4.22067187e-07
 3.71651424e-07 1.12938161e-07 3.23583852e-07 2.89594144e-07
 1.36486052e-07 1.84478034e-07 2.93904451e-07 2.48461517e-07
 2.03241410e-07 2.31532760e-07 2.23477868e-07 2.90132453e-07
 3.09727132e-07 1.97213268e-07 1.33608302e-07 1.51865820e-07
 3.74501842e-07 2.12581138e-07 1.84113314e-07 7.43897574e-08
 2.46173992e-07 4.84155096e-07 5.15420229e-07 3.67228022e-07
 2.90675380e-07 5.84418839e-07 3.98785931e-07 1.39917443e-07
 3.09481229e-07 4.15457198e-07 1.86051971e-07 1.26479747e-07
 3.45065192e-07 2.57189171e-07 5.38370395e-07 9.87984154e-08
 1.60550947e-08 1.70471198e-07 1.00291903e-07 2.98209487e-07
 1.44430957e-07 1.42292177e-07 4.05114813e-07 1.56172009e-07
 2.51411855e-07 2.30503183e-07 4.33882328e-07 1.31873108e-07
 4.65008080e-07 1.27201830e-07 3.12412677e-07 1.67072540e-07
 2.75874460e-07 1.49227571e-07 2.46090115e-07 1.12546633e-07
 3.70854684e-07 3.69844481e-07 1.23920300e-07 4.69210657e-08
 3.21162352e-07 2.37328654e-07 1.96796376e-07 1.14975484e-07
 1.05949834e-06 2.24111994e-07 2.48001276e-07 3.24570930e-07
 3.03622005e-07 1.08968557e-07 2.00307504e-07 2.24467178e-07
 3.51876257e-07 1.52277224e-07 2.96010151e-07 6.11823283e-07
 1.98163244e-07 1.35571393e-07 3.61985322e-07 4.91945623e-07
 4.83061270e-07 5.91850084e-07 3.15987455e-07 5.84376405e-07
 2.71051369e-07 6.60550527e-07 1.15575233e-07 3.35600024e-07
 1.74359736e-07 1.65319372e-07 5.10898601e-07 1.91909230e-07
 1.07206831e-07 1.43442322e-07 9.65683340e-08 3.49870026e-07
 1.43209916e-07 2.10269297e-07 4.24783677e-07 3.12313792e-07]
[Rank 1] Starting CCC with features=16, size=10000000
mpi
[Rank 2] Starting CCC with features=16, size=10000000
mpi
[Rank 3] Starting CCC with features=16, size=10000000
mpi
[Rank 4] Starting CCC with features=16, size=10000000
mpi
[Rank 5] Starting CCC with features=16, size=10000000
mpi
[Rank 6] Starting CCC with features=16, size=10000000
mpi
[Rank 7] Starting CCC with features=16, size=10000000
mpi
[Rank 8] Starting CCC with features=16, size=10000000
mpi
[Rank 9] Starting CCC with features=16, size=10000000
mpi
[Rank 10] Starting CCC with features=16, size=10000000
mpi
[Rank 11] Starting CCC with features=16, size=10000000
mpi
[Rank 12] Starting CCC with features=16, size=10000000
mpi
[Rank 13] Starting CCC with features=16, size=10000000
mpi
[Rank 14] Starting CCC with features=16, size=10000000
mpi
[Rank 15] Starting CCC with features=16, size=10000000
mpi
[Rank 16] Starting CCC with features=16, size=10000000
mpi
[Rank 17] Starting CCC with features=16, size=10000000
mpi
[Rank 18] Starting CCC with features=16, size=10000000
mpi
[Rank 19] Starting CCC with features=16, size=10000000
mpi
[Rank 20] Starting CCC with features=16, size=10000000
mpi
[Rank 21] Starting CCC with features=16, size=10000000
mpi
[Rank 22] Starting CCC with features=16, size=10000000
mpi
[Rank 23] Starting CCC with features=16, size=10000000
mpi
Time taken: 194.29 seconds
