Running CCC with SIZE=10000, FEATURES=2...
1 2 10000 2 1.3798
Running CCC with SIZE=100000, FEATURES=2...
1 2 100000 2 1.6840
Running CCC with SIZE=1000000, FEATURES=2...
1 2 1000000 2 7.0491
Running CCC with SIZE=10000000, FEATURES=2...
1 2 10000000 2 94.6617
Running CCC with SIZE=10000, FEATURES=4...
1 2 10000 4 1.9647
Running CCC with SIZE=100000, FEATURES=4...
1 2 100000 4 2.6525
Running CCC with SIZE=1000000, FEATURES=4...
1 2 1000000 4 13.8240
Running CCC with SIZE=10000000, FEATURES=4...
1 2 10000000 4 193.4238
Running CCC with SIZE=10000, FEATURES=6...
1 2 10000 6 3.1681
Running CCC with SIZE=100000, FEATURES=6...
1 2 100000 6 4.1544
Running CCC with SIZE=1000000, FEATURES=6...
1 2 1000000 6 21.5092
Running CCC with SIZE=10000000, FEATURES=6...
1 2 10000000 6 292.4801
Running CCC with SIZE=10000, FEATURES=8...
1 2 10000 8 4.7437
Running CCC with SIZE=100000, FEATURES=8...
1 2 100000 8 6.0895
Running CCC with SIZE=1000000, FEATURES=8...
1 2 1000000 8 30.4446
Running CCC with SIZE=10000000, FEATURES=8...
1 2 10000000 8 396.7444
Running CCC with SIZE=10000, FEATURES=10...
1 2 10000 10 6.5946
Running CCC with SIZE=100000, FEATURES=10...
1 2 100000 10 8.5981
Running CCC with SIZE=1000000, FEATURES=10...
1 2 1000000 10 39.3523
Running CCC with SIZE=10000000, FEATURES=10...
1 2 10000000 10 505.2584
Running CCC with SIZE=10000, FEATURES=12...
1 2 10000 12 9.3216
Running CCC with SIZE=100000, FEATURES=12...
1 2 100000 12 11.5034
Running CCC with SIZE=1000000, FEATURES=12...
1 2 1000000 12 50.4819
Running CCC with SIZE=10000000, FEATURES=12...
1 2 10000000 12 622.8462
Running CCC with SIZE=10000, FEATURES=14...
1 2 10000 14 12.1078
Running CCC with SIZE=100000, FEATURES=14...
1 2 100000 14 14.7493
Running CCC with SIZE=1000000, FEATURES=14...
1 2 1000000 14 60.7063
Running CCC with SIZE=10000000, FEATURES=14...
1 2 10000000 14 735.1548
Running CCC with SIZE=10000, FEATURES=16...
1 2 10000 16 15.3197
Running CCC with SIZE=100000, FEATURES=16...
1 2 100000 16 19.0518
Running CCC with SIZE=1000000, FEATURES=16...
1 2 1000000 16 73.5894
Running CCC with SIZE=10000000, FEATURES=16...
1 2 10000000 16 851.2854
Running CCC with SIZE=10000, FEATURES=18...
1 2 10000 18 19.2242
Running CCC with SIZE=100000, FEATURES=18...
1 2 100000 18 22.8259
Running CCC with SIZE=1000000, FEATURES=18...
1 2 1000000 18 85.2469
Running CCC with SIZE=10000000, FEATURES=18...
1 2 10000000 18 971.3120
Running CCC with SIZE=10000, FEATURES=20...
1 2 10000 20 23.4682
Running CCC with SIZE=100000, FEATURES=20...
1 2 100000 20 29.1594
Running CCC with SIZE=1000000, FEATURES=20...
1 2 1000000 20 99.2420
Running CCC with SIZE=10000000, FEATURES=20...
1 2 10000000 20 1100.6357
