Running CCC with SIZE=10000, FEATURES=2...
1 1 10000 2 1.2659
Running CCC with SIZE=100000, FEATURES=2...
1 1 100000 2 1.6138
Running CCC with SIZE=1000000, FEATURES=2...
1 1 1000000 2 7.1363
Running CCC with SIZE=10000000, FEATURES=2...
1 1 10000000 2 94.2285
Running CCC with SIZE=10000, FEATURES=4...
1 1 10000 4 2.5868
Running CCC with SIZE=100000, FEATURES=4...
1 1 100000 4 3.2777
Running CCC with SIZE=1000000, FEATURES=4...
1 1 1000000 4 14.9204
Running CCC with SIZE=10000000, FEATURES=4...
1 1 10000000 4 195.2838
Running CCC with SIZE=10000, FEATURES=6...
1 1 10000 6 4.5891
Running CCC with SIZE=100000, FEATURES=6...
1 1 100000 6 5.8816
Running CCC with SIZE=1000000, FEATURES=6...
1 1 1000000 6 24.4720
Running CCC with SIZE=10000000, FEATURES=6...
1 1 10000000 6 305.0723
Running CCC with SIZE=10000, FEATURES=8...
1 1 10000 8 7.5695
Running CCC with SIZE=100000, FEATURES=8...
1 1 100000 8 9.2742
Running CCC with SIZE=1000000, FEATURES=8...
1 1 1000000 8 35.8309
Running CCC with SIZE=10000000, FEATURES=8...
1 1 10000000 8 422.3676
Running CCC with SIZE=10000, FEATURES=10...
1 1 10000 10 11.5011
Running CCC with SIZE=100000, FEATURES=10...
1 1 100000 10 13.9468
Running CCC with SIZE=1000000, FEATURES=10...
1 1 1000000 10 48.3493
Running CCC with SIZE=10000000, FEATURES=10...
1 1 10000000 10 544.1438
Running CCC with SIZE=10000, FEATURES=12...
1 1 10000 12 16.8956
Running CCC with SIZE=100000, FEATURES=12...
1 1 100000 12 19.1518
Running CCC with SIZE=1000000, FEATURES=12...
1 1 1000000 12 63.4529
Running CCC with SIZE=10000000, FEATURES=12...
1 1 10000000 12 674.7007
Running CCC with SIZE=10000, FEATURES=14...
1 1 10000 14 22.2264
Running CCC with SIZE=100000, FEATURES=14...
1 1 100000 14 25.9018
Running CCC with SIZE=1000000, FEATURES=14...
1 1 1000000 14 79.0427
Running CCC with SIZE=10000000, FEATURES=14...
1 1 10000000 14 822.9204
Running CCC with SIZE=10000, FEATURES=16...
1 1 10000 16 28.8184
Running CCC with SIZE=100000, FEATURES=16...
1 1 100000 16 32.9326
Running CCC with SIZE=1000000, FEATURES=16...
1 1 1000000 16 98.7537
Running CCC with SIZE=10000000, FEATURES=16...
1 1 10000000 16 968.3560
Running CCC with SIZE=10000, FEATURES=18...
1 1 10000 18 37.2242
Running CCC with SIZE=100000, FEATURES=18...
1 1 100000 18 41.1008
Running CCC with SIZE=1000000, FEATURES=18...
1 1 1000000 18 117.6786
Running CCC with SIZE=10000000, FEATURES=18...
1 1 10000000 18 1130.9740
Running CCC with SIZE=10000, FEATURES=20...
1 1 10000 20 45.5798
Running CCC with SIZE=100000, FEATURES=20...
1 1 100000 20 51.9798
Running CCC with SIZE=1000000, FEATURES=20...
1 1 1000000 20 138.6104
Running CCC with SIZE=10000000, FEATURES=20...
1 1 10000000 20 1287.3794
