[INFO] Starting chunk on GPU 0
Testing with 2 features and 10000 samples...
[INFO] Starting chunk on GPU 0
CCC result: 0.00010078677291354544
Time taken: 1.60 s

Testing with 2 features and 100000 samples...
[INFO] Starting chunk on GPU 0
CCC result: 3.26343775079919e-05
Time taken: 1.83 s

Testing with 2 features and 1000000 samples...
[INFO] Starting chunk on GPU 0
CCC result: 3.0977633564247267e-06
Time taken: 6.67 s

Testing with 2 features and 10000000 samples...
[INFO] Starting chunk on GPU 0
CCC result: 3.342756820343771e-07
Time taken: 84.52 s

Testing with 4 features and 10000 samples...
[INFO] Starting chunk on GPU 5
[INFO] Starting chunk on GPU 2
[INFO] Starting chunk on GPU 0
[INFO] Starting chunk on GPU 3
[INFO] Starting chunk on GPU 1
[INFO] Starting chunk on GPU 4
CCC result: [0.00019303 0.00038779 0.00020061 0.00066718 0.00061897 0.00012898]
Time taken: 3.38 s

Testing with 4 features and 100000 samples...
[INFO] Starting chunk on GPU 0
[INFO] Starting chunk on GPU 3
[INFO] Starting chunk on GPU 1
[INFO] Starting chunk on GPU 4
[INFO] Starting chunk on GPU 2
[INFO] Starting chunk on GPU 5
CCC result: [8.46009532e-06 3.09933397e-05 1.34192038e-05 4.57099428e-05
 1.93335911e-05 1.85464432e-05]
Time taken: 3.67 s

Testing with 4 features and 1000000 samples...
[INFO] Starting chunk on GPU 0
[INFO] Starting chunk on GPU 5
[INFO] Starting chunk on GPU 1
[INFO] Starting chunk on GPU 3
[INFO] Starting chunk on GPU 2
[INFO] Starting chunk on GPU 4
CCC result: [3.43864906e-06 1.65209442e-06 4.76167936e-08 2.22700441e-06
 2.11511565e-06 4.29063565e-06]
Time taken: 14.17 s

Testing with 4 features and 10000000 samples...
[INFO] Starting chunk on GPU 1
[INFO] Starting chunk on GPU 2
[INFO] Starting chunk on GPU 3
[INFO] Starting chunk on GPU 0
[INFO] Starting chunk on GPU 4
[INFO] Starting chunk on GPU 5
CCC result: [1.56353038e-07 2.24023300e-07 2.50140833e-07 4.58223989e-07
 2.61151453e-07 3.58244521e-07]
Time taken: 201.81 s

Testing with 6 features and 10000 samples...
[INFO] Starting chunk on GPU 7
[INFO] Starting chunk on GPU 0
[INFO] Starting chunk on GPU 1
[INFO] Starting chunk on GPU 3
[INFO] Starting chunk on GPU 4
[INFO] Starting chunk on GPU 5
[INFO] Starting chunk on GPU 6
[INFO] Starting chunk on GPU 2
CCC result: [3.83923612e-04 5.02177773e-04 2.14386367e-04 3.79943097e-04
 2.08286764e-04 2.85279870e-04 3.27915588e-04 3.92766005e-04
 1.69184868e-04 3.03326291e-04 3.27214271e-04 4.55807022e-04
 9.05839668e-05 2.59218647e-04 3.45520785e-04]
Time taken: 3.82 s

Testing with 6 features and 100000 samples...
[INFO] Starting chunk on GPU 7
[INFO] Starting chunk on GPU 2
[INFO] Starting chunk on GPU 3
[INFO] Starting chunk on GPU 1
[INFO] Starting chunk on GPU 4
[INFO] Starting chunk on GPU 0
[INFO] Starting chunk on GPU 5
[INFO] Starting chunk on GPU 6
CCC result: [2.73183064e-05 3.44590266e-05 2.82133775e-05 1.76851361e-05
 4.53539535e-05 2.56858527e-05 2.55188156e-05 1.61967493e-05
 1.62144621e-05 3.55385216e-05 1.10900321e-05 8.18791846e-06
 1.66234438e-05 2.51212751e-05 3.63515946e-05]
Time taken: 4.57 s

Testing with 6 features and 1000000 samples...
[INFO] Starting chunk on GPU 0
[INFO] Starting chunk on GPU 1
[INFO] Starting chunk on GPU 2
[INFO] Starting chunk on GPU 3
[INFO] Starting chunk on GPU 4
[INFO] Starting chunk on GPU 7
[INFO] Starting chunk on GPU 5
[INFO] Starting chunk on GPU 6
CCC result: [1.24824112e-06 2.25476268e-06 1.96859192e-06 3.08972339e-06
 2.27879667e-06 5.61518862e-06 2.00517902e-06 1.49542328e-06
 2.60663362e-06 2.69060374e-06 3.64965952e-06 4.34383885e-06
 1.50743531e-06 1.51323292e-06 3.29906625e-06]
Time taken: 20.76 s

Testing with 6 features and 10000000 samples...
[INFO] Starting chunk on GPU 1
[INFO] Starting chunk on GPU 3
[INFO] Starting chunk on GPU 0
[INFO] Starting chunk on GPU 4
[INFO] Starting chunk on GPU 6
[INFO] Starting chunk on GPU 7
[INFO] Starting chunk on GPU 2
[INFO] Starting chunk on GPU 5
CCC result: [3.52493477e-07 5.22160169e-07 3.60969962e-07 4.97051264e-07
 2.33483704e-07 4.46568952e-07 3.41639939e-07 3.23590892e-07
 2.08632036e-07 1.89270644e-07 2.27701384e-07 4.66455493e-07
 5.28780284e-07 2.06904286e-07 2.45736406e-07]
Time taken: 308.94 s

Testing with 8 features and 10000 samples...
[INFO] Starting chunk on GPU 1
[INFO] Starting chunk on GPU 2
[INFO] Starting chunk on GPU 0
[INFO] Starting chunk on GPU 7
[INFO] Starting chunk on GPU 5
[INFO] Starting chunk on GPU 4
[INFO] Starting chunk on GPU 3
[INFO] Starting chunk on GPU 6
CCC result: [2.16642222e-04 3.40276520e-04 4.49675929e-04 2.27677293e-04
 2.90757397e-04 3.50260075e-04 1.49019610e-04 2.74695633e-04
 4.86696461e-04 1.85287231e-04 2.13592270e-04 4.10094320e-04
 2.18385727e-04 4.07942529e-04 3.08988586e-04 3.09218218e-05
 3.94970623e-04 2.06640888e-04 2.20071439e-04 2.95067168e-04
 1.57972415e-04 4.43108676e-04 2.43088966e-04 1.70368682e-04
 1.63640370e-04 3.47115564e-04]
Time taken: 4.81 s

Testing with 8 features and 100000 samples...
[INFO] Starting chunk on GPU 0
[INFO] Starting chunk on GPU 1
[INFO] Starting chunk on GPU 4
[INFO] Starting chunk on GPU 2
[INFO] Starting chunk on GPU 7
[INFO] Starting chunk on GPU 5
[INFO] Starting chunk on GPU 3
[INFO] Starting chunk on GPU 6
CCC result: [2.69238616e-05 2.02696888e-05 4.18403184e-05 2.27045449e-06
 3.04371631e-05 2.10344573e-05 1.18031808e-05 2.26369896e-05
 4.36698945e-05 2.16884783e-05 9.45137237e-06 2.24629937e-05
 1.61252607e-05 2.61723235e-05 3.48275724e-05 5.25890664e-05
 2.94450917e-05 1.65718429e-05 4.42367604e-05 3.34139239e-05
 1.33170902e-05 3.64245800e-05 1.15871593e-05 4.11146815e-05
 1.93307348e-05 2.10977420e-05]
Time taken: 5.38 s

Testing with 8 features and 1000000 samples...
[INFO] Starting chunk on GPU 0
[INFO] Starting chunk on GPU 1
[INFO] Starting chunk on GPU 2
[INFO] Starting chunk on GPU 3
[INFO] Starting chunk on GPU 7
[INFO] Starting chunk on GPU 5
[INFO] Starting chunk on GPU 4
[INFO] Starting chunk on GPU 6
CCC result: [2.45905343e-06 8.24719720e-07 3.41666589e-06 3.24083040e-06
 2.18488911e-06 1.84577392e-06 6.11161239e-06 3.84580738e-06
 2.77697729e-06 3.18142962e-06 1.72355953e-06 3.44697250e-06
 3.78573218e-06 3.37646638e-06 6.04083370e-06 2.55325049e-06
 1.91581302e-06 1.81661577e-06 3.16903566e-06 1.09395879e-06
 7.27859184e-07 3.42961434e-06 1.54494487e-06 4.52866774e-06
 3.71314957e-06 2.52612485e-06]
Time taken: 27.66 s

Testing with 8 features and 10000000 samples...
[INFO] Starting chunk on GPU 0
[INFO] Starting chunk on GPU 1
[INFO] Starting chunk on GPU 2
[INFO] Starting chunk on GPU 4
[INFO] Starting chunk on GPU 3
[INFO] Starting chunk on GPU 6
[INFO] Starting chunk on GPU 7
[INFO] Starting chunk on GPU 5
CCC result: [2.42288870e-07 2.29730995e-07 2.82983234e-07 3.34544663e-07
 3.15776169e-07 1.47772388e-07 9.64249594e-08 2.30702406e-07
 1.52653961e-07 3.15070655e-07 2.30141219e-07 2.19219541e-07
 5.18713642e-07 6.53159991e-07 4.47502583e-07 2.75548961e-07
 6.94824380e-07 8.30069644e-08 4.19100678e-07 4.94730439e-07
 2.70340190e-07 5.78139364e-07 6.55566362e-08 3.08061287e-07
 1.97626583e-07 3.46804520e-07]
Time taken: 415.64 s

Testing with 10 features and 10000 samples...
[INFO] Starting chunk on GPU 0
[INFO] Starting chunk on GPU 6
[INFO] Starting chunk on GPU 4
[INFO] Starting chunk on GPU 7
[INFO] Starting chunk on GPU 5
[INFO] Starting chunk on GPU 1
[INFO] Starting chunk on GPU 2
[INFO] Starting chunk on GPU 3
CCC result: [1.29074045e-04 3.33680089e-04 2.47226082e-04 3.77567358e-04
 2.85769713e-04 2.14166303e-04 1.94198889e-04 9.59995999e-05
 3.31874480e-04 9.23187709e-05 4.19871990e-04 2.65937588e-04
 3.49979169e-04 3.34148408e-04 1.53688054e-04 2.80554284e-04
 1.73356113e-04 1.39154575e-04 3.75723090e-04 1.79880848e-04
 3.50075443e-04 3.26369800e-04 2.88243536e-04 8.11971365e-05
 4.22175796e-05 6.20478080e-04 1.66498372e-04 2.33645826e-04
 2.89305522e-04 2.37680078e-04 1.50895270e-04 3.01935733e-04
 2.39096891e-04 2.88312544e-04 3.15563788e-04 4.59414048e-04
 2.76479616e-04 1.41352182e-06 3.00352060e-04 2.11607720e-04
 1.56901659e-04 3.55560894e-04 2.66737842e-04 5.09351001e-04
 3.50936459e-04]
Time taken: 5.01 s

Testing with 10 features and 100000 samples...
[INFO] Starting chunk on GPU 7
[INFO] Starting chunk on GPU 1
[INFO] Starting chunk on GPU 4
[INFO] Starting chunk on GPU 5
[INFO] Starting chunk on GPU 0
[INFO] Starting chunk on GPU 2
[INFO] Starting chunk on GPU 6
[INFO] Starting chunk on GPU 3
CCC result: [2.82090395e-05 2.55887072e-05 1.35463624e-05 3.27055939e-05
 4.41922612e-05 4.04434422e-05 2.97801068e-05 4.38101072e-05
 2.84401844e-05 2.40872746e-05 6.77703235e-06 2.19660616e-05
 1.94113506e-05 3.11856517e-05 5.14871268e-06 3.57450358e-05
 5.25196336e-05 3.09860883e-05 5.46676622e-05 1.10992198e-05
 6.84821697e-05 9.96525471e-06 4.56696051e-05 2.73210467e-05
 1.94364924e-05 6.88549886e-05 2.90664418e-05 2.21024421e-05
 1.85620110e-05 4.96226774e-05 1.75501265e-05 1.30284606e-05
 3.85587735e-06 4.20738943e-05 8.68712035e-06 4.21170686e-05
 2.14594978e-05 4.75833955e-05 3.34973278e-05 1.41330436e-05
 4.02864057e-05 1.09139198e-05 1.15129474e-05 1.64201610e-05
 4.93130959e-05]
Time taken: 6.19 s

Testing with 10 features and 1000000 samples...
[INFO] Starting chunk on GPU 0
[INFO] Starting chunk on GPU 1
[INFO] Starting chunk on GPU 2
[INFO] Starting chunk on GPU 3
[INFO] Starting chunk on GPU 4
[INFO] Starting chunk on GPU 7
[INFO] Starting chunk on GPU 6
[INFO] Starting chunk on GPU 5
CCC result: [9.42159740e-07 2.56953681e-06 1.39601279e-06 1.79558480e-06
 5.97618631e-06 4.79551591e-06 4.32196549e-06 2.54090276e-06
 8.17878264e-07 1.88087682e-06 4.21802696e-06 4.34426642e-06
 2.29241767e-06 1.90172903e-06 4.53831508e-06 2.07154653e-06
 1.19744036e-06 2.47091818e-06 2.10508810e-06 1.25253947e-06
 2.21075525e-06 2.60955980e-06 1.38816116e-06 4.66290399e-06
 2.47686354e-06 2.18353048e-06 8.96005790e-07 1.49919114e-06
 2.76404931e-06 1.90670461e-06 3.15242406e-06 1.34715552e-06
 1.78162150e-06 3.76758636e-06 4.51373941e-06 3.21775745e-06
 2.13512146e-06 6.44975467e-07 1.50366433e-06 4.52617865e-06
 5.37058037e-06 2.02887130e-06 2.35711160e-06 2.36692049e-06
 1.96964294e-06]
Time taken: 33.38 s

Testing with 10 features and 10000000 samples...
[INFO] Starting chunk on GPU 0
[INFO] Starting chunk on GPU 7
[INFO] Starting chunk on GPU 2
[INFO] Starting chunk on GPU 5
[INFO] Starting chunk on GPU 1
[INFO] Starting chunk on GPU 3
[INFO] Starting chunk on GPU 4
[INFO] Starting chunk on GPU 6
CCC result: [2.74853624e-07 3.09098840e-07 2.54171106e-07 6.09376903e-07
 2.01335033e-07 2.12120914e-07 3.03401019e-07 2.02522648e-07
 1.35762949e-07 2.76116938e-07 4.38688927e-07 2.00920880e-07
 9.84763863e-07 2.49304918e-07 2.83001816e-07 1.85668355e-07
 1.70008161e-07 4.01386986e-07 3.45255751e-07 3.54543118e-07
 2.70397739e-07 4.47914448e-07 4.84434444e-07 3.69473612e-07
 2.12700101e-07 5.28690686e-07 5.55224525e-07 9.32324627e-08
 1.92653659e-07 1.98654725e-07 8.42901283e-08 3.59610863e-07
 3.68357963e-07 1.36594374e-07 2.05995083e-07 4.34628963e-07
 5.45323074e-07 2.14312562e-07 5.85671923e-07 3.61749239e-07
 6.95369231e-08 1.41170462e-07 1.68203354e-07 3.89295570e-07
 1.84680877e-07]
Time taken: 517.30 s

Testing with 12 features and 10000 samples...
[INFO] Starting chunk on GPU 7
[INFO] Starting chunk on GPU 5
[INFO] Starting chunk on GPU 0
[INFO] Starting chunk on GPU 4
[INFO] Starting chunk on GPU 3
[INFO] Starting chunk on GPU 6
[INFO] Starting chunk on GPU 1
[INFO] Starting chunk on GPU 2
CCC result: [3.87189380e-04 8.74193330e-05 4.85973548e-04 3.39591013e-04
 1.79677293e-04 2.10987411e-04 1.07360736e-04 1.18186768e-04
 4.64006411e-04 2.19267925e-04 3.73915730e-04 3.43092693e-04
 4.51376737e-04 1.93742730e-04 2.64229344e-04 2.03431036e-04
 4.23389791e-04 3.13615153e-04 1.37499548e-04 3.16140077e-04
 1.99068672e-04 3.64936854e-04 1.60262466e-04 2.07761038e-04
 3.17371305e-04 2.32946555e-04 4.72356320e-04 3.12419991e-04
 4.20869015e-04 2.54392989e-04 4.84789947e-04 3.97466334e-04
 1.60582013e-04 2.48389886e-04 2.67811500e-04 5.59167897e-04
 3.72317507e-04 2.26126987e-04 3.84642073e-04 9.33188307e-05
 3.05441873e-04 9.34304248e-05 2.64176831e-04 1.98654800e-04
 4.63457779e-04 5.80236055e-04 6.28812591e-04 3.94856479e-04
 7.34391262e-04 1.60088759e-04 1.52257156e-04 1.24202303e-04
 1.83820303e-04 4.28052494e-04 3.08005182e-04 2.46915046e-04
 1.07740799e-04 2.14879470e-04 2.95724988e-04 3.53608195e-04
 1.38134245e-04 1.33125864e-04 2.34904285e-04 9.80092413e-05
 3.13460393e-04 1.59737928e-04]
Time taken: 5.87 s

Testing with 12 features and 100000 samples...
[INFO] Starting chunk on GPU 7
[INFO] Starting chunk on GPU 1
[INFO] Starting chunk on GPU 2
[INFO] Starting chunk on GPU 3
[INFO] Starting chunk on GPU 0
[INFO] Starting chunk on GPU 6
[INFO] Starting chunk on GPU 4
[INFO] Starting chunk on GPU 5
CCC result: [4.81709972e-05 2.46587883e-05 2.60925595e-05 1.94275828e-05
 2.01683321e-05 1.74969712e-05 1.38911186e-05 5.17660471e-05
 3.05540033e-05 3.39014992e-05 1.30361293e-05 2.91735736e-05
 3.32475179e-05 6.21917626e-05 4.37013481e-05 1.22784228e-05
 1.71567495e-05 2.81619765e-05 1.43924214e-05 2.24471975e-05
 3.25340760e-05 3.02609118e-05 7.14502860e-05 2.99640993e-05
 3.09185456e-05 3.44533689e-05 2.60004534e-05 2.06445406e-05
 3.70876101e-05 2.22406590e-05 1.08383572e-05 4.46866972e-05
 2.75181857e-05 1.52866881e-05 3.17608260e-05 2.03141913e-05
 3.12787192e-05 6.27184759e-05 3.52729455e-05 3.57563117e-05
 2.02464209e-05 2.86821605e-05 3.65371916e-05 3.81838235e-05
 2.84871697e-05 8.14727836e-06 2.21333745e-05 4.05762744e-05
 2.93202898e-05 4.06982709e-05 3.83368626e-05 6.34362450e-06
 2.54885751e-05 3.17760775e-05 3.44114770e-05 3.93231955e-05
 6.29358602e-05 2.20344164e-05 2.12545801e-05 4.58318889e-05
 3.55151605e-05 1.71315462e-05 1.20540587e-05 1.71398523e-05
 3.90335227e-05 0.00000000e+00]
Time taken: 7.36 s

Testing with 12 features and 1000000 samples...
[INFO] Starting chunk on GPU 1
[INFO] Starting chunk on GPU 7
[INFO] Starting chunk on GPU 2
[INFO] Starting chunk on GPU 4
[INFO] Starting chunk on GPU 6
[INFO] Starting chunk on GPU 5
[INFO] Starting chunk on GPU 3
[INFO] Starting chunk on GPU 0
CCC result: [3.03338569e-06 1.62022237e-06 3.58672623e-06 3.04106063e-06
 1.61160422e-06 2.68426155e-06 9.34059481e-07 4.41735419e-06
 4.64208154e-06 4.76301961e-06 1.19938157e-06 2.64633220e-06
 4.22497181e-06 2.83181325e-06 2.52031378e-06 4.37492962e-06
 4.08155662e-06 2.97808890e-06 3.06861473e-06 3.62106044e-06
 2.74361373e-06 9.73177536e-07 3.24237455e-06 4.87920384e-06
 3.38059376e-06 3.37136689e-06 3.61390661e-06 4.12152325e-06
 4.98440598e-06 5.65821395e-07 2.55364348e-06 2.04631007e-06
 2.15604723e-06 1.28547614e-06 2.02082411e-06 2.25667401e-06
 3.29840560e-06 1.36932552e-06 1.21346695e-05 4.14995381e-06
 4.41392941e-06 3.72425214e-06 1.89417760e-06 2.93625794e-06
 3.46682496e-06 5.93939979e-06 4.01560107e-06 1.51903820e-06
 2.06888842e-06 3.43473096e-06 3.23221418e-06 2.26965010e-06
 1.33632063e-06 1.80101147e-06 2.26774464e-06 2.52489587e-06
 3.02489924e-06 7.57288265e-06 2.23243397e-06 1.53369867e-06
 2.91292497e-06 1.68403487e-06 5.20299169e-06 2.08529055e-06
 2.78504286e-06 1.46046308e-06]
Time taken: 40.44 s

Testing with 12 features and 10000000 samples...
[INFO] Starting chunk on GPU 0
[INFO] Starting chunk on GPU 2
[INFO] Starting chunk on GPU 7
[INFO] Starting chunk on GPU 5
[INFO] Starting chunk on GPU 3
[INFO] Starting chunk on GPU 1
[INFO] Starting chunk on GPU 4
[INFO] Starting chunk on GPU 6
CCC result: [2.75035690e-07 7.57551961e-08 1.22667026e-07 5.45143443e-07
 3.02024335e-07 1.85819239e-07 2.03483362e-07 2.82419180e-07
 1.49102425e-07 1.81456354e-07 2.75770662e-07 2.10000914e-07
 1.68041441e-07 1.92912827e-07 2.33943540e-07 1.54779491e-07
 4.82379614e-07 3.82166860e-07 5.55231601e-07 3.93300031e-07
 7.57364761e-08 2.66006964e-07 1.85967383e-07 3.99837787e-07
 1.78870969e-07 3.88434665e-07 3.21782589e-07 2.52972343e-07
 5.93884735e-07 4.16673472e-07 3.19698004e-07 1.09976920e-07
 2.70073943e-07 3.86442776e-07 1.75110227e-07 1.78784008e-07
 3.07142311e-07 2.66296238e-07 1.66392678e-07 1.38172141e-07
 1.86078007e-07 6.70093935e-07 4.83057371e-07 2.56793435e-07
 3.15789290e-07 2.17290371e-07 3.27810085e-07 1.08811212e-07
 3.43793018e-07 1.87706922e-07 1.09438596e-07 3.33440312e-07
 2.72073319e-07 1.49924862e-07 4.38989011e-07 4.02828098e-07
 2.26102899e-07 2.45490515e-07 1.24941924e-07 1.63577274e-07
 3.08921622e-07 3.49842516e-07 4.24281270e-07 2.47243822e-07
 1.85068822e-07 5.76855112e-07]
Time taken: 621.23 s

Testing with 14 features and 10000 samples...
[INFO] Starting chunk on GPU 6
[INFO] Starting chunk on GPU 5
[INFO] Starting chunk on GPU 7
[INFO] Starting chunk on GPU 2
[INFO] Starting chunk on GPU 0
[INFO] Starting chunk on GPU 1
[INFO] Starting chunk on GPU 3
[INFO] Starting chunk on GPU 4
CCC result: [4.95349261e-04 9.18255780e-05 1.76304847e-04 2.26222358e-04
 4.49867789e-04 3.45649135e-04 4.40734441e-04 1.70812219e-04
 2.12632110e-04 4.08334297e-04 3.44213231e-04 3.23623348e-04
 7.34606005e-05 3.99626622e-04 4.17810855e-04 3.06852944e-04
 1.62642444e-04 3.13818642e-04 2.96545750e-04 1.42302697e-04
 1.30925412e-04 5.32639053e-04 1.89341142e-04 1.25976862e-04
 2.65704937e-04 1.91316913e-04 1.54937062e-04 2.17875213e-04
 4.09627956e-04 3.08048689e-04 3.77943731e-04 1.10271289e-04
 1.30605356e-04 3.57973919e-04 1.49070703e-04 3.37577203e-04
 1.41493282e-04 2.03890364e-04 3.35242348e-04 3.56580882e-04
 1.52489449e-04 2.15811139e-04 1.89588269e-04 3.70902633e-04
 2.81750052e-04 7.38175689e-05 1.74376340e-04 2.79784491e-04
 1.73444693e-04 1.40115048e-04 3.31974645e-04 3.51404456e-04
 2.74237226e-04 2.53029462e-04 1.23043687e-04 4.16546596e-04
 2.05048929e-04 2.34467584e-04 2.32204950e-04 3.15419203e-04
 2.92229345e-04 1.54635326e-04 4.03088499e-04 3.13550285e-04
 2.74361290e-04 5.32491155e-04 3.15451585e-04 3.34786620e-04
 2.24012402e-04 2.50006671e-04 2.92840240e-04 3.05296994e-04
 3.80987406e-04 2.52519225e-04 6.71245677e-04 4.70805816e-04
 1.20936794e-04 3.01069870e-04 6.81584220e-04 3.34763622e-04
 1.12053622e-04 4.82529821e-04 3.98812297e-04 1.34869099e-04
 3.33523209e-04 4.96048529e-04 8.45036717e-05 2.25227395e-04
 3.87684737e-04 3.35684996e-04 8.83807502e-05]
Time taken: 6.81 s

Testing with 14 features and 100000 samples...
[INFO] Starting chunk on GPU 0
[INFO] Starting chunk on GPU 1
[INFO] Starting chunk on GPU 4
[INFO] Starting chunk on GPU 7
[INFO] Starting chunk on GPU 2
[INFO] Starting chunk on GPU 3
[INFO] Starting chunk on GPU 6
[INFO] Starting chunk on GPU 5
CCC result: [3.80061203e-05 3.66673819e-05 7.46406464e-05 4.31035081e-05
 2.05097042e-05 3.86892347e-05 2.65303902e-05 2.87431406e-05
 4.31013458e-05 3.67487220e-05 3.68581058e-05 1.69362581e-05
 2.28697276e-05 1.62161150e-05 2.33561243e-05 1.65472551e-05
 3.22958918e-05 2.99793769e-05 7.06985105e-05 7.24875185e-06
 1.09312140e-05 1.18624298e-05 2.45869617e-05 3.75403112e-05
 1.84163535e-05 1.98517956e-05 4.54989514e-05 3.95851876e-06
 1.92331796e-05 2.02988060e-05 1.06640966e-04 4.44443857e-05
 2.85794288e-05 1.83363058e-05 3.27599932e-05 1.85057361e-05
 4.17683743e-05 1.09477491e-05 3.63047892e-05 4.20719568e-05
 5.78980790e-05 4.53197430e-05 2.31041966e-05 3.40475746e-05
 3.73492376e-05 3.31799356e-05 6.50684018e-06 2.59482791e-05
 1.66261308e-05 3.00924675e-05 4.05295542e-05 4.86078866e-05
 2.32552831e-05 1.77135962e-05 2.36731491e-05 2.13425500e-05
 5.07313107e-05 2.52170037e-05 2.54272724e-05 2.46690744e-05
 1.00671307e-04 2.32853512e-05 1.19560342e-05 1.76159046e-05
 1.26544425e-05 4.26185687e-05 2.74002093e-05 2.80544342e-05
 1.31583177e-05 2.46182602e-05 2.31376418e-05 2.88448523e-05
 4.71399237e-05 5.00557159e-05 1.72751104e-05 4.70315077e-05
 5.65860659e-05 2.91849633e-05 3.23345700e-05 1.22893576e-05
 4.43994440e-06 3.93345867e-05 3.08613687e-05 3.27121585e-05
 1.31715798e-05 1.31265625e-05 2.57047067e-05 4.43050467e-05
 1.97491013e-05 2.15559562e-05 2.09329749e-05]
Time taken: 8.52 s

Testing with 14 features and 1000000 samples...
[INFO] Starting chunk on GPU 0
[INFO] Starting chunk on GPU 2
[INFO] Starting chunk on GPU 1
[INFO] Starting chunk on GPU 7
[INFO] Starting chunk on GPU 3
[INFO] Starting chunk on GPU 4
[INFO] Starting chunk on GPU 5
[INFO] Starting chunk on GPU 6
CCC result: [3.99969900e-06 1.87172931e-06 1.09178996e-06 3.36427578e-06
 7.33310880e-07 3.26661573e-06 3.65281414e-06 2.18240831e-06
 2.55862022e-06 1.65030713e-06 9.46738976e-07 3.03281126e-06
 5.13373635e-06 2.20558128e-06 3.72160075e-06 9.43759452e-07
 4.95316784e-06 1.32553657e-06 5.43271126e-06 2.18195171e-06
 0.00000000e+00 4.95017111e-06 1.61219284e-06 2.54945755e-06
 4.54791852e-06 2.20202204e-06 1.28193642e-06 3.06957659e-06
 5.27468932e-06 1.52651741e-06 3.09657810e-06 1.42313977e-06
 2.65574566e-06 1.79391790e-06 1.00040400e-06 8.17386282e-06
 2.51106224e-06 5.67068095e-06 2.67476682e-06 1.28260306e-06
 2.46239647e-07 1.03122695e-06 1.85677788e-06 3.56301460e-06
 3.55109905e-06 2.92726923e-06 1.90606892e-06 2.91638102e-06
 1.67685276e-06 1.51259913e-06 1.84537062e-06 2.28307135e-06
 2.59481759e-06 1.77486524e-06 1.46904517e-06 1.99959900e-06
 2.29356611e-06 1.73517237e-06 4.23662520e-07 4.03553904e-06
 3.09232087e-06 2.00209746e-06 1.72303664e-06 4.17870877e-06
 2.21808844e-06 2.08242222e-06 2.50236801e-06 3.23246246e-06
 4.27929904e-06 2.76032403e-06 3.61853668e-06 3.73189036e-06
 1.85700800e-06 1.44523267e-06 2.65123300e-06 2.91944288e-06
 1.55304942e-06 4.79950098e-06 2.15245078e-06 1.81542547e-06
 5.80166880e-06 5.00164401e-06 1.33499111e-06 1.80940849e-06
 3.29364172e-06 2.91741084e-06 2.72028020e-06 3.48576050e-06
 3.26196470e-06 3.33115573e-06 4.56653990e-06]
Time taken: 47.83 s

Testing with 14 features and 10000000 samples...
[INFO] Starting chunk on GPU 1
[INFO] Starting chunk on GPU 2
[INFO] Starting chunk on GPU 4
[INFO] Starting chunk on GPU 5
[INFO] Starting chunk on GPU 6
[INFO] Starting chunk on GPU 3
[INFO] Starting chunk on GPU 7
[INFO] Starting chunk on GPU 0
CCC result: [3.49712854e-07 3.93927869e-07 4.81674955e-07 2.40860389e-07
 1.04083451e-07 2.66844856e-07 3.20360704e-07 1.51596807e-07
 1.69732813e-07 1.81064341e-07 2.96622203e-07 3.33390983e-07
 3.47933299e-07 2.79959741e-08 5.33895775e-07 4.92619119e-08
 3.77449476e-07 2.94111268e-07 3.36590640e-07 1.48028941e-07
 1.54540997e-07 1.51209582e-07 1.37604576e-07 1.06755521e-07
 3.93816835e-07 5.00264708e-07 2.41431020e-07 2.14827385e-07
 3.03451605e-07 1.48354541e-07 1.89050397e-07 4.70578992e-07
 3.45742951e-07 1.62178903e-07 1.97987777e-07 7.61103852e-08
 1.01957450e-07 4.62438164e-07 2.11105887e-07 1.49223412e-07
 4.05843510e-07 4.12567250e-07 3.06992831e-07 1.61109859e-07
 2.51235389e-07 7.39780102e-08 3.09071008e-07 3.43332395e-07
 2.98235689e-07 6.73099743e-08 4.19618589e-07 2.79055941e-07
 1.72908809e-07 3.85874397e-07 2.56647856e-07 3.29647585e-07
 2.43318040e-07 4.35417417e-07 2.03020179e-07 3.04111711e-07
 5.38902088e-07 1.17413071e-07 2.04547921e-07 4.00874649e-07
 1.47280168e-07 1.16550365e-07 2.33744137e-07 5.40556608e-07
 2.16341672e-07 2.82641124e-07 1.46261343e-07 2.67043250e-07
 5.76918952e-07 1.39036446e-08 1.22282317e-07 6.51114700e-07
 2.30885175e-07 4.30221568e-07 2.28586231e-07 1.55221667e-07
 3.22839677e-07 3.57614572e-07 6.91537195e-08 2.26542262e-07
 4.84369523e-08 2.95507373e-07 2.14237711e-07 3.77100615e-07
 2.71927084e-07 4.00619273e-07 5.17356265e-07]
Time taken: 728.37 s

Testing with 16 features and 10000 samples...
[INFO] Starting chunk on GPU 0
[INFO] Starting chunk on GPU 6
[INFO] Starting chunk on GPU 7
[INFO] Starting chunk on GPU 1
[INFO] Starting chunk on GPU 4
[INFO] Starting chunk on GPU 3
[INFO] Starting chunk on GPU 2
[INFO] Starting chunk on GPU 5
CCC result: [9.77444732e-05 2.98094293e-04 1.91898384e-04 1.45213047e-04
 7.76227630e-04 3.52887701e-04 1.48289493e-04 3.52820381e-04
 1.93839181e-04 4.23411306e-05 5.86585983e-04 1.52770482e-04
 2.36106416e-04 4.10302175e-04 1.92600691e-04 3.36389105e-04
 4.15774793e-05 6.15507732e-05 1.95332648e-04 1.49146035e-04
 2.01245734e-04 2.12850788e-04 4.85287075e-04 8.71292254e-05
 3.16181620e-04 1.31231716e-04 1.17293538e-04 2.33085941e-04
 2.05840782e-04 3.88770345e-04 1.97092969e-04 2.75626026e-04
 2.03600724e-04 1.64264161e-04 3.52404175e-04 3.01538470e-04
 1.56535747e-04 3.09054904e-04 1.20498802e-04 3.09953596e-04
 2.04884802e-04 3.45862884e-04 1.57745479e-04 2.24674347e-04
 1.38636786e-04 2.74026107e-04 2.24012402e-04 2.26329031e-04
 3.41096448e-04 2.81705391e-04 2.86487182e-04 6.42485634e-05
 5.80963788e-05 2.22637327e-04 8.71395721e-04 6.69047454e-05
 5.88464764e-05 2.05110856e-04 2.09806123e-04 1.93723322e-04
 1.89356814e-04 2.40761732e-04 2.85185195e-04 2.68656867e-04
 2.88880006e-04 2.24789953e-04 3.07614353e-04 1.05984887e-04
 1.27211878e-04 9.59995999e-05 1.28516895e-04 1.23590473e-04
 5.52447000e-04 3.98098702e-04 1.75602129e-04 2.65382953e-04
 2.35606801e-04 5.87731705e-04 1.29490162e-04 2.09770978e-04
 1.36913725e-04 3.18883033e-04 1.77678101e-04 2.95117076e-04
 3.54830972e-04 1.07932792e-04 4.25470068e-04 2.77021129e-04
 3.82984645e-04 3.56911662e-04 1.59621452e-04 2.57037564e-04
 2.78118218e-04 6.63901862e-04 1.79634231e-04 2.59419756e-04
 2.45364820e-04 2.53995661e-04 3.80059220e-04 1.32647792e-04
 4.16781945e-04 4.31595284e-04 2.72919009e-04 3.73808172e-04
 2.34553827e-04 2.23453833e-04 1.62169326e-04 2.25419836e-04
 3.73703165e-04 1.45395068e-04 1.67838839e-04 4.56676910e-04
 3.87767940e-04 2.67430328e-04 3.27794173e-04 2.34837192e-04
 2.49267177e-04 4.56854279e-04 2.80482934e-05 4.01968320e-04]
Time taken: 7.47 s

Testing with 16 features and 100000 samples...
[INFO] Starting chunk on GPU 2
[INFO] Starting chunk on GPU 0
[INFO] Starting chunk on GPU 6
[INFO] Starting chunk on GPU 5
[INFO] Starting chunk on GPU 3
[INFO] Starting chunk on GPU 7
[INFO] Starting chunk on GPU 1
[INFO] Starting chunk on GPU 4
CCC result: [3.30889454e-05 1.85226845e-05 3.26497329e-05 1.39224202e-05
 4.30083206e-05 3.92558378e-05 3.61246486e-05 1.68897102e-05
 3.44745353e-05 1.07513094e-05 2.14052375e-05 3.18146226e-05
 1.60796918e-05 4.49380148e-05 2.49142868e-05 3.37241830e-05
 1.44774080e-05 1.44934678e-05 7.46694251e-05 2.12735255e-05
 3.08395716e-05 2.80154137e-05 2.88678621e-05 3.54531818e-05
 2.28730253e-05 1.22342619e-05 5.85283294e-05 3.61705177e-05
 2.21710158e-05 2.70118360e-05 2.27982116e-05 1.28032420e-05
 7.10117294e-06 3.82018034e-05 2.37378061e-05 2.09791888e-05
 4.27360949e-05 9.94282591e-05 1.85273215e-05 2.08378668e-05
 3.84482509e-05 3.29805462e-05 4.17416697e-05 3.28864990e-05
 2.99688387e-05 6.98439507e-06 2.11841974e-05 4.84302828e-05
 2.50540108e-05 4.90199739e-05 2.22356368e-05 1.51814197e-05
 2.28499712e-05 1.65899402e-05 1.34399125e-05 2.27322570e-05
 1.40592731e-05 3.88157696e-05 2.77236244e-05 4.06947070e-05
 4.40423100e-05 1.40825897e-05 2.47330210e-05 4.33934610e-05
 3.30338303e-05 3.35002343e-05 2.03864896e-05 3.35602356e-05
 3.63908223e-05 2.62618216e-05 3.53991620e-05 2.54090905e-05
 3.42371636e-05 5.26630826e-05 5.98834858e-05 2.71744366e-05
 4.29568122e-05 3.23554731e-05 4.15440441e-05 3.19329125e-05
 1.32054792e-05 2.75747418e-05 7.48529965e-06 2.48573972e-05
 1.76246161e-05 2.71967659e-05 4.05439516e-05 3.86292433e-05
 2.32591664e-05 3.45939368e-05 3.18575228e-05 5.07959399e-06
 4.00200548e-05 1.89135855e-05 4.79205733e-05 2.03213649e-05
 9.93119890e-06 6.57834012e-06 2.17409761e-05 3.38939932e-05
 2.93325300e-05 3.89108260e-05 3.82461807e-05 2.81408163e-05
 2.89569791e-05 3.90266083e-05 3.47690403e-05 1.25305215e-05
 3.35215602e-05 2.33003660e-05 5.31414471e-05 2.64142051e-06
 7.01135403e-06 1.14400004e-05 1.41384423e-05 1.53185133e-05
 2.03708167e-05 4.89392691e-05 1.28526141e-05 3.17197104e-05]
Time taken: 9.81 s

Testing with 16 features and 1000000 samples...
[INFO] Starting chunk on GPU 1
[INFO] Starting chunk on GPU 0
[INFO] Starting chunk on GPU 2
[INFO] Starting chunk on GPU 4
[INFO] Starting chunk on GPU 5
[INFO] Starting chunk on GPU 3
[INFO] Starting chunk on GPU 7
[INFO] Starting chunk on GPU 6
CCC result: [3.28015534e-06 6.27365863e-06 4.33054623e-06 3.84211661e-06
 2.53870242e-06 1.87646384e-06 2.93824497e-06 1.87056209e-06
 1.69023187e-06 3.21210142e-06 2.10903550e-06 4.30282657e-06
 1.46216297e-06 2.69873476e-06 3.45064730e-06 2.74502797e-06
 1.96728883e-06 4.62071558e-06 2.78216710e-06 2.27037470e-06
 1.28496051e-06 1.68311944e-06 2.93625794e-06 2.48472816e-06
 2.57650515e-06 8.83910652e-07 3.62569264e-06 2.18825716e-06
 3.09563760e-06 1.92617122e-06 3.38987167e-06 2.39294644e-06
 1.71590472e-06 2.71021147e-06 2.93397296e-06 2.70492061e-06
 1.22901935e-06 2.48905440e-06 1.23816194e-06 3.50389311e-06
 3.58999473e-06 7.36387865e-07 4.26930703e-06 1.69320860e-06
 8.49985050e-07 1.54847784e-06 3.94876720e-06 3.51734803e-06
 2.49966289e-06 7.36377924e-07 3.07206414e-06 4.49962343e-06
 2.42865815e-06 2.27045003e-06 3.80121710e-06 1.99517097e-06
 3.00261710e-06 5.61518862e-06 3.09744032e-06 4.05986753e-06
 2.86028066e-06 3.85532408e-06 3.39546220e-06 3.90381854e-06
 2.46241551e-06 1.56024101e-06 2.25848952e-06 4.59707740e-06
 4.96378502e-06 3.93085179e-06 1.85912137e-06 2.81977767e-06
 3.62573634e-06 1.15886845e-06 5.19816301e-06 2.53228486e-06
 2.83079465e-06 8.60112960e-06 1.94917500e-06 8.25775964e-07
 2.51693676e-06 5.71846872e-06 4.27478737e-06 1.85634920e-06
 4.47395195e-06 2.61147780e-06 3.15990455e-06 4.03838886e-06
 2.29761732e-06 2.36447594e-06 1.22798960e-06 4.18407813e-06
 1.79600666e-06 5.34589754e-06 1.22890944e-06 3.38732837e-06
 1.65504105e-06 2.18045530e-06 2.10963714e-06 2.05629849e-06
 3.11749297e-06 4.35072153e-06 1.42186901e-06 2.45323418e-06
 7.70451769e-06 7.48188731e-06 1.01096002e-06 2.97760480e-06
 3.82456424e-06 2.56209850e-06 2.66405050e-06 3.07462487e-06
 1.48457164e-06 2.56337835e-06 5.01580140e-06 3.51681738e-06
 4.77921978e-06 3.31608023e-06 3.06451530e-06 4.23160490e-06]
Time taken: 55.47 s

Testing with 16 features and 10000000 samples...
[INFO] Starting chunk on GPU 3
[INFO] Starting chunk on GPU 6
[INFO] Starting chunk on GPU 0
[INFO] Starting chunk on GPU 1
[INFO] Starting chunk on GPU 4
[INFO] Starting chunk on GPU 5
[INFO] Starting chunk on GPU 7
[INFO] Starting chunk on GPU 2
CCC result: [3.18976683e-07 8.03081662e-08 2.26431318e-07 1.17143241e-07
 1.16968009e-07 1.12171255e-07 3.58667501e-07 2.55531758e-08
 1.69376263e-07 1.35606086e-07 3.92540672e-07 6.37947174e-08
 1.31091114e-07 2.10169121e-07 3.01956020e-07 4.88138089e-07
 1.51972008e-07 1.76534557e-07 1.97497513e-07 2.17036984e-07
 1.28773001e-07 3.15119274e-07 1.31571115e-07 3.43958958e-07
 1.61094889e-07 3.53977504e-07 2.41952561e-07 2.26815275e-07
 2.68321984e-07 4.45293650e-07 2.15182633e-07 4.60643114e-08
 4.28838077e-07 2.82077691e-07 4.07351005e-07 2.34394680e-07
 1.40998757e-07 1.59050000e-07 2.03861053e-07 3.16432052e-07
 3.49815316e-07 4.41600393e-07 3.32880537e-07 2.28058903e-07
 1.18919426e-07 2.40412085e-07 2.95125377e-07 2.30888899e-07
 2.11492146e-07 2.18592206e-07 3.38380924e-07 3.55244274e-07
 2.15981457e-07 1.50191623e-07 9.18296572e-07 2.30364151e-07
 1.93764009e-07 5.26175727e-07 2.60437136e-07 2.53185856e-07
 2.24689238e-07 2.24924167e-07 2.73675942e-07 8.71951899e-08
 9.62737462e-08 2.71380422e-07 3.12299187e-07 2.46066623e-07
 2.11771767e-07 6.74743847e-08 4.22661379e-07 2.46380199e-07
 3.86193425e-07 4.38121958e-07 3.28120399e-07 2.69772062e-07
 3.16058956e-07 2.02596996e-07 4.12699441e-07 1.92338899e-07
 1.85774237e-07 3.41772288e-07 1.70281505e-07 1.03806233e-06
 3.79906615e-07 3.95311447e-07 6.90364738e-08 7.37430890e-08
 1.06696641e-07 2.99687703e-07 3.69055165e-07 1.93952917e-07
 3.30086409e-07 1.07199819e-07 1.98797029e-07 8.92660809e-08
 4.23060294e-07 9.05864518e-08 7.75819296e-08 2.06340497e-07
 4.17046626e-07 1.70128811e-07 2.69696825e-07 3.36929110e-07
 1.27026848e-07 1.20755948e-07 2.55983394e-07 2.65485057e-07
 2.80049743e-07 1.67545612e-07 3.00276992e-07 1.12426010e-07
 3.44456359e-07 2.92500242e-07 3.75027531e-07 4.40152268e-07
 3.91857146e-07 3.55171516e-07 1.20373123e-07 2.66425586e-07]
Time taken: 854.87 s

Testing with 18 features and 10000 samples...
[INFO] Starting chunk on GPU 7
[INFO] Starting chunk on GPU 1
[INFO] Starting chunk on GPU 5
[INFO] Starting chunk on GPU 6
[INFO] Starting chunk on GPU 0
[INFO] Starting chunk on GPU 2
[INFO] Starting chunk on GPU 4
[INFO] Starting chunk on GPU 3
CCC result: [4.77173102e-04 1.92423305e-04 3.16335516e-04 1.52417250e-04
 2.91283283e-04 3.87477494e-04 1.54889569e-04 1.74493610e-04
 2.12060618e-04 1.23783097e-04 2.69516703e-04 4.63311202e-04
 2.10621930e-04 2.82507379e-04 4.55714101e-04 2.02320312e-04
 2.18024810e-04 1.96734512e-04 2.36806548e-04 4.16945771e-04
 1.53207525e-04 1.52070628e-04 1.02062591e-04 2.98058841e-04
 4.90426956e-05 0.00000000e+00 2.59875154e-04 3.59543141e-04
 1.15757882e-04 2.04860976e-04 1.73076930e-04 4.94961717e-04
 4.14422891e-04 1.21003676e-04 2.17323737e-04 1.89910870e-04
 1.36280150e-04 2.69833757e-04 1.88823193e-04 2.48767004e-04
 4.95603741e-04 1.94841998e-04 1.68966897e-04 3.51987084e-04
 1.71498844e-04 2.75640175e-04 2.12401656e-04 6.36896076e-04
 4.07707700e-04 3.31463377e-04 4.54042258e-04 1.36085413e-04
 1.13042612e-04 2.69730795e-04 2.00026685e-04 2.01378958e-04
 2.10016504e-04 4.09502858e-04 5.31294417e-04 1.05929993e-04
 4.16731438e-04 2.15614691e-04 5.00116429e-04 2.50966799e-04
 1.07360736e-04 1.95214855e-04 2.25146242e-04 1.99119769e-04
 2.95085421e-04 2.37905130e-04 1.92488856e-04 3.14450525e-04
 2.86148680e-04 2.13789618e-04 1.08161306e-04 4.66834481e-04
 3.27024683e-05 3.38279515e-04 3.77370575e-04 2.43476030e-04
 2.85384993e-04 2.13120811e-04 3.92923040e-04 6.31593850e-04
 1.17352226e-04 3.28754340e-04 1.40702207e-04 3.74384244e-04
 3.15979631e-04 4.39077863e-04 1.87283962e-04 2.86551752e-04
 2.95932795e-04 2.73273110e-04 3.73666317e-04 3.28843787e-04
 6.50454392e-05 2.71206546e-04 1.78832659e-04 1.96825262e-04
 4.15306534e-04 1.64103387e-04 1.89356814e-04 4.67688747e-04
 1.12766533e-04 1.51555404e-04 2.61411800e-04 2.06257505e-04
 1.92612790e-04 1.28787342e-04 1.49355546e-04 1.74998577e-04
 4.38727752e-04 1.85466085e-04 2.97549635e-04 4.01790182e-04
 2.35893945e-04 4.93399126e-04 1.62169326e-04 2.98083854e-04
 5.35083513e-04 7.29502957e-04 1.97165165e-04 2.43012360e-04
 4.99565579e-04 2.73609818e-04 3.41396213e-04 4.29934378e-04
 2.42308466e-04 2.98001582e-04 2.56381536e-05 2.47762823e-04
 3.52463280e-04 1.33312930e-04 4.49710676e-04 1.17913275e-04
 2.25198604e-04 2.75492427e-04 2.63066093e-04 2.01090588e-04
 7.11948145e-05 7.16164911e-05 2.53740753e-04 2.35430793e-04
 1.21656946e-04 2.38020705e-04 2.80384585e-04 5.15081512e-04
 2.61731861e-04 3.12660133e-04 4.15628756e-04 3.04278239e-04
 4.60128046e-04]
Time taken: 8.93 s

Testing with 18 features and 100000 samples...
[INFO] Starting chunk on GPU 7
[INFO] Starting chunk on GPU 1
[INFO] Starting chunk on GPU 2
[INFO] Starting chunk on GPU 0
[INFO] Starting chunk on GPU 3
[INFO] Starting chunk on GPU 4
[INFO] Starting chunk on GPU 6
[INFO] Starting chunk on GPU 5
CCC result: [1.83711566e-05 2.40991103e-05 2.65888098e-05 5.83046533e-05
 3.05178773e-05 3.38965706e-05 2.17229421e-05 5.00649733e-05
 2.26742713e-05 3.09602096e-05 1.39840637e-05 1.19535025e-05
 1.96150994e-05 2.84268260e-05 1.94843725e-05 2.22527121e-05
 3.12342889e-05 4.62326993e-05 7.79887464e-06 1.19754837e-05
 4.55742138e-05 1.73467527e-05 1.57116713e-05 2.99839722e-05
 3.98433239e-05 1.16725204e-05 1.96589227e-05 2.09892616e-05
 2.12898561e-05 2.15402411e-05 4.12659127e-05 3.98117179e-05
 2.49640275e-05 2.50030591e-05 2.59861099e-05 3.77620442e-05
 1.41880940e-05 2.33259269e-05 2.55217552e-05 3.26681111e-05
 3.31015944e-05 2.66997573e-05 4.08012321e-05 5.28807681e-05
 0.00000000e+00 3.56118179e-05 4.06947070e-05 1.16145607e-05
 4.27111297e-05 1.74375672e-05 3.20030145e-05 2.68098522e-05
 2.41057411e-05 3.14738147e-05 3.79454589e-05 1.67965631e-05
 2.99512637e-05 5.68121817e-05 3.22265861e-05 2.20202539e-05
 3.75066334e-05 1.25497639e-05 1.67251127e-05 1.84897010e-05
 1.80978239e-05 3.00047113e-05 3.48241947e-05 1.06238333e-05
 3.35145876e-05 4.95987960e-05 3.81225311e-05 4.07156915e-05
 1.64647103e-05 4.66319583e-05 1.09290348e-05 3.60972368e-05
 2.84921132e-05 3.12179205e-05 5.82119571e-05 2.30176537e-05
 2.69580359e-05 1.32176184e-05 2.55479343e-05 2.97888905e-05
 3.25106251e-05 2.42043345e-05 1.20380815e-05 7.95475092e-06
 3.26210121e-05 2.13760147e-05 3.22339335e-05 3.51266038e-05
 3.09602096e-05 3.52894870e-05 3.29868076e-05 2.54793812e-05
 3.49291123e-05 2.64520860e-05 2.63084714e-05 3.19883425e-05
 1.42785747e-05 4.41772623e-06 2.98946984e-05 3.24881531e-05
 3.82405586e-05 1.89801728e-05 2.42268191e-05 7.08286832e-05
 1.50088287e-05 2.37139102e-05 5.84836436e-05 6.14415846e-05
 2.44546168e-05 3.13083523e-05 3.00096292e-05 3.11704720e-05
 6.83880758e-05 1.70527428e-05 4.48399065e-05 2.56976501e-05
 4.11740343e-05 2.74452971e-05 4.13702083e-05 4.40332328e-05
 1.00158945e-05 1.98797631e-05 3.04841864e-05 2.40867476e-05
 1.88526809e-05 5.31480840e-06 2.89886662e-05 5.09734243e-05
 2.86921010e-05 2.60655588e-05 1.08373473e-05 2.53375081e-05
 2.63106447e-05 1.51856445e-05 3.08947343e-05 1.36895254e-05
 4.73781942e-05 1.33470817e-05 3.04006080e-05 7.41108822e-05
 2.86548996e-05 2.39158124e-05 4.26519401e-05 5.62096390e-05
 2.70605617e-05 2.48462233e-05 3.52497886e-05 1.25258009e-05
 1.32219822e-05]
Time taken: 11.00 s

Testing with 18 features and 1000000 samples...
[INFO] Starting chunk on GPU 4
[INFO] Starting chunk on GPU 2
[INFO] Starting chunk on GPU 1
[INFO] Starting chunk on GPU 3
[INFO] Starting chunk on GPU 7
[INFO] Starting chunk on GPU 5
[INFO] Starting chunk on GPU 6
[INFO] Starting chunk on GPU 0
CCC result: [2.71583377e-06 1.33201511e-06 3.49998480e-06 2.12551420e-06
 4.25326725e-06 6.41640812e-06 3.35109412e-06 2.32917732e-06
 2.53568759e-06 1.63188901e-06 1.79217929e-06 4.64002773e-06
 2.25157712e-06 2.47258627e-06 3.35887308e-06 2.13568389e-06
 5.31194042e-06 1.52857679e-06 2.55473651e-06 2.84899496e-06
 9.53765827e-07 2.58377686e-06 1.96261228e-06 1.93202384e-06
 9.44902593e-07 2.76719305e-06 5.82056510e-06 4.28754309e-06
 2.54191780e-06 1.94462744e-06 2.92514893e-06 5.15016066e-07
 4.44517988e-06 2.19694520e-06 2.54431012e-06 1.12163446e-06
 2.48691143e-06 2.71636096e-06 1.79461694e-06 1.86729696e-06
 4.18200036e-06 1.02858196e-06 1.36875032e-06 4.95112390e-06
 1.39048001e-06 7.39076223e-06 2.61939003e-06 1.83136666e-06
 2.84185774e-06 3.30736663e-06 2.10664089e-06 6.83102244e-07
 1.15586159e-06 3.22537468e-06 2.12998603e-06 1.15118130e-06
 1.24707179e-06 1.63357832e-06 1.84385727e-06 2.79591981e-06
 1.48531548e-06 2.65510639e-06 1.53387310e-06 3.26179536e-06
 2.36647076e-06 1.70052120e-06 1.55508146e-06 1.50007692e-06
 1.28807020e-06 1.22812135e-06 3.73934172e-06 3.71191611e-06
 3.01475502e-06 2.95516409e-06 1.54261988e-06 2.93695521e-06
 4.79763588e-06 1.90669175e-06 3.96049615e-06 1.90225411e-06
 1.44253749e-06 1.92590362e-06 1.83951873e-06 1.04646528e-06
 2.97178427e-06 2.55425833e-06 2.88839507e-06 6.03519206e-06
 2.41986370e-06 4.00214364e-06 2.97300789e-06 3.37009783e-06
 2.50715314e-06 4.41684649e-06 5.25000425e-06 2.48853581e-06
 5.40048928e-06 5.37983222e-06 1.17131227e-06 1.50539202e-06
 2.41654773e-06 6.18418937e-06 2.54155214e-06 1.27243241e-06
 4.03844138e-06 2.75910928e-06 3.32769949e-06 1.70720762e-06
 2.07490967e-06 0.00000000e+00 2.56077229e-06 1.31625916e-06
 1.16822910e-06 2.73262573e-06 2.32753435e-06 1.51201564e-06
 3.46502935e-06 4.41641056e-06 2.58791369e-06 8.17737452e-07
 1.15934033e-06 2.57435112e-06 3.77597037e-06 1.33461237e-06
 3.83145047e-06 9.11967846e-07 3.23072019e-06 2.74454773e-06
 2.05917277e-07 2.63252792e-06 1.54985576e-06 3.69154827e-06
 3.59937831e-06 6.91495784e-06 2.61805126e-06 4.14293271e-06
 2.76468184e-06 1.65078353e-06 7.13023884e-06 2.75861081e-06
 2.79172619e-06 2.31875075e-06 2.49797420e-06 1.18898571e-07
 5.07674208e-06 4.39577839e-06 6.34764536e-07 1.17118253e-06
 4.18235677e-06 3.14437753e-07 2.42355885e-06 4.53461525e-06
 4.16711730e-06]
Time taken: 63.93 s

Testing with 18 features and 10000000 samples...
[INFO] Starting chunk on GPU 0
[INFO] Starting chunk on GPU 4
[INFO] Starting chunk on GPU 1
[INFO] Starting chunk on GPU 2
[INFO] Starting chunk on GPU 7
[INFO] Starting chunk on GPU 3
[INFO] Starting chunk on GPU 5
[INFO] Starting chunk on GPU 6
CCC result: [4.29392259e-07 2.80289718e-07 1.70451818e-07 3.64796454e-07
 4.04728134e-07 2.50231296e-07 1.22284520e-07 2.52003436e-07
 2.45555030e-07 4.50274747e-07 3.19581454e-07 1.64636822e-07
 5.54689167e-07 2.76271566e-07 1.14292102e-07 2.43014154e-07
 4.21212423e-07 1.63760173e-07 4.45234595e-07 1.67193510e-07
 1.22555228e-07 2.92581658e-07 1.37143829e-07 3.17050703e-07
 1.63154307e-07 7.33934303e-07 1.83398140e-07 3.82599286e-07
 2.33590103e-07 1.96656336e-07 3.15972752e-07 4.00615525e-07
 2.72056759e-07 1.31286672e-07 3.64271855e-07 2.82624042e-07
 3.34389924e-07 2.90378741e-07 2.21191888e-07 5.27566280e-07
 4.53548512e-07 3.46912459e-07 2.91632957e-07 2.35297529e-07
 3.78018416e-07 7.78647549e-08 6.63209022e-07 1.48801445e-07
 2.83280205e-07 1.49508371e-07 2.22405763e-07 3.33283160e-07
 2.30395053e-07 1.73994271e-07 2.45240684e-07 1.98905463e-07
 2.60787836e-07 3.09095667e-07 1.72259766e-07 2.24864127e-07
 3.43417486e-07 2.88244063e-07 6.00100794e-07 3.22441712e-07
 2.35231306e-07 2.73357665e-07 7.24464062e-07 1.46931353e-07
 7.94372378e-07 2.86099607e-07 2.65370323e-07 6.87569090e-08
 1.65541385e-07 1.31040544e-07 3.98137386e-07 6.99871764e-07
 2.80023859e-07 5.12164014e-07 2.05448517e-07 2.66266040e-07
 3.83835089e-08 4.26811199e-07 1.99819394e-07 2.96625004e-07
 6.07640258e-07 3.87911870e-07 2.29090991e-07 2.62841881e-07
 1.70811748e-07 4.59852290e-07 5.49425827e-07 3.51472661e-07
 1.89267533e-07 6.11913502e-07 2.41653178e-07 1.61825487e-07
 2.31075349e-07 3.76865220e-07 2.97331686e-07 2.38761657e-07
 3.86592350e-07 2.48179215e-07 3.32437783e-07 4.34503548e-07
 3.45807044e-07 1.88674768e-07 3.84061971e-07 3.04075304e-07
 3.80119612e-07 1.51983528e-07 4.07427419e-07 2.82505362e-07
 5.93934448e-08 4.01014733e-07 3.38338057e-07 2.62399173e-07
 2.22169772e-07 1.72512913e-07 1.25473319e-07 2.00151856e-07
 1.01775507e-07 3.74057481e-07 1.31516646e-07 2.23627680e-07
 0.00000000e+00 1.50991159e-07 1.84034318e-07 2.57338668e-07
 1.05343255e-07 3.21601276e-07 2.99201952e-07 4.45685833e-07
 1.91416398e-07 1.51432081e-07 2.58404738e-07 4.84116614e-07
 6.54844578e-08 3.85673197e-07 4.26832750e-07 1.46848590e-07
 1.66146806e-07 3.59832519e-07 1.57657766e-07 2.75881555e-07
 4.05680921e-07 2.12141899e-07 3.37397058e-07 3.22697473e-07
 8.42406484e-08 1.56185027e-07 3.39456979e-07 7.30298369e-08
 2.69365101e-07]
Time taken: 957.59 s

Testing with 20 features and 10000 samples...
[INFO] Starting chunk on GPU 3
[INFO] Starting chunk on GPU 1
[INFO] Starting chunk on GPU 7
[INFO] Starting chunk on GPU 2
[INFO] Starting chunk on GPU 6
[INFO] Starting chunk on GPU 5
[INFO] Starting chunk on GPU 0
[INFO] Starting chunk on GPU 4
CCC result: [2.67476725e-04 2.68997127e-04 3.68897791e-04 8.18885050e-05
 3.94767167e-04 1.04652230e-04 2.09165854e-04 3.50796391e-04
 1.71399518e-04 2.58467735e-04 2.73004884e-04 9.39990998e-05
 3.21652446e-04 1.43189903e-04 1.80417969e-04 1.19608825e-04
 2.11446112e-04 1.94418515e-04 2.13790961e-04 2.79322176e-04
 2.53987202e-04 6.42045700e-05 2.27273189e-04 1.80058932e-04
 2.69492711e-04 2.78810512e-04 1.53815373e-04 2.86628795e-04
 3.96973439e-04 2.21308796e-04 1.79737521e-04 4.95797903e-04
 1.89298871e-04 5.34217194e-04 2.16224330e-04 3.41540524e-04
 2.17164826e-04 1.06476024e-04 4.14047112e-04 1.61180025e-04
 3.66422195e-04 3.02142932e-04 2.28686664e-04 1.93497546e-04
 1.16079747e-04 3.84028406e-04 3.52697253e-04 1.95423931e-04
 2.43995383e-04 8.99073770e-05 1.64838757e-04 3.64776827e-04
 1.35900060e-04 2.16795476e-04 2.59334984e-04 4.00401912e-04
 4.42923194e-05 3.16181620e-04 2.05350896e-04 2.28532671e-05
 3.96746238e-04 2.61742112e-04 3.32504638e-04 1.46653888e-04
 1.19041904e-04 3.19756747e-04 4.13058566e-04 2.36724146e-04
 1.27902699e-04 4.61029304e-04 3.38577264e-04 2.37711648e-04
 9.81701475e-05 2.81841633e-04 5.81272198e-04 3.37739549e-04
 2.20738113e-04 2.53455347e-04 3.48833915e-04 4.47060161e-04
 4.51240406e-05 3.11928585e-04 2.50935380e-04 2.56985334e-04
 1.66023848e-04 3.55222797e-04 2.61854849e-04 1.95097068e-04
 2.76266443e-04 2.81250013e-04 2.69219582e-04 3.39746625e-04
 1.53627304e-04 1.62980366e-04 5.12260695e-05 2.51967725e-04
 3.58523979e-04 2.95654093e-04 3.53521547e-04 3.42979068e-04
 3.58535757e-04 2.02611314e-04 5.33163930e-04 3.21713260e-04
 2.07107139e-04 9.49844993e-04 1.68283731e-04 4.05713406e-04
 4.67795346e-04 3.15164094e-04 3.00430068e-04 3.54634782e-04
 2.15547297e-04 2.54087636e-04 2.05204898e-04 6.55841569e-05
 1.51509617e-04 5.13425605e-04 1.74591811e-04 1.16746676e-03
 2.66184930e-04 1.14425414e-04 2.46629330e-04 1.70892762e-04
 2.21298010e-04 1.84314870e-04 1.07659769e-04 7.66580036e-05
 3.79387059e-04 3.57357215e-04 1.10152595e-04 1.75466044e-04
 4.08539727e-04 2.19469537e-04 4.13489575e-04 2.06893404e-04
 6.84058412e-04 4.87291444e-04 4.85300480e-04 2.04057638e-04
 2.49246690e-04 2.84178420e-04 2.33432027e-04 3.77702201e-04
 3.29954660e-04 7.59194569e-04 2.15251869e-04 5.42035611e-04
 5.55405545e-04 2.98122826e-04 2.52213652e-04 2.08341193e-04
 2.87362881e-04 6.40778779e-04 2.84651291e-04 2.16840063e-04
 1.78393832e-04 4.07456325e-04 3.77943731e-04 3.03808525e-04
 4.29823543e-04 2.40381782e-04 6.37227851e-04 1.71480664e-04
 3.17049462e-04 3.43128631e-04 9.26625336e-04 4.49675929e-04
 2.50577548e-04 8.46773183e-05 1.50285092e-04 2.58828459e-04
 3.93239349e-04 3.67096109e-04 2.57514955e-04 1.47408297e-04
 2.38573859e-04 2.38281489e-04 2.81250013e-04 4.76326242e-04
 2.10564702e-04 4.98839664e-04 4.57234304e-04 2.26076834e-04
 1.53718938e-04 2.27540409e-04 2.55238047e-04 2.03113072e-04
 2.26100382e-04 4.12497196e-04]
Time taken: 9.83 s

Testing with 20 features and 100000 samples...
[INFO] Starting chunk on GPU 2
[INFO] Starting chunk on GPU 7
[INFO] Starting chunk on GPU 4
[INFO] Starting chunk on GPU 0
[INFO] Starting chunk on GPU 1
[INFO] Starting chunk on GPU 3
[INFO] Starting chunk on GPU 6
[INFO] Starting chunk on GPU 5
CCC result: [1.02018076e-05 1.20239122e-05 4.07032121e-07 3.97101199e-05
 2.56434503e-05 2.37392225e-05 3.37934923e-05 3.59060435e-05
 3.15493103e-05 1.82467477e-05 3.54983966e-05 3.54396804e-05
 1.28519598e-05 1.46063628e-05 2.64112855e-05 3.18377197e-05
 1.00967445e-05 1.71909570e-05 4.37242954e-05 5.21440229e-05
 7.90887757e-06 3.82993987e-05 3.84941097e-05 3.80520283e-05
 3.33738678e-05 2.93555243e-05 5.21841631e-05 3.15770357e-05
 3.47627689e-05 3.05794035e-05 3.29840281e-05 6.39595643e-05
 1.40761957e-05 3.04320588e-05 3.15889715e-05 2.55217552e-05
 2.60173148e-05 3.67204008e-05 1.42600746e-05 1.29398745e-05
 2.48738717e-05 1.28705198e-05 2.66406394e-05 3.17767626e-05
 1.36750344e-05 3.55578074e-05 3.18678134e-05 3.60110485e-05
 2.10175333e-05 2.16953711e-05 1.95021351e-05 3.61146149e-05
 5.73846891e-06 1.92967617e-05 3.76259515e-05 2.02468460e-05
 1.73889108e-05 1.70059042e-05 3.01491022e-05 4.04399008e-05
 1.31750180e-05 3.52676043e-05 3.71822523e-05 4.25373332e-05
 1.34263871e-05 3.05995634e-05 1.28971419e-05 1.34422711e-05
 3.83530683e-05 3.62722243e-05 2.82111731e-05 2.69472880e-05
 2.47988332e-05 3.22932051e-05 3.91332370e-05 3.03296818e-05
 4.19101925e-06 1.77016702e-05 2.42211573e-05 1.82986943e-05
 5.03060041e-05 2.72410441e-05 4.18797465e-05 2.74570141e-05
 7.70404191e-07 1.28098738e-05 1.07622610e-05 8.39516791e-06
 2.54135902e-05 3.84418844e-05 2.88553682e-05 1.31008520e-05
 2.13735640e-05 2.25432678e-05 2.10748722e-05 1.63221855e-05
 5.72200545e-06 3.81428503e-05 3.49085662e-05 3.92687381e-05
 1.96081729e-05 2.13737990e-05 2.74283215e-05 1.48115935e-05
 2.90919702e-05 4.38315178e-05 8.79576871e-06 6.19447976e-05
 2.65338263e-05 4.05861915e-05 1.94353774e-05 3.68570159e-05
 1.41728003e-05 3.50411231e-05 4.14721477e-05 1.64011040e-05
 4.13391711e-05 1.82783082e-05 2.58850859e-05 1.73765809e-05
 4.33878699e-05 4.41699417e-05 2.25875521e-05 9.57042126e-06
 3.44137982e-05 4.74851581e-05 2.15175373e-05 5.52723665e-05
 1.63396459e-05 2.84770956e-05 8.68263683e-05 5.20948210e-05
 1.56849983e-05 1.28040494e-05 1.29846753e-05 3.99856883e-05
 5.26950404e-05 1.92534876e-05 1.98433477e-05 3.42972149e-05
 5.28713574e-05 5.09039181e-05 9.85021956e-06 8.21516877e-06
 4.59507595e-05 2.79132718e-05 2.08141357e-05 1.50138862e-05
 2.11029775e-05 4.17518215e-05 1.91790364e-05 4.23639168e-05
 1.47105415e-05 3.71557717e-05 1.41664750e-05 2.17768237e-05
 1.91600916e-05 2.35592768e-05 2.94473260e-05 9.87523228e-06
 8.21607216e-05 2.91663133e-05 9.65919489e-06 8.74464993e-05
 3.12067113e-05 2.71686423e-05 2.35730429e-05 2.71126956e-05
 2.50456897e-05 2.56423505e-05 2.91395187e-05 5.62553377e-05
 3.19198803e-05 2.02349590e-05 2.54862646e-05 2.98168918e-05
 2.69510953e-05 2.16173837e-05 5.77081997e-06 2.57908905e-05
 1.54504726e-05 1.67880103e-05 1.69129383e-05 1.73022921e-05
 7.18723392e-05 5.53071196e-05 8.70970581e-06 1.76837888e-05
 2.87764246e-05 2.48145725e-05]
Time taken: 12.82 s

Testing with 20 features and 1000000 samples...
[INFO] Starting chunk on GPU 0
[INFO] Starting chunk on GPU 1
[INFO] Starting chunk on GPU 3
[INFO] Starting chunk on GPU 2
[INFO] Starting chunk on GPU 7
[INFO] Starting chunk on GPU 4
[INFO] Starting chunk on GPU 5
[INFO] Starting chunk on GPU 6
CCC result: [6.02424974e-06 2.91448862e-07 1.69327905e-06 2.53418473e-06
 6.09152483e-06 2.69431250e-06 1.32791637e-06 1.87427876e-06
 2.57894653e-06 3.04805662e-06 3.30876175e-06 7.27957819e-07
 5.59348479e-06 2.63430654e-06 1.29771080e-06 2.61608359e-06
 3.99083998e-06 2.13140038e-06 3.70835428e-06 1.18465259e-06
 1.52058072e-06 2.66730514e-06 1.07830423e-06 1.38770295e-06
 2.45766322e-06 6.13748133e-07 1.71710082e-06 3.24201869e-06
 1.52405388e-06 3.64871640e-06 1.39654293e-06 4.26636804e-06
 3.06425806e-06 4.22595645e-06 4.83410631e-06 2.29822280e-06
 2.34037194e-06 1.38637696e-06 2.52196591e-06 1.84221530e-06
 2.91447214e-06 1.10834323e-06 2.61441055e-06 1.00697499e-06
 6.55656511e-06 1.72641248e-06 3.75798634e-06 1.01433475e-06
 9.60738244e-07 2.71221917e-06 2.59096079e-06 3.93046930e-06
 2.53225357e-06 2.68030588e-06 7.54937360e-07 3.70403214e-06
 9.06062541e-07 2.25649788e-06 3.14237228e-06 1.24267622e-06
 5.80792804e-06 2.73321968e-06 2.04933607e-06 3.91018538e-06
 3.58848212e-06 4.54055170e-06 1.55640342e-06 2.05262309e-06
 3.50187171e-06 1.83843185e-06 1.89354415e-06 4.94836443e-06
 1.94644243e-06 3.20766327e-06 1.87379470e-06 1.17317911e-06
 3.70659212e-06 3.83557276e-06 1.87148175e-06 2.77092773e-06
 3.22909764e-06 2.75345568e-06 3.26107573e-06 1.76616887e-06
 2.13702045e-06 1.46806710e-06 2.47172542e-06 4.19961680e-06
 4.59738559e-06 2.00714663e-06 3.66560267e-06 3.21356946e-07
 3.10259758e-06 2.73848881e-06 3.39209097e-06 3.97955307e-06
 2.09613411e-06 2.12895175e-06 3.83342690e-08 4.16642054e-06
 2.42262649e-06 5.43130043e-06 3.48409992e-06 2.36109461e-06
 3.67063791e-06 4.94897354e-06 3.19089626e-06 4.55694934e-06
 1.70086552e-06 3.85405027e-06 3.45654247e-06 2.93296219e-06
 2.02980543e-06 2.58452725e-06 1.48664997e-06 2.47904989e-06
 1.69440625e-06 2.96775926e-06 5.76213505e-06 5.15699180e-06
 4.50431803e-06 1.74145755e-06 6.12898151e-06 4.47629356e-06
 1.35929636e-06 1.74334512e-06 2.68484421e-06 3.02079737e-06
 1.96169761e-06 7.83859178e-06 1.58261673e-06 2.57952474e-06
 2.72436821e-06 3.46085332e-06 6.90428672e-06 5.12831130e-06
 3.06383531e-06 5.06596409e-06 1.93571981e-06 1.26516842e-06
 2.29515020e-06 2.07613585e-06 1.00541083e-06 2.58746541e-06
 5.05160405e-06 3.71968142e-06 4.74714371e-06 2.85882657e-06
 2.46545154e-06 2.37961086e-06 3.70285023e-06 2.88552283e-06
 4.50330344e-06 2.17583260e-06 1.38725044e-06 2.25174465e-06
 3.21252537e-06 2.27539583e-06 4.24290719e-06 3.49610077e-06
 2.38395265e-06 1.53745686e-06 2.41465938e-06 1.47565507e-06
 2.70053154e-06 4.11987355e-06 0.00000000e+00 2.78199085e-06
 3.08539594e-06 2.99483043e-06 3.82420287e-06 1.12582934e-06
 5.38085457e-06 2.09953582e-06 2.93574016e-06 2.25436275e-06
 3.69766199e-06 3.46819072e-06 6.39840540e-06 1.40601152e-06
 3.22831495e-06 3.53086780e-06 3.18845698e-06 2.31101509e-06
 4.65000103e-06 3.39429333e-06 8.57291222e-07 2.05801885e-06
 2.98673026e-06 1.81245940e-06]
Time taken: 70.11 s

Testing with 20 features and 10000000 samples...
[INFO] Starting chunk on GPU 2
[INFO] Starting chunk on GPU 3
[INFO] Starting chunk on GPU 4
[INFO] Starting chunk on GPU 0
[INFO] Starting chunk on GPU 6
[INFO] Starting chunk on GPU 1
[INFO] Starting chunk on GPU 5
[INFO] Starting chunk on GPU 7
CCC result: [3.93903072e-07 2.22772303e-07 5.58045486e-07 3.49124037e-07
 1.86795221e-07 4.68571593e-07 1.89346373e-07 1.72844692e-07
 2.73661429e-07 2.94702814e-07 2.60222341e-07 3.17692571e-07
 8.50895047e-08 2.28259238e-07 1.86862773e-07 3.75285567e-07
 7.50740418e-07 3.73598912e-07 2.70861369e-07 2.17283725e-07
 2.26568457e-07 3.56973339e-07 5.49475274e-08 4.16530935e-07
 1.95370735e-07 1.05192827e-07 2.51129794e-07 3.70039298e-07
 1.71593831e-07 1.31099968e-07 3.07200513e-07 2.52042815e-07
 4.41143553e-07 1.93330569e-07 6.53784051e-07 6.30126057e-07
 2.18119207e-07 5.09648681e-07 3.51075541e-07 4.11291730e-07
 1.25093228e-07 2.51291857e-07 5.80872092e-07 3.11208430e-07
 3.26936801e-07 2.24468563e-07 1.02481571e-07 1.98266766e-07
 2.31352375e-07 2.28574728e-07 2.55693003e-07 3.90643211e-08
 2.89434177e-07 1.85137017e-07 2.40956901e-07 2.60749322e-07
 4.65146990e-07 4.63791751e-07 2.90018999e-07 3.28099660e-07
 3.21484936e-07 3.24456377e-07 4.09050539e-07 2.36642645e-07
 3.50498997e-07 5.26737007e-07 3.36024687e-07 3.09158652e-07
 1.90916992e-07 1.93510432e-07 5.05305106e-07 3.69387563e-07
 6.75338730e-07 2.84217829e-07 1.05282200e-07 2.14299233e-07
 4.22780350e-07 2.28895063e-07 2.31175319e-07 1.05198077e-07
 3.03294295e-07 5.26944241e-07 3.26163975e-07 1.43626560e-07
 2.14686242e-07 1.96588494e-07 2.96545136e-07 6.44454883e-07
 2.06258358e-07 3.48978740e-07 3.37592818e-07 1.48762713e-07
 2.36677097e-07 3.22096033e-07 2.74579180e-07 2.99719957e-07
 2.92640752e-07 2.37156867e-07 2.40588974e-07 7.82280468e-08
 3.85072864e-07 4.25381666e-07 3.31732338e-07 1.37820266e-07
 2.41963836e-07 1.87285837e-07 5.15395114e-07 3.45635329e-07
 3.40268900e-07 5.70456716e-07 4.50257793e-07 4.17380730e-07
 2.14786742e-07 1.29996485e-07 3.11446450e-07 3.03153869e-07
 8.61337094e-08 8.05306081e-07 3.52547961e-07 1.53393124e-07
 2.40860913e-07 8.21766057e-08 1.97962548e-07 4.48549070e-07
 2.55023849e-07 2.38969991e-07 1.62144006e-07 5.01487032e-07
 1.72689615e-07 3.68798181e-07 2.79586767e-07 5.15628104e-07
 1.62674675e-07 3.46052059e-07 3.12087577e-07 1.46911501e-07
 9.60079986e-08 2.42085658e-07 1.33592325e-07 1.62220879e-07
 2.57510491e-07 3.19295854e-07 2.95901211e-07 4.32572287e-07
 3.18223212e-07 4.02789521e-07 3.89014657e-07 3.94014743e-07
 4.32532525e-07 3.11083380e-07 1.28123882e-07 7.22001830e-07
 2.44478819e-07 2.43156913e-07 3.28341819e-07 4.20635653e-07
 4.10089346e-07 2.02127911e-07 2.21507925e-07 4.08656456e-07
 2.11321602e-07 1.62374064e-07 2.67288237e-07 4.10610818e-07
 4.20324236e-07 3.16143825e-07 2.61697140e-07 2.09470060e-07
 1.82423181e-07 2.65432370e-07 2.69947609e-07 4.99695400e-07
 6.61688819e-07 3.42661379e-07 3.08565534e-07 2.20771126e-07
 1.81604576e-07 5.39833905e-07 2.24118944e-07 1.08875842e-07
 2.73492988e-07 2.81540948e-07 7.39547655e-08 3.94351577e-07
 9.06420786e-08 2.02301681e-07 2.84126724e-07 2.66298955e-07
 4.05107281e-07 6.25684381e-07]
Time taken: 1072.05 s

