Running CCC with SIZE=10000, FEATURES=2...
1 1 10000 2 1.2805
Running CCC with SIZE=100000, FEATURES=2...
1 1 100000 2 1.7029
Running CCC with SIZE=1000000, FEATURES=2...
1 1 1000000 2 7.0370
Running CCC with SIZE=10000000, FEATURES=2...
1 1 10000000 2 95.1794
Running CCC with SIZE=10000, FEATURES=4...
1 1 10000 4 2.4720
Running CCC with SIZE=100000, FEATURES=4...
1 1 100000 4 3.1933
Running CCC with SIZE=1000000, FEATURES=4...
1 1 1000000 4 14.8484
Running CCC with SIZE=10000000, FEATURES=4...
1 1 10000000 4 192.6370
Running CCC with SIZE=10000, FEATURES=6...
1 1 10000 6 4.5157
Running CCC with SIZE=100000, FEATURES=6...
1 1 100000 6 5.9420
Running CCC with SIZE=1000000, FEATURES=6...
1 1 1000000 6 24.6220
Running CCC with SIZE=10000000, FEATURES=6...
1 1 10000000 6 302.4625
Running CCC with SIZE=10000, FEATURES=8...
1 1 10000 8 7.5512
Running CCC with SIZE=100000, FEATURES=8...
1 1 100000 8 9.2017
Running CCC with SIZE=1000000, FEATURES=8...
1 1 1000000 8 35.5360
Running CCC with SIZE=10000000, FEATURES=8...
1 1 10000000 8 415.9549
Running CCC with SIZE=10000, FEATURES=10...
1 1 10000 10 11.6839
Running CCC with SIZE=100000, FEATURES=10...
1 1 100000 10 14.1659
Running CCC with SIZE=1000000, FEATURES=10...
1 1 1000000 10 49.1096
Running CCC with SIZE=10000000, FEATURES=10...
1 1 10000000 10 545.2536
Running CCC with SIZE=10000, FEATURES=12...
1 1 10000 12 16.7076
Running CCC with SIZE=100000, FEATURES=12...
1 1 100000 12 19.2599
Running CCC with SIZE=1000000, FEATURES=12...
1 1 1000000 12 64.4603
Running CCC with SIZE=10000000, FEATURES=12...
1 1 10000000 12 674.5246
Running CCC with SIZE=10000, FEATURES=14...
1 1 10000 14 22.6134
Running CCC with SIZE=100000, FEATURES=14...
1 1 100000 14 25.6185
Running CCC with SIZE=1000000, FEATURES=14...
1 1 1000000 14 80.6471
Running CCC with SIZE=10000000, FEATURES=14...
1 1 10000000 14 824.5342
Running CCC with SIZE=10000, FEATURES=16...
1 1 10000 16 30.0293
Running CCC with SIZE=100000, FEATURES=16...
1 1 100000 16 33.5334
Running CCC with SIZE=1000000, FEATURES=16...
1 1 1000000 16 97.9991
Running CCC with SIZE=10000000, FEATURES=16...
1 1 10000000 16 962.7892
Running CCC with SIZE=10000, FEATURES=18...
1 1 10000 18 37.8136
Running CCC with SIZE=100000, FEATURES=18...
1 1 100000 18 41.6175
Running CCC with SIZE=1000000, FEATURES=18...
1 1 1000000 18 119.4572
Running CCC with SIZE=10000000, FEATURES=18...
1 1 10000000 18 1120.6882
Running CCC with SIZE=10000, FEATURES=20...
1 1 10000 20 46.1015
Running CCC with SIZE=100000, FEATURES=20...
1 1 100000 20 51.0935
Running CCC with SIZE=1000000, FEATURES=20...
1 1 1000000 20 139.4201
Running CCC with SIZE=10000000, FEATURES=20...
1 1 10000000 20 1284.0851
