Running CCC with SIZE=10000, FEATURES=2...
1 8 10000 2 1.4246
Running CCC with SIZE=100000, FEATURES=2...
1 8 100000 2 1.7278
Running CCC with SIZE=1000000, FEATURES=2...
1 8 1000000 2 6.5747
Running CCC with SIZE=10000000, FEATURES=2...
1 8 10000000 2 83.8197
Running CCC with SIZE=10000, FEATURES=4...
1 8 10000 4 3.0208
Running CCC with SIZE=100000, FEATURES=4...
1 8 100000 4 3.7420
Running CCC with SIZE=1000000, FEATURES=4...
1 8 1000000 4 14.4573
Running CCC with SIZE=10000000, FEATURES=4...
1 8 10000000 4 199.0605
Running CCC with SIZE=10000, FEATURES=6...
1 8 10000 6 4.1232
Running CCC with SIZE=100000, FEATURES=6...
1 8 100000 6 4.8228
Running CCC with SIZE=1000000, FEATURES=6...
1 8 1000000 6 21.0651
Running CCC with SIZE=10000000, FEATURES=6...
1 8 10000000 6 304.8040
Running CCC with SIZE=10000, FEATURES=8...
1 8 10000 8 4.4903
Running CCC with SIZE=100000, FEATURES=8...
1 8 100000 8 5.6891
Running CCC with SIZE=1000000, FEATURES=8...
1 8 1000000 8 29.1978
Running CCC with SIZE=10000000, FEATURES=8...
1 8 10000000 8 412.3528
Running CCC with SIZE=10000, FEATURES=10...
1 8 10000 10 5.2308
Running CCC with SIZE=100000, FEATURES=10...
1 8 100000 10 6.7740
Running CCC with SIZE=1000000, FEATURES=10...
1 8 1000000 10 33.4133
Running CCC with SIZE=10000000, FEATURES=10...
1 8 10000000 10 512.4298
Running CCC with SIZE=10000, FEATURES=12...
1 8 10000 12 5.9651
Running CCC with SIZE=100000, FEATURES=12...
1 8 100000 12 8.0367
Running CCC with SIZE=1000000, FEATURES=12...
1 8 1000000 12 40.3793
Running CCC with SIZE=10000000, FEATURES=12...
1 8 10000000 12 621.7524
Running CCC with SIZE=10000, FEATURES=14...
1 8 10000 14 6.5666
Running CCC with SIZE=100000, FEATURES=14...
1 8 100000 14 8.8419
Running CCC with SIZE=1000000, FEATURES=14...
1 8 1000000 14 48.1659
Running CCC with SIZE=10000000, FEATURES=14...
1 8 10000000 14 726.3128
Running CCC with SIZE=10000, FEATURES=16...
1 8 10000 16 7.4410
Running CCC with SIZE=100000, FEATURES=16...
1 8 100000 16 10.1837
Running CCC with SIZE=1000000, FEATURES=16...
1 8 1000000 16 60.9814
Running CCC with SIZE=10000000, FEATURES=16...
1 8 10000000 16 848.4240
Running CCC with SIZE=10000, FEATURES=18...
1 8 10000 18 8.6825
Running CCC with SIZE=100000, FEATURES=18...
1 8 100000 18 11.5701
Running CCC with SIZE=1000000, FEATURES=18...
1 8 1000000 18 69.1203
Running CCC with SIZE=10000000, FEATURES=18...
1 8 10000000 18 944.9769
Running CCC with SIZE=10000, FEATURES=20...
1 8 10000 20 10.0118
Running CCC with SIZE=100000, FEATURES=20...
1 8 100000 20 12.8123
Running CCC with SIZE=1000000, FEATURES=20...
1 8 1000000 20 78.5129
Running CCC with SIZE=10000000, FEATURES=20...
1 8 10000000 20 1071.2210
