Running CCC with SIZE=10000, FEATURES=2...
1 2 10000 2 1.2416
Running CCC with SIZE=100000, FEATURES=2...
1 2 100000 2 1.6336
Running CCC with SIZE=1000000, FEATURES=2...
1 2 1000000 2 6.9222
Running CCC with SIZE=10000000, FEATURES=2...
1 2 10000000 2 94.9402
Running CCC with SIZE=10000, FEATURES=4...
1 2 10000 4 2.0069
Running CCC with SIZE=100000, FEATURES=4...
1 2 100000 4 2.7267
Running CCC with SIZE=1000000, FEATURES=4...
1 2 1000000 4 14.0213
Running CCC with SIZE=10000000, FEATURES=4...
1 2 10000000 4 194.5537
Running CCC with SIZE=10000, FEATURES=6...
1 2 10000 6 3.2133
Running CCC with SIZE=100000, FEATURES=6...
1 2 100000 6 4.1921
Running CCC with SIZE=1000000, FEATURES=6...
1 2 1000000 6 21.5307
Running CCC with SIZE=10000000, FEATURES=6...
1 2 10000000 6 293.8948
Running CCC with SIZE=10000, FEATURES=8...
1 2 10000 8 4.5788
Running CCC with SIZE=100000, FEATURES=8...
1 2 100000 8 6.0616
Running CCC with SIZE=1000000, FEATURES=8...
1 2 1000000 8 30.0807
Running CCC with SIZE=10000000, FEATURES=8...
1 2 10000000 8 402.6915
Running CCC with SIZE=10000, FEATURES=10...
1 2 10000 10 6.7708
Running CCC with SIZE=100000, FEATURES=10...
1 2 100000 10 8.4181
Running CCC with SIZE=1000000, FEATURES=10...
1 2 1000000 10 39.6167
Running CCC with SIZE=10000000, FEATURES=10...
1 2 10000000 10 512.1214
Running CCC with SIZE=10000, FEATURES=12...
1 2 10000 12 9.1217
Running CCC with SIZE=100000, FEATURES=12...
1 2 100000 12 11.7028
Running CCC with SIZE=1000000, FEATURES=12...
1 2 1000000 12 49.7676
Running CCC with SIZE=10000000, FEATURES=12...
1 2 10000000 12 625.2205
Running CCC with SIZE=10000, FEATURES=14...
1 2 10000 14 12.0811
Running CCC with SIZE=100000, FEATURES=14...
1 2 100000 14 14.6508
Running CCC with SIZE=1000000, FEATURES=14...
1 2 1000000 14 61.1899
Running CCC with SIZE=10000000, FEATURES=14...
1 2 10000000 14 744.6928
Running CCC with SIZE=10000, FEATURES=16...
1 2 10000 16 15.7521
Running CCC with SIZE=100000, FEATURES=16...
1 2 100000 16 18.8849
Running CCC with SIZE=1000000, FEATURES=16...
1 2 1000000 16 73.0602
Running CCC with SIZE=10000000, FEATURES=16...
1 2 10000000 16 859.9478
Running CCC with SIZE=10000, FEATURES=18...
1 2 10000 18 19.2830
Running CCC with SIZE=100000, FEATURES=18...
1 2 100000 18 23.2095
Running CCC with SIZE=1000000, FEATURES=18...
1 2 1000000 18 85.9202
Running CCC with SIZE=10000000, FEATURES=18...
1 2 10000000 18 977.8010
Running CCC with SIZE=10000, FEATURES=20...
1 2 10000 20 23.7958
Running CCC with SIZE=100000, FEATURES=20...
1 2 100000 20 27.9037
Running CCC with SIZE=1000000, FEATURES=20...
1 2 1000000 20 99.4364
Running CCC with SIZE=10000000, FEATURES=20...
1 2 10000000 20 1117.1104
