GPUs available: 1
/work/pi_mrobson_smith_edu/ccc-env-gpu/lib/python3.9/site-packages/numba/cuda/dispatcher.py:536: NumbaPerformanceWarning: Grid size 1 will likely result in GPU under-utilization due to low occupancy.
  warn(NumbaPerformanceWarning(msg))
/work/pi_mrobson_smith_edu/ccc-env-gpu/lib/python3.9/site-packages/numba/cuda/dispatcher.py:536: NumbaPerformanceWarning: Grid size 1 will likely result in GPU under-utilization due to low occupancy.
  warn(NumbaPerformanceWarning(msg))
/work/pi_mrobson_smith_edu/ccc-env-gpu/lib/python3.9/site-packages/numba/cuda/dispatcher.py:536: NumbaPerformanceWarning: Grid size 1 will likely result in GPU under-utilization due to low occupancy.
  warn(NumbaPerformanceWarning(msg))
/work/pi_mrobson_smith_edu/ccc-env-gpu/lib/python3.9/site-packages/numba/cuda/dispatcher.py:536: NumbaPerformanceWarning: Grid size 1 will likely result in GPU under-utilization due to low occupancy.
  warn(NumbaPerformanceWarning(msg))
/work/pi_mrobson_smith_edu/ccc-env-gpu/lib/python3.9/site-packages/numba/cuda/dispatcher.py:536: NumbaPerformanceWarning: Grid size 1 will likely result in GPU under-utilization due to low occupancy.
  warn(NumbaPerformanceWarning(msg))
[INFO] Running chunk on GPU 0
Running CCC with GPU support...

Testing with 2 features and 10000 samples...
GPUs available: 1
/work/pi_mrobson_smith_edu/ccc-env-gpu/lib/python3.9/site-packages/numba/cuda/dispatcher.py:536: NumbaPerformanceWarning: Grid size 40 will likely result in GPU under-utilization due to low occupancy.
  warn(NumbaPerformanceWarning(msg))
/work/pi_mrobson_smith_edu/ccc-env-gpu/lib/python3.9/site-packages/numba/cuda/dispatcher.py:536: NumbaPerformanceWarning: Grid size 1 will likely result in GPU under-utilization due to low occupancy.
  warn(NumbaPerformanceWarning(msg))
/work/pi_mrobson_smith_edu/ccc-env-gpu/lib/python3.9/site-packages/numba/cuda/dispatcher.py:536: NumbaPerformanceWarning: Grid size 1 will likely result in GPU under-utilization due to low occupancy.
  warn(NumbaPerformanceWarning(msg))
/work/pi_mrobson_smith_edu/ccc-env-gpu/lib/python3.9/site-packages/numba/cuda/dispatcher.py:536: NumbaPerformanceWarning: Grid size 1 will likely result in GPU under-utilization due to low occupancy.
  warn(NumbaPerformanceWarning(msg))
/work/pi_mrobson_smith_edu/ccc-env-gpu/lib/python3.9/site-packages/numba/cuda/dispatcher.py:536: NumbaPerformanceWarning: Grid size 1 will likely result in GPU under-utilization due to low occupancy.
  warn(NumbaPerformanceWarning(msg))
[INFO] Running chunk on GPU 0
Time taken: 1.57 s

Testing with 2 features and 100000 samples...
GPUs available: 1
/work/pi_mrobson_smith_edu/ccc-env-gpu/lib/python3.9/site-packages/numba/cuda/dispatcher.py:536: NumbaPerformanceWarning: Grid size 1 will likely result in GPU under-utilization due to low occupancy.
  warn(NumbaPerformanceWarning(msg))
/work/pi_mrobson_smith_edu/ccc-env-gpu/lib/python3.9/site-packages/numba/cuda/dispatcher.py:536: NumbaPerformanceWarning: Grid size 1 will likely result in GPU under-utilization due to low occupancy.
  warn(NumbaPerformanceWarning(msg))
/work/pi_mrobson_smith_edu/ccc-env-gpu/lib/python3.9/site-packages/numba/cuda/dispatcher.py:536: NumbaPerformanceWarning: Grid size 1 will likely result in GPU under-utilization due to low occupancy.
  warn(NumbaPerformanceWarning(msg))
/work/pi_mrobson_smith_edu/ccc-env-gpu/lib/python3.9/site-packages/numba/cuda/dispatcher.py:536: NumbaPerformanceWarning: Grid size 1 will likely result in GPU under-utilization due to low occupancy.
  warn(NumbaPerformanceWarning(msg))
[INFO] Running chunk on GPU 0
Time taken: 1.90 s

Testing with 2 features and 1000000 samples...
GPUs available: 1
/work/pi_mrobson_smith_edu/ccc-env-gpu/lib/python3.9/site-packages/numba/cuda/dispatcher.py:536: NumbaPerformanceWarning: Grid size 1 will likely result in GPU under-utilization due to low occupancy.
  warn(NumbaPerformanceWarning(msg))
/work/pi_mrobson_smith_edu/ccc-env-gpu/lib/python3.9/site-packages/numba/cuda/dispatcher.py:536: NumbaPerformanceWarning: Grid size 1 will likely result in GPU under-utilization due to low occupancy.
  warn(NumbaPerformanceWarning(msg))
/work/pi_mrobson_smith_edu/ccc-env-gpu/lib/python3.9/site-packages/numba/cuda/dispatcher.py:536: NumbaPerformanceWarning: Grid size 1 will likely result in GPU under-utilization due to low occupancy.
  warn(NumbaPerformanceWarning(msg))
/work/pi_mrobson_smith_edu/ccc-env-gpu/lib/python3.9/site-packages/numba/cuda/dispatcher.py:536: NumbaPerformanceWarning: Grid size 1 will likely result in GPU under-utilization due to low occupancy.
  warn(NumbaPerformanceWarning(msg))
[INFO] Running chunk on GPU 0
Time taken: 6.15 s

Testing with 2 features and 10000000 samples...
GPUs available: 1
/work/pi_mrobson_smith_edu/ccc-env-gpu/lib/python3.9/site-packages/numba/cuda/dispatcher.py:536: NumbaPerformanceWarning: Grid size 1 will likely result in GPU under-utilization due to low occupancy.
  warn(NumbaPerformanceWarning(msg))
/work/pi_mrobson_smith_edu/ccc-env-gpu/lib/python3.9/site-packages/numba/cuda/dispatcher.py:536: NumbaPerformanceWarning: Grid size 1 will likely result in GPU under-utilization due to low occupancy.
  warn(NumbaPerformanceWarning(msg))
/work/pi_mrobson_smith_edu/ccc-env-gpu/lib/python3.9/site-packages/numba/cuda/dispatcher.py:536: NumbaPerformanceWarning: Grid size 1 will likely result in GPU under-utilization due to low occupancy.
  warn(NumbaPerformanceWarning(msg))
/work/pi_mrobson_smith_edu/ccc-env-gpu/lib/python3.9/site-packages/numba/cuda/dispatcher.py:536: NumbaPerformanceWarning: Grid size 1 will likely result in GPU under-utilization due to low occupancy.
  warn(NumbaPerformanceWarning(msg))
[INFO] Running chunk on GPU 0
Time taken: 65.06 s

Testing with 4 features and 10000 samples...
GPUs available: 1
/work/pi_mrobson_smith_edu/ccc-env-gpu/lib/python3.9/site-packages/numba/cuda/dispatcher.py:536: NumbaPerformanceWarning: Grid size 40 will likely result in GPU under-utilization due to low occupancy.
  warn(NumbaPerformanceWarning(msg))
/work/pi_mrobson_smith_edu/ccc-env-gpu/lib/python3.9/site-packages/numba/cuda/dispatcher.py:536: NumbaPerformanceWarning: Grid size 1 will likely result in GPU under-utilization due to low occupancy.
  warn(NumbaPerformanceWarning(msg))
/work/pi_mrobson_smith_edu/ccc-env-gpu/lib/python3.9/site-packages/numba/cuda/dispatcher.py:536: NumbaPerformanceWarning: Grid size 1 will likely result in GPU under-utilization due to low occupancy.
  warn(NumbaPerformanceWarning(msg))
/work/pi_mrobson_smith_edu/ccc-env-gpu/lib/python3.9/site-packages/numba/cuda/dispatcher.py:536: NumbaPerformanceWarning: Grid size 1 will likely result in GPU under-utilization due to low occupancy.
  warn(NumbaPerformanceWarning(msg))
/work/pi_mrobson_smith_edu/ccc-env-gpu/lib/python3.9/site-packages/numba/cuda/dispatcher.py:536: NumbaPerformanceWarning: Grid size 1 will likely result in GPU under-utilization due to low occupancy.
  warn(NumbaPerformanceWarning(msg))
[INFO] Running chunk on GPU 0
Time taken: 2.40 s

Testing with 4 features and 100000 samples...
GPUs available: 1
/work/pi_mrobson_smith_edu/ccc-env-gpu/lib/python3.9/site-packages/numba/cuda/dispatcher.py:536: NumbaPerformanceWarning: Grid size 1 will likely result in GPU under-utilization due to low occupancy.
  warn(NumbaPerformanceWarning(msg))
/work/pi_mrobson_smith_edu/ccc-env-gpu/lib/python3.9/site-packages/numba/cuda/dispatcher.py:536: NumbaPerformanceWarning: Grid size 1 will likely result in GPU under-utilization due to low occupancy.
  warn(NumbaPerformanceWarning(msg))
/work/pi_mrobson_smith_edu/ccc-env-gpu/lib/python3.9/site-packages/numba/cuda/dispatcher.py:536: NumbaPerformanceWarning: Grid size 1 will likely result in GPU under-utilization due to low occupancy.
  warn(NumbaPerformanceWarning(msg))
/work/pi_mrobson_smith_edu/ccc-env-gpu/lib/python3.9/site-packages/numba/cuda/dispatcher.py:536: NumbaPerformanceWarning: Grid size 1 will likely result in GPU under-utilization due to low occupancy.
  warn(NumbaPerformanceWarning(msg))
[INFO] Running chunk on GPU 0
Time taken: 3.04 s

Testing with 4 features and 1000000 samples...
GPUs available: 1
/work/pi_mrobson_smith_edu/ccc-env-gpu/lib/python3.9/site-packages/numba/cuda/dispatcher.py:536: NumbaPerformanceWarning: Grid size 1 will likely result in GPU under-utilization due to low occupancy.
  warn(NumbaPerformanceWarning(msg))
/work/pi_mrobson_smith_edu/ccc-env-gpu/lib/python3.9/site-packages/numba/cuda/dispatcher.py:536: NumbaPerformanceWarning: Grid size 1 will likely result in GPU under-utilization due to low occupancy.
  warn(NumbaPerformanceWarning(msg))
/work/pi_mrobson_smith_edu/ccc-env-gpu/lib/python3.9/site-packages/numba/cuda/dispatcher.py:536: NumbaPerformanceWarning: Grid size 1 will likely result in GPU under-utilization due to low occupancy.
  warn(NumbaPerformanceWarning(msg))
/work/pi_mrobson_smith_edu/ccc-env-gpu/lib/python3.9/site-packages/numba/cuda/dispatcher.py:536: NumbaPerformanceWarning: Grid size 1 will likely result in GPU under-utilization due to low occupancy.
  warn(NumbaPerformanceWarning(msg))
[INFO] Running chunk on GPU 0
Time taken: 11.76 s

Testing with 4 features and 10000000 samples...
GPUs available: 1
/work/pi_mrobson_smith_edu/ccc-env-gpu/lib/python3.9/site-packages/numba/cuda/dispatcher.py:536: NumbaPerformanceWarning: Grid size 1 will likely result in GPU under-utilization due to low occupancy.
  warn(NumbaPerformanceWarning(msg))
/work/pi_mrobson_smith_edu/ccc-env-gpu/lib/python3.9/site-packages/numba/cuda/dispatcher.py:536: NumbaPerformanceWarning: Grid size 1 will likely result in GPU under-utilization due to low occupancy.
  warn(NumbaPerformanceWarning(msg))
/work/pi_mrobson_smith_edu/ccc-env-gpu/lib/python3.9/site-packages/numba/cuda/dispatcher.py:536: NumbaPerformanceWarning: Grid size 1 will likely result in GPU under-utilization due to low occupancy.
  warn(NumbaPerformanceWarning(msg))
/work/pi_mrobson_smith_edu/ccc-env-gpu/lib/python3.9/site-packages/numba/cuda/dispatcher.py:536: NumbaPerformanceWarning: Grid size 1 will likely result in GPU under-utilization due to low occupancy.
  warn(NumbaPerformanceWarning(msg))
[INFO] Running chunk on GPU 0
Time taken: 132.20 s

Testing with 6 features and 10000 samples...
GPUs available: 1
/work/pi_mrobson_smith_edu/ccc-env-gpu/lib/python3.9/site-packages/numba/cuda/dispatcher.py:536: NumbaPerformanceWarning: Grid size 40 will likely result in GPU under-utilization due to low occupancy.
  warn(NumbaPerformanceWarning(msg))
/work/pi_mrobson_smith_edu/ccc-env-gpu/lib/python3.9/site-packages/numba/cuda/dispatcher.py:536: NumbaPerformanceWarning: Grid size 1 will likely result in GPU under-utilization due to low occupancy.
  warn(NumbaPerformanceWarning(msg))
/work/pi_mrobson_smith_edu/ccc-env-gpu/lib/python3.9/site-packages/numba/cuda/dispatcher.py:536: NumbaPerformanceWarning: Grid size 1 will likely result in GPU under-utilization due to low occupancy.
  warn(NumbaPerformanceWarning(msg))
/work/pi_mrobson_smith_edu/ccc-env-gpu/lib/python3.9/site-packages/numba/cuda/dispatcher.py:536: NumbaPerformanceWarning: Grid size 1 will likely result in GPU under-utilization due to low occupancy.
  warn(NumbaPerformanceWarning(msg))
/work/pi_mrobson_smith_edu/ccc-env-gpu/lib/python3.9/site-packages/numba/cuda/dispatcher.py:536: NumbaPerformanceWarning: Grid size 1 will likely result in GPU under-utilization due to low occupancy.
  warn(NumbaPerformanceWarning(msg))
[INFO] Running chunk on GPU 0
Time taken: 3.81 s

Testing with 6 features and 100000 samples...
GPUs available: 1
/work/pi_mrobson_smith_edu/ccc-env-gpu/lib/python3.9/site-packages/numba/cuda/dispatcher.py:536: NumbaPerformanceWarning: Grid size 1 will likely result in GPU under-utilization due to low occupancy.
  warn(NumbaPerformanceWarning(msg))
/work/pi_mrobson_smith_edu/ccc-env-gpu/lib/python3.9/site-packages/numba/cuda/dispatcher.py:536: NumbaPerformanceWarning: Grid size 1 will likely result in GPU under-utilization due to low occupancy.
  warn(NumbaPerformanceWarning(msg))
/work/pi_mrobson_smith_edu/ccc-env-gpu/lib/python3.9/site-packages/numba/cuda/dispatcher.py:536: NumbaPerformanceWarning: Grid size 1 will likely result in GPU under-utilization due to low occupancy.
  warn(NumbaPerformanceWarning(msg))
/work/pi_mrobson_smith_edu/ccc-env-gpu/lib/python3.9/site-packages/numba/cuda/dispatcher.py:536: NumbaPerformanceWarning: Grid size 1 will likely result in GPU under-utilization due to low occupancy.
  warn(NumbaPerformanceWarning(msg))
[INFO] Running chunk on GPU 0
Time taken: 4.86 s

Testing with 6 features and 1000000 samples...
GPUs available: 1
/work/pi_mrobson_smith_edu/ccc-env-gpu/lib/python3.9/site-packages/numba/cuda/dispatcher.py:536: NumbaPerformanceWarning: Grid size 1 will likely result in GPU under-utilization due to low occupancy.
  warn(NumbaPerformanceWarning(msg))
/work/pi_mrobson_smith_edu/ccc-env-gpu/lib/python3.9/site-packages/numba/cuda/dispatcher.py:536: NumbaPerformanceWarning: Grid size 1 will likely result in GPU under-utilization due to low occupancy.
  warn(NumbaPerformanceWarning(msg))
/work/pi_mrobson_smith_edu/ccc-env-gpu/lib/python3.9/site-packages/numba/cuda/dispatcher.py:536: NumbaPerformanceWarning: Grid size 1 will likely result in GPU under-utilization due to low occupancy.
  warn(NumbaPerformanceWarning(msg))
/work/pi_mrobson_smith_edu/ccc-env-gpu/lib/python3.9/site-packages/numba/cuda/dispatcher.py:536: NumbaPerformanceWarning: Grid size 1 will likely result in GPU under-utilization due to low occupancy.
  warn(NumbaPerformanceWarning(msg))
[INFO] Running chunk on GPU 0
Time taken: 17.89 s

Testing with 6 features and 10000000 samples...
GPUs available: 1
/work/pi_mrobson_smith_edu/ccc-env-gpu/lib/python3.9/site-packages/numba/cuda/dispatcher.py:536: NumbaPerformanceWarning: Grid size 1 will likely result in GPU under-utilization due to low occupancy.
  warn(NumbaPerformanceWarning(msg))
/work/pi_mrobson_smith_edu/ccc-env-gpu/lib/python3.9/site-packages/numba/cuda/dispatcher.py:536: NumbaPerformanceWarning: Grid size 1 will likely result in GPU under-utilization due to low occupancy.
  warn(NumbaPerformanceWarning(msg))
/work/pi_mrobson_smith_edu/ccc-env-gpu/lib/python3.9/site-packages/numba/cuda/dispatcher.py:536: NumbaPerformanceWarning: Grid size 1 will likely result in GPU under-utilization due to low occupancy.
  warn(NumbaPerformanceWarning(msg))
/work/pi_mrobson_smith_edu/ccc-env-gpu/lib/python3.9/site-packages/numba/cuda/dispatcher.py:536: NumbaPerformanceWarning: Grid size 1 will likely result in GPU under-utilization due to low occupancy.
  warn(NumbaPerformanceWarning(msg))
[INFO] Running chunk on GPU 0
Time taken: 206.90 s

Testing with 8 features and 10000 samples...
GPUs available: 1
/work/pi_mrobson_smith_edu/ccc-env-gpu/lib/python3.9/site-packages/numba/cuda/dispatcher.py:536: NumbaPerformanceWarning: Grid size 40 will likely result in GPU under-utilization due to low occupancy.
  warn(NumbaPerformanceWarning(msg))
/work/pi_mrobson_smith_edu/ccc-env-gpu/lib/python3.9/site-packages/numba/cuda/dispatcher.py:536: NumbaPerformanceWarning: Grid size 1 will likely result in GPU under-utilization due to low occupancy.
  warn(NumbaPerformanceWarning(msg))
/work/pi_mrobson_smith_edu/ccc-env-gpu/lib/python3.9/site-packages/numba/cuda/dispatcher.py:536: NumbaPerformanceWarning: Grid size 1 will likely result in GPU under-utilization due to low occupancy.
  warn(NumbaPerformanceWarning(msg))
/work/pi_mrobson_smith_edu/ccc-env-gpu/lib/python3.9/site-packages/numba/cuda/dispatcher.py:536: NumbaPerformanceWarning: Grid size 1 will likely result in GPU under-utilization due to low occupancy.
  warn(NumbaPerformanceWarning(msg))
/work/pi_mrobson_smith_edu/ccc-env-gpu/lib/python3.9/site-packages/numba/cuda/dispatcher.py:536: NumbaPerformanceWarning: Grid size 1 will likely result in GPU under-utilization due to low occupancy.
  warn(NumbaPerformanceWarning(msg))
[INFO] Running chunk on GPU 0
Time taken: 5.83 s

Testing with 8 features and 100000 samples...
GPUs available: 1
/work/pi_mrobson_smith_edu/ccc-env-gpu/lib/python3.9/site-packages/numba/cuda/dispatcher.py:536: NumbaPerformanceWarning: Grid size 1 will likely result in GPU under-utilization due to low occupancy.
  warn(NumbaPerformanceWarning(msg))
/work/pi_mrobson_smith_edu/ccc-env-gpu/lib/python3.9/site-packages/numba/cuda/dispatcher.py:536: NumbaPerformanceWarning: Grid size 1 will likely result in GPU under-utilization due to low occupancy.
  warn(NumbaPerformanceWarning(msg))
/work/pi_mrobson_smith_edu/ccc-env-gpu/lib/python3.9/site-packages/numba/cuda/dispatcher.py:536: NumbaPerformanceWarning: Grid size 1 will likely result in GPU under-utilization due to low occupancy.
  warn(NumbaPerformanceWarning(msg))
/work/pi_mrobson_smith_edu/ccc-env-gpu/lib/python3.9/site-packages/numba/cuda/dispatcher.py:536: NumbaPerformanceWarning: Grid size 1 will likely result in GPU under-utilization due to low occupancy.
  warn(NumbaPerformanceWarning(msg))
[INFO] Running chunk on GPU 0
Time taken: 7.32 s

Testing with 8 features and 1000000 samples...
GPUs available: 1
/work/pi_mrobson_smith_edu/ccc-env-gpu/lib/python3.9/site-packages/numba/cuda/dispatcher.py:536: NumbaPerformanceWarning: Grid size 1 will likely result in GPU under-utilization due to low occupancy.
  warn(NumbaPerformanceWarning(msg))
/work/pi_mrobson_smith_edu/ccc-env-gpu/lib/python3.9/site-packages/numba/cuda/dispatcher.py:536: NumbaPerformanceWarning: Grid size 1 will likely result in GPU under-utilization due to low occupancy.
  warn(NumbaPerformanceWarning(msg))
/work/pi_mrobson_smith_edu/ccc-env-gpu/lib/python3.9/site-packages/numba/cuda/dispatcher.py:536: NumbaPerformanceWarning: Grid size 1 will likely result in GPU under-utilization due to low occupancy.
  warn(NumbaPerformanceWarning(msg))
/work/pi_mrobson_smith_edu/ccc-env-gpu/lib/python3.9/site-packages/numba/cuda/dispatcher.py:536: NumbaPerformanceWarning: Grid size 1 will likely result in GPU under-utilization due to low occupancy.
  warn(NumbaPerformanceWarning(msg))
[INFO] Running chunk on GPU 0
Time taken: 25.62 s

Testing with 8 features and 10000000 samples...
GPUs available: 1
/work/pi_mrobson_smith_edu/ccc-env-gpu/lib/python3.9/site-packages/numba/cuda/dispatcher.py:536: NumbaPerformanceWarning: Grid size 1 will likely result in GPU under-utilization due to low occupancy.
  warn(NumbaPerformanceWarning(msg))
/work/pi_mrobson_smith_edu/ccc-env-gpu/lib/python3.9/site-packages/numba/cuda/dispatcher.py:536: NumbaPerformanceWarning: Grid size 1 will likely result in GPU under-utilization due to low occupancy.
  warn(NumbaPerformanceWarning(msg))
/work/pi_mrobson_smith_edu/ccc-env-gpu/lib/python3.9/site-packages/numba/cuda/dispatcher.py:536: NumbaPerformanceWarning: Grid size 1 will likely result in GPU under-utilization due to low occupancy.
  warn(NumbaPerformanceWarning(msg))
/work/pi_mrobson_smith_edu/ccc-env-gpu/lib/python3.9/site-packages/numba/cuda/dispatcher.py:536: NumbaPerformanceWarning: Grid size 1 will likely result in GPU under-utilization due to low occupancy.
  warn(NumbaPerformanceWarning(msg))
[INFO] Running chunk on GPU 0
Time taken: 284.08 s

Testing with 10 features and 10000 samples...
GPUs available: 1
/work/pi_mrobson_smith_edu/ccc-env-gpu/lib/python3.9/site-packages/numba/cuda/dispatcher.py:536: NumbaPerformanceWarning: Grid size 40 will likely result in GPU under-utilization due to low occupancy.
  warn(NumbaPerformanceWarning(msg))
/work/pi_mrobson_smith_edu/ccc-env-gpu/lib/python3.9/site-packages/numba/cuda/dispatcher.py:536: NumbaPerformanceWarning: Grid size 1 will likely result in GPU under-utilization due to low occupancy.
  warn(NumbaPerformanceWarning(msg))
/work/pi_mrobson_smith_edu/ccc-env-gpu/lib/python3.9/site-packages/numba/cuda/dispatcher.py:536: NumbaPerformanceWarning: Grid size 1 will likely result in GPU under-utilization due to low occupancy.
  warn(NumbaPerformanceWarning(msg))
/work/pi_mrobson_smith_edu/ccc-env-gpu/lib/python3.9/site-packages/numba/cuda/dispatcher.py:536: NumbaPerformanceWarning: Grid size 1 will likely result in GPU under-utilization due to low occupancy.
  warn(NumbaPerformanceWarning(msg))
/work/pi_mrobson_smith_edu/ccc-env-gpu/lib/python3.9/site-packages/numba/cuda/dispatcher.py:536: NumbaPerformanceWarning: Grid size 1 will likely result in GPU under-utilization due to low occupancy.
  warn(NumbaPerformanceWarning(msg))
[INFO] Running chunk on GPU 0
Time taken: 8.51 s

Testing with 10 features and 100000 samples...
GPUs available: 1
/work/pi_mrobson_smith_edu/ccc-env-gpu/lib/python3.9/site-packages/numba/cuda/dispatcher.py:536: NumbaPerformanceWarning: Grid size 1 will likely result in GPU under-utilization due to low occupancy.
  warn(NumbaPerformanceWarning(msg))
/work/pi_mrobson_smith_edu/ccc-env-gpu/lib/python3.9/site-packages/numba/cuda/dispatcher.py:536: NumbaPerformanceWarning: Grid size 1 will likely result in GPU under-utilization due to low occupancy.
  warn(NumbaPerformanceWarning(msg))
/work/pi_mrobson_smith_edu/ccc-env-gpu/lib/python3.9/site-packages/numba/cuda/dispatcher.py:536: NumbaPerformanceWarning: Grid size 1 will likely result in GPU under-utilization due to low occupancy.
  warn(NumbaPerformanceWarning(msg))
/work/pi_mrobson_smith_edu/ccc-env-gpu/lib/python3.9/site-packages/numba/cuda/dispatcher.py:536: NumbaPerformanceWarning: Grid size 1 will likely result in GPU under-utilization due to low occupancy.
  warn(NumbaPerformanceWarning(msg))
[INFO] Running chunk on GPU 0
Time taken: 10.40 s

Testing with 10 features and 1000000 samples...
GPUs available: 1
/work/pi_mrobson_smith_edu/ccc-env-gpu/lib/python3.9/site-packages/numba/cuda/dispatcher.py:536: NumbaPerformanceWarning: Grid size 1 will likely result in GPU under-utilization due to low occupancy.
  warn(NumbaPerformanceWarning(msg))
/work/pi_mrobson_smith_edu/ccc-env-gpu/lib/python3.9/site-packages/numba/cuda/dispatcher.py:536: NumbaPerformanceWarning: Grid size 1 will likely result in GPU under-utilization due to low occupancy.
  warn(NumbaPerformanceWarning(msg))
/work/pi_mrobson_smith_edu/ccc-env-gpu/lib/python3.9/site-packages/numba/cuda/dispatcher.py:536: NumbaPerformanceWarning: Grid size 1 will likely result in GPU under-utilization due to low occupancy.
  warn(NumbaPerformanceWarning(msg))
/work/pi_mrobson_smith_edu/ccc-env-gpu/lib/python3.9/site-packages/numba/cuda/dispatcher.py:536: NumbaPerformanceWarning: Grid size 1 will likely result in GPU under-utilization due to low occupancy.
  warn(NumbaPerformanceWarning(msg))
[INFO] Running chunk on GPU 0
Time taken: 34.91 s

Testing with 10 features and 10000000 samples...
GPUs available: 1
/work/pi_mrobson_smith_edu/ccc-env-gpu/lib/python3.9/site-packages/numba/cuda/dispatcher.py:536: NumbaPerformanceWarning: Grid size 1 will likely result in GPU under-utilization due to low occupancy.
  warn(NumbaPerformanceWarning(msg))
/work/pi_mrobson_smith_edu/ccc-env-gpu/lib/python3.9/site-packages/numba/cuda/dispatcher.py:536: NumbaPerformanceWarning: Grid size 1 will likely result in GPU under-utilization due to low occupancy.
  warn(NumbaPerformanceWarning(msg))
/work/pi_mrobson_smith_edu/ccc-env-gpu/lib/python3.9/site-packages/numba/cuda/dispatcher.py:536: NumbaPerformanceWarning: Grid size 1 will likely result in GPU under-utilization due to low occupancy.
  warn(NumbaPerformanceWarning(msg))
/work/pi_mrobson_smith_edu/ccc-env-gpu/lib/python3.9/site-packages/numba/cuda/dispatcher.py:536: NumbaPerformanceWarning: Grid size 1 will likely result in GPU under-utilization due to low occupancy.
  warn(NumbaPerformanceWarning(msg))
[INFO] Running chunk on GPU 0
Time taken: 366.31 s

Testing with 12 features and 10000 samples...
GPUs available: 1
/work/pi_mrobson_smith_edu/ccc-env-gpu/lib/python3.9/site-packages/numba/cuda/dispatcher.py:536: NumbaPerformanceWarning: Grid size 40 will likely result in GPU under-utilization due to low occupancy.
  warn(NumbaPerformanceWarning(msg))
/work/pi_mrobson_smith_edu/ccc-env-gpu/lib/python3.9/site-packages/numba/cuda/dispatcher.py:536: NumbaPerformanceWarning: Grid size 1 will likely result in GPU under-utilization due to low occupancy.
  warn(NumbaPerformanceWarning(msg))
/work/pi_mrobson_smith_edu/ccc-env-gpu/lib/python3.9/site-packages/numba/cuda/dispatcher.py:536: NumbaPerformanceWarning: Grid size 1 will likely result in GPU under-utilization due to low occupancy.
  warn(NumbaPerformanceWarning(msg))
/work/pi_mrobson_smith_edu/ccc-env-gpu/lib/python3.9/site-packages/numba/cuda/dispatcher.py:536: NumbaPerformanceWarning: Grid size 1 will likely result in GPU under-utilization due to low occupancy.
  warn(NumbaPerformanceWarning(msg))
/work/pi_mrobson_smith_edu/ccc-env-gpu/lib/python3.9/site-packages/numba/cuda/dispatcher.py:536: NumbaPerformanceWarning: Grid size 1 will likely result in GPU under-utilization due to low occupancy.
  warn(NumbaPerformanceWarning(msg))
[INFO] Running chunk on GPU 0
Time taken: 11.80 s

Testing with 12 features and 100000 samples...
GPUs available: 1
/work/pi_mrobson_smith_edu/ccc-env-gpu/lib/python3.9/site-packages/numba/cuda/dispatcher.py:536: NumbaPerformanceWarning: Grid size 1 will likely result in GPU under-utilization due to low occupancy.
  warn(NumbaPerformanceWarning(msg))
/work/pi_mrobson_smith_edu/ccc-env-gpu/lib/python3.9/site-packages/numba/cuda/dispatcher.py:536: NumbaPerformanceWarning: Grid size 1 will likely result in GPU under-utilization due to low occupancy.
  warn(NumbaPerformanceWarning(msg))
/work/pi_mrobson_smith_edu/ccc-env-gpu/lib/python3.9/site-packages/numba/cuda/dispatcher.py:536: NumbaPerformanceWarning: Grid size 1 will likely result in GPU under-utilization due to low occupancy.
  warn(NumbaPerformanceWarning(msg))
/work/pi_mrobson_smith_edu/ccc-env-gpu/lib/python3.9/site-packages/numba/cuda/dispatcher.py:536: NumbaPerformanceWarning: Grid size 1 will likely result in GPU under-utilization due to low occupancy.
  warn(NumbaPerformanceWarning(msg))
[INFO] Running chunk on GPU 0
Time taken: 14.08 s

Testing with 12 features and 1000000 samples...
GPUs available: 1
/work/pi_mrobson_smith_edu/ccc-env-gpu/lib/python3.9/site-packages/numba/cuda/dispatcher.py:536: NumbaPerformanceWarning: Grid size 1 will likely result in GPU under-utilization due to low occupancy.
  warn(NumbaPerformanceWarning(msg))
/work/pi_mrobson_smith_edu/ccc-env-gpu/lib/python3.9/site-packages/numba/cuda/dispatcher.py:536: NumbaPerformanceWarning: Grid size 1 will likely result in GPU under-utilization due to low occupancy.
  warn(NumbaPerformanceWarning(msg))
/work/pi_mrobson_smith_edu/ccc-env-gpu/lib/python3.9/site-packages/numba/cuda/dispatcher.py:536: NumbaPerformanceWarning: Grid size 1 will likely result in GPU under-utilization due to low occupancy.
  warn(NumbaPerformanceWarning(msg))
/work/pi_mrobson_smith_edu/ccc-env-gpu/lib/python3.9/site-packages/numba/cuda/dispatcher.py:536: NumbaPerformanceWarning: Grid size 1 will likely result in GPU under-utilization due to low occupancy.
  warn(NumbaPerformanceWarning(msg))
[INFO] Running chunk on GPU 0
Time taken: 45.11 s

Testing with 12 features and 10000000 samples...
GPUs available: 1
/work/pi_mrobson_smith_edu/ccc-env-gpu/lib/python3.9/site-packages/numba/cuda/dispatcher.py:536: NumbaPerformanceWarning: Grid size 1 will likely result in GPU under-utilization due to low occupancy.
  warn(NumbaPerformanceWarning(msg))
/work/pi_mrobson_smith_edu/ccc-env-gpu/lib/python3.9/site-packages/numba/cuda/dispatcher.py:536: NumbaPerformanceWarning: Grid size 1 will likely result in GPU under-utilization due to low occupancy.
  warn(NumbaPerformanceWarning(msg))
/work/pi_mrobson_smith_edu/ccc-env-gpu/lib/python3.9/site-packages/numba/cuda/dispatcher.py:536: NumbaPerformanceWarning: Grid size 1 will likely result in GPU under-utilization due to low occupancy.
  warn(NumbaPerformanceWarning(msg))
/work/pi_mrobson_smith_edu/ccc-env-gpu/lib/python3.9/site-packages/numba/cuda/dispatcher.py:536: NumbaPerformanceWarning: Grid size 1 will likely result in GPU under-utilization due to low occupancy.
  warn(NumbaPerformanceWarning(msg))
[INFO] Running chunk on GPU 0
Time taken: 456.13 s

Testing with 14 features and 10000 samples...
GPUs available: 1
/work/pi_mrobson_smith_edu/ccc-env-gpu/lib/python3.9/site-packages/numba/cuda/dispatcher.py:536: NumbaPerformanceWarning: Grid size 40 will likely result in GPU under-utilization due to low occupancy.
  warn(NumbaPerformanceWarning(msg))
/work/pi_mrobson_smith_edu/ccc-env-gpu/lib/python3.9/site-packages/numba/cuda/dispatcher.py:536: NumbaPerformanceWarning: Grid size 1 will likely result in GPU under-utilization due to low occupancy.
  warn(NumbaPerformanceWarning(msg))
/work/pi_mrobson_smith_edu/ccc-env-gpu/lib/python3.9/site-packages/numba/cuda/dispatcher.py:536: NumbaPerformanceWarning: Grid size 1 will likely result in GPU under-utilization due to low occupancy.
  warn(NumbaPerformanceWarning(msg))
/work/pi_mrobson_smith_edu/ccc-env-gpu/lib/python3.9/site-packages/numba/cuda/dispatcher.py:536: NumbaPerformanceWarning: Grid size 1 will likely result in GPU under-utilization due to low occupancy.
  warn(NumbaPerformanceWarning(msg))
/work/pi_mrobson_smith_edu/ccc-env-gpu/lib/python3.9/site-packages/numba/cuda/dispatcher.py:536: NumbaPerformanceWarning: Grid size 1 will likely result in GPU under-utilization due to low occupancy.
  warn(NumbaPerformanceWarning(msg))
[INFO] Running chunk on GPU 0
Time taken: 15.61 s

Testing with 14 features and 100000 samples...
GPUs available: 1
/work/pi_mrobson_smith_edu/ccc-env-gpu/lib/python3.9/site-packages/numba/cuda/dispatcher.py:536: NumbaPerformanceWarning: Grid size 1 will likely result in GPU under-utilization due to low occupancy.
  warn(NumbaPerformanceWarning(msg))
/work/pi_mrobson_smith_edu/ccc-env-gpu/lib/python3.9/site-packages/numba/cuda/dispatcher.py:536: NumbaPerformanceWarning: Grid size 1 will likely result in GPU under-utilization due to low occupancy.
  warn(NumbaPerformanceWarning(msg))
/work/pi_mrobson_smith_edu/ccc-env-gpu/lib/python3.9/site-packages/numba/cuda/dispatcher.py:536: NumbaPerformanceWarning: Grid size 1 will likely result in GPU under-utilization due to low occupancy.
  warn(NumbaPerformanceWarning(msg))
/work/pi_mrobson_smith_edu/ccc-env-gpu/lib/python3.9/site-packages/numba/cuda/dispatcher.py:536: NumbaPerformanceWarning: Grid size 1 will likely result in GPU under-utilization due to low occupancy.
  warn(NumbaPerformanceWarning(msg))
[INFO] Running chunk on GPU 0
Time taken: 18.44 s

Testing with 14 features and 1000000 samples...
GPUs available: 1
/work/pi_mrobson_smith_edu/ccc-env-gpu/lib/python3.9/site-packages/numba/cuda/dispatcher.py:536: NumbaPerformanceWarning: Grid size 1 will likely result in GPU under-utilization due to low occupancy.
  warn(NumbaPerformanceWarning(msg))
/work/pi_mrobson_smith_edu/ccc-env-gpu/lib/python3.9/site-packages/numba/cuda/dispatcher.py:536: NumbaPerformanceWarning: Grid size 1 will likely result in GPU under-utilization due to low occupancy.
  warn(NumbaPerformanceWarning(msg))
/work/pi_mrobson_smith_edu/ccc-env-gpu/lib/python3.9/site-packages/numba/cuda/dispatcher.py:536: NumbaPerformanceWarning: Grid size 1 will likely result in GPU under-utilization due to low occupancy.
  warn(NumbaPerformanceWarning(msg))
/work/pi_mrobson_smith_edu/ccc-env-gpu/lib/python3.9/site-packages/numba/cuda/dispatcher.py:536: NumbaPerformanceWarning: Grid size 1 will likely result in GPU under-utilization due to low occupancy.
  warn(NumbaPerformanceWarning(msg))
[INFO] Running chunk on GPU 0
Time taken: 56.51 s

Testing with 14 features and 10000000 samples...
GPUs available: 1
/work/pi_mrobson_smith_edu/ccc-env-gpu/lib/python3.9/site-packages/numba/cuda/dispatcher.py:536: NumbaPerformanceWarning: Grid size 1 will likely result in GPU under-utilization due to low occupancy.
  warn(NumbaPerformanceWarning(msg))
/work/pi_mrobson_smith_edu/ccc-env-gpu/lib/python3.9/site-packages/numba/cuda/dispatcher.py:536: NumbaPerformanceWarning: Grid size 1 will likely result in GPU under-utilization due to low occupancy.
  warn(NumbaPerformanceWarning(msg))
/work/pi_mrobson_smith_edu/ccc-env-gpu/lib/python3.9/site-packages/numba/cuda/dispatcher.py:536: NumbaPerformanceWarning: Grid size 1 will likely result in GPU under-utilization due to low occupancy.
  warn(NumbaPerformanceWarning(msg))
/work/pi_mrobson_smith_edu/ccc-env-gpu/lib/python3.9/site-packages/numba/cuda/dispatcher.py:536: NumbaPerformanceWarning: Grid size 1 will likely result in GPU under-utilization due to low occupancy.
  warn(NumbaPerformanceWarning(msg))
[INFO] Running chunk on GPU 0
Time taken: 547.96 s

Testing with 16 features and 10000 samples...
GPUs available: 1
/work/pi_mrobson_smith_edu/ccc-env-gpu/lib/python3.9/site-packages/numba/cuda/dispatcher.py:536: NumbaPerformanceWarning: Grid size 40 will likely result in GPU under-utilization due to low occupancy.
  warn(NumbaPerformanceWarning(msg))
/work/pi_mrobson_smith_edu/ccc-env-gpu/lib/python3.9/site-packages/numba/cuda/dispatcher.py:536: NumbaPerformanceWarning: Grid size 1 will likely result in GPU under-utilization due to low occupancy.
  warn(NumbaPerformanceWarning(msg))
/work/pi_mrobson_smith_edu/ccc-env-gpu/lib/python3.9/site-packages/numba/cuda/dispatcher.py:536: NumbaPerformanceWarning: Grid size 1 will likely result in GPU under-utilization due to low occupancy.
  warn(NumbaPerformanceWarning(msg))
/work/pi_mrobson_smith_edu/ccc-env-gpu/lib/python3.9/site-packages/numba/cuda/dispatcher.py:536: NumbaPerformanceWarning: Grid size 1 will likely result in GPU under-utilization due to low occupancy.
  warn(NumbaPerformanceWarning(msg))
/work/pi_mrobson_smith_edu/ccc-env-gpu/lib/python3.9/site-packages/numba/cuda/dispatcher.py:536: NumbaPerformanceWarning: Grid size 1 will likely result in GPU under-utilization due to low occupancy.
  warn(NumbaPerformanceWarning(msg))
[INFO] Running chunk on GPU 0
Time taken: 20.05 s

Testing with 16 features and 100000 samples...
GPUs available: 1
/work/pi_mrobson_smith_edu/ccc-env-gpu/lib/python3.9/site-packages/numba/cuda/dispatcher.py:536: NumbaPerformanceWarning: Grid size 1 will likely result in GPU under-utilization due to low occupancy.
  warn(NumbaPerformanceWarning(msg))
/work/pi_mrobson_smith_edu/ccc-env-gpu/lib/python3.9/site-packages/numba/cuda/dispatcher.py:536: NumbaPerformanceWarning: Grid size 1 will likely result in GPU under-utilization due to low occupancy.
  warn(NumbaPerformanceWarning(msg))
/work/pi_mrobson_smith_edu/ccc-env-gpu/lib/python3.9/site-packages/numba/cuda/dispatcher.py:536: NumbaPerformanceWarning: Grid size 1 will likely result in GPU under-utilization due to low occupancy.
  warn(NumbaPerformanceWarning(msg))
/work/pi_mrobson_smith_edu/ccc-env-gpu/lib/python3.9/site-packages/numba/cuda/dispatcher.py:536: NumbaPerformanceWarning: Grid size 1 will likely result in GPU under-utilization due to low occupancy.
  warn(NumbaPerformanceWarning(msg))
[INFO] Running chunk on GPU 0
Time taken: 23.49 s

Testing with 16 features and 1000000 samples...
GPUs available: 1
/work/pi_mrobson_smith_edu/ccc-env-gpu/lib/python3.9/site-packages/numba/cuda/dispatcher.py:536: NumbaPerformanceWarning: Grid size 1 will likely result in GPU under-utilization due to low occupancy.
  warn(NumbaPerformanceWarning(msg))
/work/pi_mrobson_smith_edu/ccc-env-gpu/lib/python3.9/site-packages/numba/cuda/dispatcher.py:536: NumbaPerformanceWarning: Grid size 1 will likely result in GPU under-utilization due to low occupancy.
  warn(NumbaPerformanceWarning(msg))
/work/pi_mrobson_smith_edu/ccc-env-gpu/lib/python3.9/site-packages/numba/cuda/dispatcher.py:536: NumbaPerformanceWarning: Grid size 1 will likely result in GPU under-utilization due to low occupancy.
  warn(NumbaPerformanceWarning(msg))
/work/pi_mrobson_smith_edu/ccc-env-gpu/lib/python3.9/site-packages/numba/cuda/dispatcher.py:536: NumbaPerformanceWarning: Grid size 1 will likely result in GPU under-utilization due to low occupancy.
  warn(NumbaPerformanceWarning(msg))
[INFO] Running chunk on GPU 0
Time taken: 71.55 s

Testing with 16 features and 10000000 samples...
GPUs available: 1
/work/pi_mrobson_smith_edu/ccc-env-gpu/lib/python3.9/site-packages/numba/cuda/dispatcher.py:536: NumbaPerformanceWarning: Grid size 1 will likely result in GPU under-utilization due to low occupancy.
  warn(NumbaPerformanceWarning(msg))
/work/pi_mrobson_smith_edu/ccc-env-gpu/lib/python3.9/site-packages/numba/cuda/dispatcher.py:536: NumbaPerformanceWarning: Grid size 1 will likely result in GPU under-utilization due to low occupancy.
  warn(NumbaPerformanceWarning(msg))
/work/pi_mrobson_smith_edu/ccc-env-gpu/lib/python3.9/site-packages/numba/cuda/dispatcher.py:536: NumbaPerformanceWarning: Grid size 1 will likely result in GPU under-utilization due to low occupancy.
  warn(NumbaPerformanceWarning(msg))
/work/pi_mrobson_smith_edu/ccc-env-gpu/lib/python3.9/site-packages/numba/cuda/dispatcher.py:536: NumbaPerformanceWarning: Grid size 1 will likely result in GPU under-utilization due to low occupancy.
  warn(NumbaPerformanceWarning(msg))
[INFO] Running chunk on GPU 0
Time taken: 641.43 s

Testing with 18 features and 10000 samples...
GPUs available: 1
/work/pi_mrobson_smith_edu/ccc-env-gpu/lib/python3.9/site-packages/numba/cuda/dispatcher.py:536: NumbaPerformanceWarning: Grid size 40 will likely result in GPU under-utilization due to low occupancy.
  warn(NumbaPerformanceWarning(msg))
/work/pi_mrobson_smith_edu/ccc-env-gpu/lib/python3.9/site-packages/numba/cuda/dispatcher.py:536: NumbaPerformanceWarning: Grid size 1 will likely result in GPU under-utilization due to low occupancy.
  warn(NumbaPerformanceWarning(msg))
/work/pi_mrobson_smith_edu/ccc-env-gpu/lib/python3.9/site-packages/numba/cuda/dispatcher.py:536: NumbaPerformanceWarning: Grid size 1 will likely result in GPU under-utilization due to low occupancy.
  warn(NumbaPerformanceWarning(msg))
/work/pi_mrobson_smith_edu/ccc-env-gpu/lib/python3.9/site-packages/numba/cuda/dispatcher.py:536: NumbaPerformanceWarning: Grid size 1 will likely result in GPU under-utilization due to low occupancy.
  warn(NumbaPerformanceWarning(msg))
/work/pi_mrobson_smith_edu/ccc-env-gpu/lib/python3.9/site-packages/numba/cuda/dispatcher.py:536: NumbaPerformanceWarning: Grid size 1 will likely result in GPU under-utilization due to low occupancy.
  warn(NumbaPerformanceWarning(msg))
[INFO] Running chunk on GPU 0
Time taken: 25.19 s

Testing with 18 features and 100000 samples...
GPUs available: 1
/work/pi_mrobson_smith_edu/ccc-env-gpu/lib/python3.9/site-packages/numba/cuda/dispatcher.py:536: NumbaPerformanceWarning: Grid size 1 will likely result in GPU under-utilization due to low occupancy.
  warn(NumbaPerformanceWarning(msg))
/work/pi_mrobson_smith_edu/ccc-env-gpu/lib/python3.9/site-packages/numba/cuda/dispatcher.py:536: NumbaPerformanceWarning: Grid size 1 will likely result in GPU under-utilization due to low occupancy.
  warn(NumbaPerformanceWarning(msg))
/work/pi_mrobson_smith_edu/ccc-env-gpu/lib/python3.9/site-packages/numba/cuda/dispatcher.py:536: NumbaPerformanceWarning: Grid size 1 will likely result in GPU under-utilization due to low occupancy.
  warn(NumbaPerformanceWarning(msg))
/work/pi_mrobson_smith_edu/ccc-env-gpu/lib/python3.9/site-packages/numba/cuda/dispatcher.py:536: NumbaPerformanceWarning: Grid size 1 will likely result in GPU under-utilization due to low occupancy.
  warn(NumbaPerformanceWarning(msg))
[INFO] Running chunk on GPU 0
Time taken: 32.11 s

Testing with 18 features and 1000000 samples...
GPUs available: 1
/work/pi_mrobson_smith_edu/ccc-env-gpu/lib/python3.9/site-packages/numba/cuda/dispatcher.py:536: NumbaPerformanceWarning: Grid size 1 will likely result in GPU under-utilization due to low occupancy.
  warn(NumbaPerformanceWarning(msg))
/work/pi_mrobson_smith_edu/ccc-env-gpu/lib/python3.9/site-packages/numba/cuda/dispatcher.py:536: NumbaPerformanceWarning: Grid size 1 will likely result in GPU under-utilization due to low occupancy.
  warn(NumbaPerformanceWarning(msg))
/work/pi_mrobson_smith_edu/ccc-env-gpu/lib/python3.9/site-packages/numba/cuda/dispatcher.py:536: NumbaPerformanceWarning: Grid size 1 will likely result in GPU under-utilization due to low occupancy.
  warn(NumbaPerformanceWarning(msg))
/work/pi_mrobson_smith_edu/ccc-env-gpu/lib/python3.9/site-packages/numba/cuda/dispatcher.py:536: NumbaPerformanceWarning: Grid size 1 will likely result in GPU under-utilization due to low occupancy.
  warn(NumbaPerformanceWarning(msg))
[INFO] Running chunk on GPU 0
Time taken: 81.72 s

Testing with 18 features and 10000000 samples...
GPUs available: 1
/work/pi_mrobson_smith_edu/ccc-env-gpu/lib/python3.9/site-packages/numba/cuda/dispatcher.py:536: NumbaPerformanceWarning: Grid size 1 will likely result in GPU under-utilization due to low occupancy.
  warn(NumbaPerformanceWarning(msg))
/work/pi_mrobson_smith_edu/ccc-env-gpu/lib/python3.9/site-packages/numba/cuda/dispatcher.py:536: NumbaPerformanceWarning: Grid size 1 will likely result in GPU under-utilization due to low occupancy.
  warn(NumbaPerformanceWarning(msg))
/work/pi_mrobson_smith_edu/ccc-env-gpu/lib/python3.9/site-packages/numba/cuda/dispatcher.py:536: NumbaPerformanceWarning: Grid size 1 will likely result in GPU under-utilization due to low occupancy.
  warn(NumbaPerformanceWarning(msg))
/work/pi_mrobson_smith_edu/ccc-env-gpu/lib/python3.9/site-packages/numba/cuda/dispatcher.py:536: NumbaPerformanceWarning: Grid size 1 will likely result in GPU under-utilization due to low occupancy.
  warn(NumbaPerformanceWarning(msg))
[INFO] Running chunk on GPU 0
Time taken: 750.08 s

Testing with 20 features and 10000 samples...
GPUs available: 1
/work/pi_mrobson_smith_edu/ccc-env-gpu/lib/python3.9/site-packages/numba/cuda/dispatcher.py:536: NumbaPerformanceWarning: Grid size 40 will likely result in GPU under-utilization due to low occupancy.
  warn(NumbaPerformanceWarning(msg))
/work/pi_mrobson_smith_edu/ccc-env-gpu/lib/python3.9/site-packages/numba/cuda/dispatcher.py:536: NumbaPerformanceWarning: Grid size 1 will likely result in GPU under-utilization due to low occupancy.
  warn(NumbaPerformanceWarning(msg))
/work/pi_mrobson_smith_edu/ccc-env-gpu/lib/python3.9/site-packages/numba/cuda/dispatcher.py:536: NumbaPerformanceWarning: Grid size 1 will likely result in GPU under-utilization due to low occupancy.
  warn(NumbaPerformanceWarning(msg))
/work/pi_mrobson_smith_edu/ccc-env-gpu/lib/python3.9/site-packages/numba/cuda/dispatcher.py:536: NumbaPerformanceWarning: Grid size 1 will likely result in GPU under-utilization due to low occupancy.
  warn(NumbaPerformanceWarning(msg))
/work/pi_mrobson_smith_edu/ccc-env-gpu/lib/python3.9/site-packages/numba/cuda/dispatcher.py:536: NumbaPerformanceWarning: Grid size 1 will likely result in GPU under-utilization due to low occupancy.
  warn(NumbaPerformanceWarning(msg))
[INFO] Running chunk on GPU 0
Time taken: 30.96 s

Testing with 20 features and 100000 samples...
GPUs available: 1
/work/pi_mrobson_smith_edu/ccc-env-gpu/lib/python3.9/site-packages/numba/cuda/dispatcher.py:536: NumbaPerformanceWarning: Grid size 1 will likely result in GPU under-utilization due to low occupancy.
  warn(NumbaPerformanceWarning(msg))
/work/pi_mrobson_smith_edu/ccc-env-gpu/lib/python3.9/site-packages/numba/cuda/dispatcher.py:536: NumbaPerformanceWarning: Grid size 1 will likely result in GPU under-utilization due to low occupancy.
  warn(NumbaPerformanceWarning(msg))
/work/pi_mrobson_smith_edu/ccc-env-gpu/lib/python3.9/site-packages/numba/cuda/dispatcher.py:536: NumbaPerformanceWarning: Grid size 1 will likely result in GPU under-utilization due to low occupancy.
  warn(NumbaPerformanceWarning(msg))
/work/pi_mrobson_smith_edu/ccc-env-gpu/lib/python3.9/site-packages/numba/cuda/dispatcher.py:536: NumbaPerformanceWarning: Grid size 1 will likely result in GPU under-utilization due to low occupancy.
  warn(NumbaPerformanceWarning(msg))
[INFO] Running chunk on GPU 0
Time taken: 35.34 s

Testing with 20 features and 1000000 samples...
GPUs available: 1
/work/pi_mrobson_smith_edu/ccc-env-gpu/lib/python3.9/site-packages/numba/cuda/dispatcher.py:536: NumbaPerformanceWarning: Grid size 1 will likely result in GPU under-utilization due to low occupancy.
  warn(NumbaPerformanceWarning(msg))
/work/pi_mrobson_smith_edu/ccc-env-gpu/lib/python3.9/site-packages/numba/cuda/dispatcher.py:536: NumbaPerformanceWarning: Grid size 1 will likely result in GPU under-utilization due to low occupancy.
  warn(NumbaPerformanceWarning(msg))
/work/pi_mrobson_smith_edu/ccc-env-gpu/lib/python3.9/site-packages/numba/cuda/dispatcher.py:536: NumbaPerformanceWarning: Grid size 1 will likely result in GPU under-utilization due to low occupancy.
  warn(NumbaPerformanceWarning(msg))
/work/pi_mrobson_smith_edu/ccc-env-gpu/lib/python3.9/site-packages/numba/cuda/dispatcher.py:536: NumbaPerformanceWarning: Grid size 1 will likely result in GPU under-utilization due to low occupancy.
  warn(NumbaPerformanceWarning(msg))
[INFO] Running chunk on GPU 0
Time taken: 97.42 s

Testing with 20 features and 10000000 samples...
GPUs available: 1
/work/pi_mrobson_smith_edu/ccc-env-gpu/lib/python3.9/site-packages/numba/cuda/dispatcher.py:536: NumbaPerformanceWarning: Grid size 1 will likely result in GPU under-utilization due to low occupancy.
  warn(NumbaPerformanceWarning(msg))
/work/pi_mrobson_smith_edu/ccc-env-gpu/lib/python3.9/site-packages/numba/cuda/dispatcher.py:536: NumbaPerformanceWarning: Grid size 1 will likely result in GPU under-utilization due to low occupancy.
  warn(NumbaPerformanceWarning(msg))
/work/pi_mrobson_smith_edu/ccc-env-gpu/lib/python3.9/site-packages/numba/cuda/dispatcher.py:536: NumbaPerformanceWarning: Grid size 1 will likely result in GPU under-utilization due to low occupancy.
  warn(NumbaPerformanceWarning(msg))
/work/pi_mrobson_smith_edu/ccc-env-gpu/lib/python3.9/site-packages/numba/cuda/dispatcher.py:536: NumbaPerformanceWarning: Grid size 1 will likely result in GPU under-utilization due to low occupancy.
  warn(NumbaPerformanceWarning(msg))
[INFO] Running chunk on GPU 0
Time taken: 858.87 s

