GPUs available: 1
/work/pi_mrobson_smith_edu/ccc-env-gpu/lib/python3.9/site-packages/numba/cuda/dispatcher.py:536: NumbaPerformanceWarning: Grid size 1 will likely result in GPU under-utilization due to low occupancy.
  warn(NumbaPerformanceWarning(msg))
/work/pi_mrobson_smith_edu/ccc-env-gpu/lib/python3.9/site-packages/numba/cuda/dispatcher.py:536: NumbaPerformanceWarning: Grid size 1 will likely result in GPU under-utilization due to low occupancy.
  warn(NumbaPerformanceWarning(msg))
/work/pi_mrobson_smith_edu/ccc-env-gpu/lib/python3.9/site-packages/numba/cuda/dispatcher.py:536: NumbaPerformanceWarning: Grid size 1 will likely result in GPU under-utilization due to low occupancy.
  warn(NumbaPerformanceWarning(msg))
/work/pi_mrobson_smith_edu/ccc-env-gpu/lib/python3.9/site-packages/numba/cuda/dispatcher.py:536: NumbaPerformanceWarning: Grid size 1 will likely result in GPU under-utilization due to low occupancy.
  warn(NumbaPerformanceWarning(msg))
/work/pi_mrobson_smith_edu/ccc-env-gpu/lib/python3.9/site-packages/numba/cuda/dispatcher.py:536: NumbaPerformanceWarning: Grid size 1 will likely result in GPU under-utilization due to low occupancy.
  warn(NumbaPerformanceWarning(msg))
[INFO] Running chunk on GPU 0
compute_coef: 2.04 seconds
Running CCC with GPU support...

Testing with 2 features and 10000 samples...
GPUs available: 1
/work/pi_mrobson_smith_edu/ccc-env-gpu/lib/python3.9/site-packages/numba/cuda/dispatcher.py:536: NumbaPerformanceWarning: Grid size 40 will likely result in GPU under-utilization due to low occupancy.
  warn(NumbaPerformanceWarning(msg))
/work/pi_mrobson_smith_edu/ccc-env-gpu/lib/python3.9/site-packages/numba/cuda/dispatcher.py:536: NumbaPerformanceWarning: Grid size 1 will likely result in GPU under-utilization due to low occupancy.
  warn(NumbaPerformanceWarning(msg))
/work/pi_mrobson_smith_edu/ccc-env-gpu/lib/python3.9/site-packages/numba/cuda/dispatcher.py:536: NumbaPerformanceWarning: Grid size 1 will likely result in GPU under-utilization due to low occupancy.
  warn(NumbaPerformanceWarning(msg))
/work/pi_mrobson_smith_edu/ccc-env-gpu/lib/python3.9/site-packages/numba/cuda/dispatcher.py:536: NumbaPerformanceWarning: Grid size 1 will likely result in GPU under-utilization due to low occupancy.
  warn(NumbaPerformanceWarning(msg))
/work/pi_mrobson_smith_edu/ccc-env-gpu/lib/python3.9/site-packages/numba/cuda/dispatcher.py:536: NumbaPerformanceWarning: Grid size 1 will likely result in GPU under-utilization due to low occupancy.
  warn(NumbaPerformanceWarning(msg))
[INFO] Running chunk on GPU 0
compute_coef: 1.51 seconds
Time taken: 1.53 s

Testing with 2 features and 100000 samples...
GPUs available: 1
/work/pi_mrobson_smith_edu/ccc-env-gpu/lib/python3.9/site-packages/numba/cuda/dispatcher.py:536: NumbaPerformanceWarning: Grid size 1 will likely result in GPU under-utilization due to low occupancy.
  warn(NumbaPerformanceWarning(msg))
/work/pi_mrobson_smith_edu/ccc-env-gpu/lib/python3.9/site-packages/numba/cuda/dispatcher.py:536: NumbaPerformanceWarning: Grid size 1 will likely result in GPU under-utilization due to low occupancy.
  warn(NumbaPerformanceWarning(msg))
/work/pi_mrobson_smith_edu/ccc-env-gpu/lib/python3.9/site-packages/numba/cuda/dispatcher.py:536: NumbaPerformanceWarning: Grid size 1 will likely result in GPU under-utilization due to low occupancy.
  warn(NumbaPerformanceWarning(msg))
/work/pi_mrobson_smith_edu/ccc-env-gpu/lib/python3.9/site-packages/numba/cuda/dispatcher.py:536: NumbaPerformanceWarning: Grid size 1 will likely result in GPU under-utilization due to low occupancy.
  warn(NumbaPerformanceWarning(msg))
[INFO] Running chunk on GPU 0
compute_coef: 1.54 seconds
Time taken: 1.85 s

Testing with 2 features and 1000000 samples...
GPUs available: 1
/work/pi_mrobson_smith_edu/ccc-env-gpu/lib/python3.9/site-packages/numba/cuda/dispatcher.py:536: NumbaPerformanceWarning: Grid size 1 will likely result in GPU under-utilization due to low occupancy.
  warn(NumbaPerformanceWarning(msg))
/work/pi_mrobson_smith_edu/ccc-env-gpu/lib/python3.9/site-packages/numba/cuda/dispatcher.py:536: NumbaPerformanceWarning: Grid size 1 will likely result in GPU under-utilization due to low occupancy.
  warn(NumbaPerformanceWarning(msg))
/work/pi_mrobson_smith_edu/ccc-env-gpu/lib/python3.9/site-packages/numba/cuda/dispatcher.py:536: NumbaPerformanceWarning: Grid size 1 will likely result in GPU under-utilization due to low occupancy.
  warn(NumbaPerformanceWarning(msg))
/work/pi_mrobson_smith_edu/ccc-env-gpu/lib/python3.9/site-packages/numba/cuda/dispatcher.py:536: NumbaPerformanceWarning: Grid size 1 will likely result in GPU under-utilization due to low occupancy.
  warn(NumbaPerformanceWarning(msg))
[INFO] Running chunk on GPU 0
compute_coef: 1.80 seconds
Time taken: 6.04 s

Testing with 2 features and 10000000 samples...
GPUs available: 1
/work/pi_mrobson_smith_edu/ccc-env-gpu/lib/python3.9/site-packages/numba/cuda/dispatcher.py:536: NumbaPerformanceWarning: Grid size 1 will likely result in GPU under-utilization due to low occupancy.
  warn(NumbaPerformanceWarning(msg))
/work/pi_mrobson_smith_edu/ccc-env-gpu/lib/python3.9/site-packages/numba/cuda/dispatcher.py:536: NumbaPerformanceWarning: Grid size 1 will likely result in GPU under-utilization due to low occupancy.
  warn(NumbaPerformanceWarning(msg))
/work/pi_mrobson_smith_edu/ccc-env-gpu/lib/python3.9/site-packages/numba/cuda/dispatcher.py:536: NumbaPerformanceWarning: Grid size 1 will likely result in GPU under-utilization due to low occupancy.
  warn(NumbaPerformanceWarning(msg))
/work/pi_mrobson_smith_edu/ccc-env-gpu/lib/python3.9/site-packages/numba/cuda/dispatcher.py:536: NumbaPerformanceWarning: Grid size 1 will likely result in GPU under-utilization due to low occupancy.
  warn(NumbaPerformanceWarning(msg))
[INFO] Running chunk on GPU 0
compute_coef: 3.78 seconds
Time taken: 64.44 s

Testing with 4 features and 10000 samples...
GPUs available: 1
/work/pi_mrobson_smith_edu/ccc-env-gpu/lib/python3.9/site-packages/numba/cuda/dispatcher.py:536: NumbaPerformanceWarning: Grid size 40 will likely result in GPU under-utilization due to low occupancy.
  warn(NumbaPerformanceWarning(msg))
/work/pi_mrobson_smith_edu/ccc-env-gpu/lib/python3.9/site-packages/numba/cuda/dispatcher.py:536: NumbaPerformanceWarning: Grid size 1 will likely result in GPU under-utilization due to low occupancy.
  warn(NumbaPerformanceWarning(msg))
/work/pi_mrobson_smith_edu/ccc-env-gpu/lib/python3.9/site-packages/numba/cuda/dispatcher.py:536: NumbaPerformanceWarning: Grid size 1 will likely result in GPU under-utilization due to low occupancy.
  warn(NumbaPerformanceWarning(msg))
/work/pi_mrobson_smith_edu/ccc-env-gpu/lib/python3.9/site-packages/numba/cuda/dispatcher.py:536: NumbaPerformanceWarning: Grid size 1 will likely result in GPU under-utilization due to low occupancy.
  warn(NumbaPerformanceWarning(msg))
/work/pi_mrobson_smith_edu/ccc-env-gpu/lib/python3.9/site-packages/numba/cuda/dispatcher.py:536: NumbaPerformanceWarning: Grid size 1 will likely result in GPU under-utilization due to low occupancy.
  warn(NumbaPerformanceWarning(msg))
[INFO] Running chunk on GPU 0
compute_coef: 2.25 seconds
Time taken: 2.30 s

Testing with 4 features and 100000 samples...
GPUs available: 1
/work/pi_mrobson_smith_edu/ccc-env-gpu/lib/python3.9/site-packages/numba/cuda/dispatcher.py:536: NumbaPerformanceWarning: Grid size 1 will likely result in GPU under-utilization due to low occupancy.
  warn(NumbaPerformanceWarning(msg))
/work/pi_mrobson_smith_edu/ccc-env-gpu/lib/python3.9/site-packages/numba/cuda/dispatcher.py:536: NumbaPerformanceWarning: Grid size 1 will likely result in GPU under-utilization due to low occupancy.
  warn(NumbaPerformanceWarning(msg))
/work/pi_mrobson_smith_edu/ccc-env-gpu/lib/python3.9/site-packages/numba/cuda/dispatcher.py:536: NumbaPerformanceWarning: Grid size 1 will likely result in GPU under-utilization due to low occupancy.
  warn(NumbaPerformanceWarning(msg))
/work/pi_mrobson_smith_edu/ccc-env-gpu/lib/python3.9/site-packages/numba/cuda/dispatcher.py:536: NumbaPerformanceWarning: Grid size 1 will likely result in GPU under-utilization due to low occupancy.
  warn(NumbaPerformanceWarning(msg))
[INFO] Running chunk on GPU 0
compute_coef: 2.37 seconds
Time taken: 3.00 s

Testing with 4 features and 1000000 samples...
GPUs available: 1
/work/pi_mrobson_smith_edu/ccc-env-gpu/lib/python3.9/site-packages/numba/cuda/dispatcher.py:536: NumbaPerformanceWarning: Grid size 1 will likely result in GPU under-utilization due to low occupancy.
  warn(NumbaPerformanceWarning(msg))
/work/pi_mrobson_smith_edu/ccc-env-gpu/lib/python3.9/site-packages/numba/cuda/dispatcher.py:536: NumbaPerformanceWarning: Grid size 1 will likely result in GPU under-utilization due to low occupancy.
  warn(NumbaPerformanceWarning(msg))
/work/pi_mrobson_smith_edu/ccc-env-gpu/lib/python3.9/site-packages/numba/cuda/dispatcher.py:536: NumbaPerformanceWarning: Grid size 1 will likely result in GPU under-utilization due to low occupancy.
  warn(NumbaPerformanceWarning(msg))
/work/pi_mrobson_smith_edu/ccc-env-gpu/lib/python3.9/site-packages/numba/cuda/dispatcher.py:536: NumbaPerformanceWarning: Grid size 1 will likely result in GPU under-utilization due to low occupancy.
  warn(NumbaPerformanceWarning(msg))
[INFO] Running chunk on GPU 0
compute_coef: 3.37 seconds
Time taken: 11.61 s

Testing with 4 features and 10000000 samples...
GPUs available: 1
/work/pi_mrobson_smith_edu/ccc-env-gpu/lib/python3.9/site-packages/numba/cuda/dispatcher.py:536: NumbaPerformanceWarning: Grid size 1 will likely result in GPU under-utilization due to low occupancy.
  warn(NumbaPerformanceWarning(msg))
/work/pi_mrobson_smith_edu/ccc-env-gpu/lib/python3.9/site-packages/numba/cuda/dispatcher.py:536: NumbaPerformanceWarning: Grid size 1 will likely result in GPU under-utilization due to low occupancy.
  warn(NumbaPerformanceWarning(msg))
/work/pi_mrobson_smith_edu/ccc-env-gpu/lib/python3.9/site-packages/numba/cuda/dispatcher.py:536: NumbaPerformanceWarning: Grid size 1 will likely result in GPU under-utilization due to low occupancy.
  warn(NumbaPerformanceWarning(msg))
/work/pi_mrobson_smith_edu/ccc-env-gpu/lib/python3.9/site-packages/numba/cuda/dispatcher.py:536: NumbaPerformanceWarning: Grid size 1 will likely result in GPU under-utilization due to low occupancy.
  warn(NumbaPerformanceWarning(msg))
[INFO] Running chunk on GPU 0
compute_coef: 10.63 seconds
Time taken: 131.97 s

Testing with 6 features and 10000 samples...
GPUs available: 1
/work/pi_mrobson_smith_edu/ccc-env-gpu/lib/python3.9/site-packages/numba/cuda/dispatcher.py:536: NumbaPerformanceWarning: Grid size 40 will likely result in GPU under-utilization due to low occupancy.
  warn(NumbaPerformanceWarning(msg))
/work/pi_mrobson_smith_edu/ccc-env-gpu/lib/python3.9/site-packages/numba/cuda/dispatcher.py:536: NumbaPerformanceWarning: Grid size 1 will likely result in GPU under-utilization due to low occupancy.
  warn(NumbaPerformanceWarning(msg))
/work/pi_mrobson_smith_edu/ccc-env-gpu/lib/python3.9/site-packages/numba/cuda/dispatcher.py:536: NumbaPerformanceWarning: Grid size 1 will likely result in GPU under-utilization due to low occupancy.
  warn(NumbaPerformanceWarning(msg))
/work/pi_mrobson_smith_edu/ccc-env-gpu/lib/python3.9/site-packages/numba/cuda/dispatcher.py:536: NumbaPerformanceWarning: Grid size 1 will likely result in GPU under-utilization due to low occupancy.
  warn(NumbaPerformanceWarning(msg))
/work/pi_mrobson_smith_edu/ccc-env-gpu/lib/python3.9/site-packages/numba/cuda/dispatcher.py:536: NumbaPerformanceWarning: Grid size 1 will likely result in GPU under-utilization due to low occupancy.
  warn(NumbaPerformanceWarning(msg))
[INFO] Running chunk on GPU 0
compute_coef: 3.63 seconds
Time taken: 3.71 s

Testing with 6 features and 100000 samples...
GPUs available: 1
/work/pi_mrobson_smith_edu/ccc-env-gpu/lib/python3.9/site-packages/numba/cuda/dispatcher.py:536: NumbaPerformanceWarning: Grid size 1 will likely result in GPU under-utilization due to low occupancy.
  warn(NumbaPerformanceWarning(msg))
/work/pi_mrobson_smith_edu/ccc-env-gpu/lib/python3.9/site-packages/numba/cuda/dispatcher.py:536: NumbaPerformanceWarning: Grid size 1 will likely result in GPU under-utilization due to low occupancy.
  warn(NumbaPerformanceWarning(msg))
/work/pi_mrobson_smith_edu/ccc-env-gpu/lib/python3.9/site-packages/numba/cuda/dispatcher.py:536: NumbaPerformanceWarning: Grid size 1 will likely result in GPU under-utilization due to low occupancy.
  warn(NumbaPerformanceWarning(msg))
/work/pi_mrobson_smith_edu/ccc-env-gpu/lib/python3.9/site-packages/numba/cuda/dispatcher.py:536: NumbaPerformanceWarning: Grid size 1 will likely result in GPU under-utilization due to low occupancy.
  warn(NumbaPerformanceWarning(msg))
[INFO] Running chunk on GPU 0
compute_coef: 3.87 seconds
Time taken: 4.78 s

Testing with 6 features and 1000000 samples...
GPUs available: 1
/work/pi_mrobson_smith_edu/ccc-env-gpu/lib/python3.9/site-packages/numba/cuda/dispatcher.py:536: NumbaPerformanceWarning: Grid size 1 will likely result in GPU under-utilization due to low occupancy.
  warn(NumbaPerformanceWarning(msg))
/work/pi_mrobson_smith_edu/ccc-env-gpu/lib/python3.9/site-packages/numba/cuda/dispatcher.py:536: NumbaPerformanceWarning: Grid size 1 will likely result in GPU under-utilization due to low occupancy.
  warn(NumbaPerformanceWarning(msg))
/work/pi_mrobson_smith_edu/ccc-env-gpu/lib/python3.9/site-packages/numba/cuda/dispatcher.py:536: NumbaPerformanceWarning: Grid size 1 will likely result in GPU under-utilization due to low occupancy.
  warn(NumbaPerformanceWarning(msg))
/work/pi_mrobson_smith_edu/ccc-env-gpu/lib/python3.9/site-packages/numba/cuda/dispatcher.py:536: NumbaPerformanceWarning: Grid size 1 will likely result in GPU under-utilization due to low occupancy.
  warn(NumbaPerformanceWarning(msg))
[INFO] Running chunk on GPU 0
compute_coef: 6.12 seconds
Time taken: 17.85 s

Testing with 6 features and 10000000 samples...
GPUs available: 1
/work/pi_mrobson_smith_edu/ccc-env-gpu/lib/python3.9/site-packages/numba/cuda/dispatcher.py:536: NumbaPerformanceWarning: Grid size 1 will likely result in GPU under-utilization due to low occupancy.
  warn(NumbaPerformanceWarning(msg))
/work/pi_mrobson_smith_edu/ccc-env-gpu/lib/python3.9/site-packages/numba/cuda/dispatcher.py:536: NumbaPerformanceWarning: Grid size 1 will likely result in GPU under-utilization due to low occupancy.
  warn(NumbaPerformanceWarning(msg))
/work/pi_mrobson_smith_edu/ccc-env-gpu/lib/python3.9/site-packages/numba/cuda/dispatcher.py:536: NumbaPerformanceWarning: Grid size 1 will likely result in GPU under-utilization due to low occupancy.
  warn(NumbaPerformanceWarning(msg))
/work/pi_mrobson_smith_edu/ccc-env-gpu/lib/python3.9/site-packages/numba/cuda/dispatcher.py:536: NumbaPerformanceWarning: Grid size 1 will likely result in GPU under-utilization due to low occupancy.
  warn(NumbaPerformanceWarning(msg))
[INFO] Running chunk on GPU 0
compute_coef: 22.84 seconds
Time taken: 203.76 s

Testing with 8 features and 10000 samples...
GPUs available: 1
/work/pi_mrobson_smith_edu/ccc-env-gpu/lib/python3.9/site-packages/numba/cuda/dispatcher.py:536: NumbaPerformanceWarning: Grid size 40 will likely result in GPU under-utilization due to low occupancy.
  warn(NumbaPerformanceWarning(msg))
/work/pi_mrobson_smith_edu/ccc-env-gpu/lib/python3.9/site-packages/numba/cuda/dispatcher.py:536: NumbaPerformanceWarning: Grid size 1 will likely result in GPU under-utilization due to low occupancy.
  warn(NumbaPerformanceWarning(msg))
/work/pi_mrobson_smith_edu/ccc-env-gpu/lib/python3.9/site-packages/numba/cuda/dispatcher.py:536: NumbaPerformanceWarning: Grid size 1 will likely result in GPU under-utilization due to low occupancy.
  warn(NumbaPerformanceWarning(msg))
/work/pi_mrobson_smith_edu/ccc-env-gpu/lib/python3.9/site-packages/numba/cuda/dispatcher.py:536: NumbaPerformanceWarning: Grid size 1 will likely result in GPU under-utilization due to low occupancy.
  warn(NumbaPerformanceWarning(msg))
/work/pi_mrobson_smith_edu/ccc-env-gpu/lib/python3.9/site-packages/numba/cuda/dispatcher.py:536: NumbaPerformanceWarning: Grid size 1 will likely result in GPU under-utilization due to low occupancy.
  warn(NumbaPerformanceWarning(msg))
[INFO] Running chunk on GPU 0
compute_coef: 5.61 seconds
Time taken: 5.72 s

Testing with 8 features and 100000 samples...
GPUs available: 1
/work/pi_mrobson_smith_edu/ccc-env-gpu/lib/python3.9/site-packages/numba/cuda/dispatcher.py:536: NumbaPerformanceWarning: Grid size 1 will likely result in GPU under-utilization due to low occupancy.
  warn(NumbaPerformanceWarning(msg))
/work/pi_mrobson_smith_edu/ccc-env-gpu/lib/python3.9/site-packages/numba/cuda/dispatcher.py:536: NumbaPerformanceWarning: Grid size 1 will likely result in GPU under-utilization due to low occupancy.
  warn(NumbaPerformanceWarning(msg))
/work/pi_mrobson_smith_edu/ccc-env-gpu/lib/python3.9/site-packages/numba/cuda/dispatcher.py:536: NumbaPerformanceWarning: Grid size 1 will likely result in GPU under-utilization due to low occupancy.
  warn(NumbaPerformanceWarning(msg))
/work/pi_mrobson_smith_edu/ccc-env-gpu/lib/python3.9/site-packages/numba/cuda/dispatcher.py:536: NumbaPerformanceWarning: Grid size 1 will likely result in GPU under-utilization due to low occupancy.
  warn(NumbaPerformanceWarning(msg))
[INFO] Running chunk on GPU 0
compute_coef: 5.95 seconds
Time taken: 7.14 s

Testing with 8 features and 1000000 samples...
GPUs available: 1
/work/pi_mrobson_smith_edu/ccc-env-gpu/lib/python3.9/site-packages/numba/cuda/dispatcher.py:536: NumbaPerformanceWarning: Grid size 1 will likely result in GPU under-utilization due to low occupancy.
  warn(NumbaPerformanceWarning(msg))
/work/pi_mrobson_smith_edu/ccc-env-gpu/lib/python3.9/site-packages/numba/cuda/dispatcher.py:536: NumbaPerformanceWarning: Grid size 1 will likely result in GPU under-utilization due to low occupancy.
  warn(NumbaPerformanceWarning(msg))
/work/pi_mrobson_smith_edu/ccc-env-gpu/lib/python3.9/site-packages/numba/cuda/dispatcher.py:536: NumbaPerformanceWarning: Grid size 1 will likely result in GPU under-utilization due to low occupancy.
  warn(NumbaPerformanceWarning(msg))
/work/pi_mrobson_smith_edu/ccc-env-gpu/lib/python3.9/site-packages/numba/cuda/dispatcher.py:536: NumbaPerformanceWarning: Grid size 1 will likely result in GPU under-utilization due to low occupancy.
  warn(NumbaPerformanceWarning(msg))
[INFO] Running chunk on GPU 0
compute_coef: 9.95 seconds
Time taken: 25.49 s

Testing with 8 features and 10000000 samples...
GPUs available: 1
/work/pi_mrobson_smith_edu/ccc-env-gpu/lib/python3.9/site-packages/numba/cuda/dispatcher.py:536: NumbaPerformanceWarning: Grid size 1 will likely result in GPU under-utilization due to low occupancy.
  warn(NumbaPerformanceWarning(msg))
/work/pi_mrobson_smith_edu/ccc-env-gpu/lib/python3.9/site-packages/numba/cuda/dispatcher.py:536: NumbaPerformanceWarning: Grid size 1 will likely result in GPU under-utilization due to low occupancy.
  warn(NumbaPerformanceWarning(msg))
/work/pi_mrobson_smith_edu/ccc-env-gpu/lib/python3.9/site-packages/numba/cuda/dispatcher.py:536: NumbaPerformanceWarning: Grid size 1 will likely result in GPU under-utilization due to low occupancy.
  warn(NumbaPerformanceWarning(msg))
/work/pi_mrobson_smith_edu/ccc-env-gpu/lib/python3.9/site-packages/numba/cuda/dispatcher.py:536: NumbaPerformanceWarning: Grid size 1 will likely result in GPU under-utilization due to low occupancy.
  warn(NumbaPerformanceWarning(msg))
[INFO] Running chunk on GPU 0
compute_coef: 38.69 seconds
Time taken: 280.24 s

Testing with 10 features and 10000 samples...
GPUs available: 1
/work/pi_mrobson_smith_edu/ccc-env-gpu/lib/python3.9/site-packages/numba/cuda/dispatcher.py:536: NumbaPerformanceWarning: Grid size 40 will likely result in GPU under-utilization due to low occupancy.
  warn(NumbaPerformanceWarning(msg))
/work/pi_mrobson_smith_edu/ccc-env-gpu/lib/python3.9/site-packages/numba/cuda/dispatcher.py:536: NumbaPerformanceWarning: Grid size 1 will likely result in GPU under-utilization due to low occupancy.
  warn(NumbaPerformanceWarning(msg))
/work/pi_mrobson_smith_edu/ccc-env-gpu/lib/python3.9/site-packages/numba/cuda/dispatcher.py:536: NumbaPerformanceWarning: Grid size 1 will likely result in GPU under-utilization due to low occupancy.
  warn(NumbaPerformanceWarning(msg))
/work/pi_mrobson_smith_edu/ccc-env-gpu/lib/python3.9/site-packages/numba/cuda/dispatcher.py:536: NumbaPerformanceWarning: Grid size 1 will likely result in GPU under-utilization due to low occupancy.
  warn(NumbaPerformanceWarning(msg))
/work/pi_mrobson_smith_edu/ccc-env-gpu/lib/python3.9/site-packages/numba/cuda/dispatcher.py:536: NumbaPerformanceWarning: Grid size 1 will likely result in GPU under-utilization due to low occupancy.
  warn(NumbaPerformanceWarning(msg))
[INFO] Running chunk on GPU 0
compute_coef: 8.12 seconds
Time taken: 8.24 s

Testing with 10 features and 100000 samples...
GPUs available: 1
/work/pi_mrobson_smith_edu/ccc-env-gpu/lib/python3.9/site-packages/numba/cuda/dispatcher.py:536: NumbaPerformanceWarning: Grid size 1 will likely result in GPU under-utilization due to low occupancy.
  warn(NumbaPerformanceWarning(msg))
/work/pi_mrobson_smith_edu/ccc-env-gpu/lib/python3.9/site-packages/numba/cuda/dispatcher.py:536: NumbaPerformanceWarning: Grid size 1 will likely result in GPU under-utilization due to low occupancy.
  warn(NumbaPerformanceWarning(msg))
/work/pi_mrobson_smith_edu/ccc-env-gpu/lib/python3.9/site-packages/numba/cuda/dispatcher.py:536: NumbaPerformanceWarning: Grid size 1 will likely result in GPU under-utilization due to low occupancy.
  warn(NumbaPerformanceWarning(msg))
/work/pi_mrobson_smith_edu/ccc-env-gpu/lib/python3.9/site-packages/numba/cuda/dispatcher.py:536: NumbaPerformanceWarning: Grid size 1 will likely result in GPU under-utilization due to low occupancy.
  warn(NumbaPerformanceWarning(msg))
[INFO] Running chunk on GPU 0
compute_coef: 8.59 seconds
Time taken: 10.08 s

Testing with 10 features and 1000000 samples...
GPUs available: 1
/work/pi_mrobson_smith_edu/ccc-env-gpu/lib/python3.9/site-packages/numba/cuda/dispatcher.py:536: NumbaPerformanceWarning: Grid size 1 will likely result in GPU under-utilization due to low occupancy.
  warn(NumbaPerformanceWarning(msg))
/work/pi_mrobson_smith_edu/ccc-env-gpu/lib/python3.9/site-packages/numba/cuda/dispatcher.py:536: NumbaPerformanceWarning: Grid size 1 will likely result in GPU under-utilization due to low occupancy.
  warn(NumbaPerformanceWarning(msg))
/work/pi_mrobson_smith_edu/ccc-env-gpu/lib/python3.9/site-packages/numba/cuda/dispatcher.py:536: NumbaPerformanceWarning: Grid size 1 will likely result in GPU under-utilization due to low occupancy.
  warn(NumbaPerformanceWarning(msg))
/work/pi_mrobson_smith_edu/ccc-env-gpu/lib/python3.9/site-packages/numba/cuda/dispatcher.py:536: NumbaPerformanceWarning: Grid size 1 will likely result in GPU under-utilization due to low occupancy.
  warn(NumbaPerformanceWarning(msg))
[INFO] Running chunk on GPU 0
compute_coef: 15.14 seconds
Time taken: 34.61 s

Testing with 10 features and 10000000 samples...
GPUs available: 1
/work/pi_mrobson_smith_edu/ccc-env-gpu/lib/python3.9/site-packages/numba/cuda/dispatcher.py:536: NumbaPerformanceWarning: Grid size 1 will likely result in GPU under-utilization due to low occupancy.
  warn(NumbaPerformanceWarning(msg))
/work/pi_mrobson_smith_edu/ccc-env-gpu/lib/python3.9/site-packages/numba/cuda/dispatcher.py:536: NumbaPerformanceWarning: Grid size 1 will likely result in GPU under-utilization due to low occupancy.
  warn(NumbaPerformanceWarning(msg))
/work/pi_mrobson_smith_edu/ccc-env-gpu/lib/python3.9/site-packages/numba/cuda/dispatcher.py:536: NumbaPerformanceWarning: Grid size 1 will likely result in GPU under-utilization due to low occupancy.
  warn(NumbaPerformanceWarning(msg))
/work/pi_mrobson_smith_edu/ccc-env-gpu/lib/python3.9/site-packages/numba/cuda/dispatcher.py:536: NumbaPerformanceWarning: Grid size 1 will likely result in GPU under-utilization due to low occupancy.
  warn(NumbaPerformanceWarning(msg))
[INFO] Running chunk on GPU 0
compute_coef: 60.01 seconds
Time taken: 361.38 s

Testing with 12 features and 10000 samples...
GPUs available: 1
/work/pi_mrobson_smith_edu/ccc-env-gpu/lib/python3.9/site-packages/numba/cuda/dispatcher.py:536: NumbaPerformanceWarning: Grid size 40 will likely result in GPU under-utilization due to low occupancy.
  warn(NumbaPerformanceWarning(msg))
/work/pi_mrobson_smith_edu/ccc-env-gpu/lib/python3.9/site-packages/numba/cuda/dispatcher.py:536: NumbaPerformanceWarning: Grid size 1 will likely result in GPU under-utilization due to low occupancy.
  warn(NumbaPerformanceWarning(msg))
/work/pi_mrobson_smith_edu/ccc-env-gpu/lib/python3.9/site-packages/numba/cuda/dispatcher.py:536: NumbaPerformanceWarning: Grid size 1 will likely result in GPU under-utilization due to low occupancy.
  warn(NumbaPerformanceWarning(msg))
/work/pi_mrobson_smith_edu/ccc-env-gpu/lib/python3.9/site-packages/numba/cuda/dispatcher.py:536: NumbaPerformanceWarning: Grid size 1 will likely result in GPU under-utilization due to low occupancy.
  warn(NumbaPerformanceWarning(msg))
/work/pi_mrobson_smith_edu/ccc-env-gpu/lib/python3.9/site-packages/numba/cuda/dispatcher.py:536: NumbaPerformanceWarning: Grid size 1 will likely result in GPU under-utilization due to low occupancy.
  warn(NumbaPerformanceWarning(msg))
[INFO] Running chunk on GPU 0
compute_coef: 11.37 seconds
Time taken: 11.51 s

Testing with 12 features and 100000 samples...
GPUs available: 1
/work/pi_mrobson_smith_edu/ccc-env-gpu/lib/python3.9/site-packages/numba/cuda/dispatcher.py:536: NumbaPerformanceWarning: Grid size 1 will likely result in GPU under-utilization due to low occupancy.
  warn(NumbaPerformanceWarning(msg))
/work/pi_mrobson_smith_edu/ccc-env-gpu/lib/python3.9/site-packages/numba/cuda/dispatcher.py:536: NumbaPerformanceWarning: Grid size 1 will likely result in GPU under-utilization due to low occupancy.
  warn(NumbaPerformanceWarning(msg))
/work/pi_mrobson_smith_edu/ccc-env-gpu/lib/python3.9/site-packages/numba/cuda/dispatcher.py:536: NumbaPerformanceWarning: Grid size 1 will likely result in GPU under-utilization due to low occupancy.
  warn(NumbaPerformanceWarning(msg))
/work/pi_mrobson_smith_edu/ccc-env-gpu/lib/python3.9/site-packages/numba/cuda/dispatcher.py:536: NumbaPerformanceWarning: Grid size 1 will likely result in GPU under-utilization due to low occupancy.
  warn(NumbaPerformanceWarning(msg))
[INFO] Running chunk on GPU 0
compute_coef: 12.16 seconds
Time taken: 13.94 s

Testing with 12 features and 1000000 samples...
GPUs available: 1
/work/pi_mrobson_smith_edu/ccc-env-gpu/lib/python3.9/site-packages/numba/cuda/dispatcher.py:536: NumbaPerformanceWarning: Grid size 1 will likely result in GPU under-utilization due to low occupancy.
  warn(NumbaPerformanceWarning(msg))
/work/pi_mrobson_smith_edu/ccc-env-gpu/lib/python3.9/site-packages/numba/cuda/dispatcher.py:536: NumbaPerformanceWarning: Grid size 1 will likely result in GPU under-utilization due to low occupancy.
  warn(NumbaPerformanceWarning(msg))
/work/pi_mrobson_smith_edu/ccc-env-gpu/lib/python3.9/site-packages/numba/cuda/dispatcher.py:536: NumbaPerformanceWarning: Grid size 1 will likely result in GPU under-utilization due to low occupancy.
  warn(NumbaPerformanceWarning(msg))
/work/pi_mrobson_smith_edu/ccc-env-gpu/lib/python3.9/site-packages/numba/cuda/dispatcher.py:536: NumbaPerformanceWarning: Grid size 1 will likely result in GPU under-utilization due to low occupancy.
  warn(NumbaPerformanceWarning(msg))
[INFO] Running chunk on GPU 0
compute_coef: 21.15 seconds
Time taken: 44.51 s

Testing with 12 features and 10000000 samples...
GPUs available: 1
/work/pi_mrobson_smith_edu/ccc-env-gpu/lib/python3.9/site-packages/numba/cuda/dispatcher.py:536: NumbaPerformanceWarning: Grid size 1 will likely result in GPU under-utilization due to low occupancy.
  warn(NumbaPerformanceWarning(msg))
/work/pi_mrobson_smith_edu/ccc-env-gpu/lib/python3.9/site-packages/numba/cuda/dispatcher.py:536: NumbaPerformanceWarning: Grid size 1 will likely result in GPU under-utilization due to low occupancy.
  warn(NumbaPerformanceWarning(msg))
/work/pi_mrobson_smith_edu/ccc-env-gpu/lib/python3.9/site-packages/numba/cuda/dispatcher.py:536: NumbaPerformanceWarning: Grid size 1 will likely result in GPU under-utilization due to low occupancy.
  warn(NumbaPerformanceWarning(msg))
/work/pi_mrobson_smith_edu/ccc-env-gpu/lib/python3.9/site-packages/numba/cuda/dispatcher.py:536: NumbaPerformanceWarning: Grid size 1 will likely result in GPU under-utilization due to low occupancy.
  warn(NumbaPerformanceWarning(msg))
[INFO] Running chunk on GPU 0
compute_coef: 86.65 seconds
Time taken: 449.01 s

Testing with 14 features and 10000 samples...
GPUs available: 1
/work/pi_mrobson_smith_edu/ccc-env-gpu/lib/python3.9/site-packages/numba/cuda/dispatcher.py:536: NumbaPerformanceWarning: Grid size 40 will likely result in GPU under-utilization due to low occupancy.
  warn(NumbaPerformanceWarning(msg))
/work/pi_mrobson_smith_edu/ccc-env-gpu/lib/python3.9/site-packages/numba/cuda/dispatcher.py:536: NumbaPerformanceWarning: Grid size 1 will likely result in GPU under-utilization due to low occupancy.
  warn(NumbaPerformanceWarning(msg))
/work/pi_mrobson_smith_edu/ccc-env-gpu/lib/python3.9/site-packages/numba/cuda/dispatcher.py:536: NumbaPerformanceWarning: Grid size 1 will likely result in GPU under-utilization due to low occupancy.
  warn(NumbaPerformanceWarning(msg))
/work/pi_mrobson_smith_edu/ccc-env-gpu/lib/python3.9/site-packages/numba/cuda/dispatcher.py:536: NumbaPerformanceWarning: Grid size 1 will likely result in GPU under-utilization due to low occupancy.
  warn(NumbaPerformanceWarning(msg))
/work/pi_mrobson_smith_edu/ccc-env-gpu/lib/python3.9/site-packages/numba/cuda/dispatcher.py:536: NumbaPerformanceWarning: Grid size 1 will likely result in GPU under-utilization due to low occupancy.
  warn(NumbaPerformanceWarning(msg))
[INFO] Running chunk on GPU 0
compute_coef: 15.18 seconds
Time taken: 15.35 s

Testing with 14 features and 100000 samples...
GPUs available: 1
/work/pi_mrobson_smith_edu/ccc-env-gpu/lib/python3.9/site-packages/numba/cuda/dispatcher.py:536: NumbaPerformanceWarning: Grid size 1 will likely result in GPU under-utilization due to low occupancy.
  warn(NumbaPerformanceWarning(msg))
/work/pi_mrobson_smith_edu/ccc-env-gpu/lib/python3.9/site-packages/numba/cuda/dispatcher.py:536: NumbaPerformanceWarning: Grid size 1 will likely result in GPU under-utilization due to low occupancy.
  warn(NumbaPerformanceWarning(msg))
/work/pi_mrobson_smith_edu/ccc-env-gpu/lib/python3.9/site-packages/numba/cuda/dispatcher.py:536: NumbaPerformanceWarning: Grid size 1 will likely result in GPU under-utilization due to low occupancy.
  warn(NumbaPerformanceWarning(msg))
/work/pi_mrobson_smith_edu/ccc-env-gpu/lib/python3.9/site-packages/numba/cuda/dispatcher.py:536: NumbaPerformanceWarning: Grid size 1 will likely result in GPU under-utilization due to low occupancy.
  warn(NumbaPerformanceWarning(msg))
[INFO] Running chunk on GPU 0
compute_coef: 16.11 seconds
Time taken: 18.20 s

Testing with 14 features and 1000000 samples...
GPUs available: 1
/work/pi_mrobson_smith_edu/ccc-env-gpu/lib/python3.9/site-packages/numba/cuda/dispatcher.py:536: NumbaPerformanceWarning: Grid size 1 will likely result in GPU under-utilization due to low occupancy.
  warn(NumbaPerformanceWarning(msg))
/work/pi_mrobson_smith_edu/ccc-env-gpu/lib/python3.9/site-packages/numba/cuda/dispatcher.py:536: NumbaPerformanceWarning: Grid size 1 will likely result in GPU under-utilization due to low occupancy.
  warn(NumbaPerformanceWarning(msg))
/work/pi_mrobson_smith_edu/ccc-env-gpu/lib/python3.9/site-packages/numba/cuda/dispatcher.py:536: NumbaPerformanceWarning: Grid size 1 will likely result in GPU under-utilization due to low occupancy.
  warn(NumbaPerformanceWarning(msg))
/work/pi_mrobson_smith_edu/ccc-env-gpu/lib/python3.9/site-packages/numba/cuda/dispatcher.py:536: NumbaPerformanceWarning: Grid size 1 will likely result in GPU under-utilization due to low occupancy.
  warn(NumbaPerformanceWarning(msg))
[INFO] Running chunk on GPU 0
compute_coef: 28.65 seconds
Time taken: 56.26 s

Testing with 14 features and 10000000 samples...
GPUs available: 1
/work/pi_mrobson_smith_edu/ccc-env-gpu/lib/python3.9/site-packages/numba/cuda/dispatcher.py:536: NumbaPerformanceWarning: Grid size 1 will likely result in GPU under-utilization due to low occupancy.
  warn(NumbaPerformanceWarning(msg))
/work/pi_mrobson_smith_edu/ccc-env-gpu/lib/python3.9/site-packages/numba/cuda/dispatcher.py:536: NumbaPerformanceWarning: Grid size 1 will likely result in GPU under-utilization due to low occupancy.
  warn(NumbaPerformanceWarning(msg))
/work/pi_mrobson_smith_edu/ccc-env-gpu/lib/python3.9/site-packages/numba/cuda/dispatcher.py:536: NumbaPerformanceWarning: Grid size 1 will likely result in GPU under-utilization due to low occupancy.
  warn(NumbaPerformanceWarning(msg))
/work/pi_mrobson_smith_edu/ccc-env-gpu/lib/python3.9/site-packages/numba/cuda/dispatcher.py:536: NumbaPerformanceWarning: Grid size 1 will likely result in GPU under-utilization due to low occupancy.
  warn(NumbaPerformanceWarning(msg))
[INFO] Running chunk on GPU 0
compute_coef: 116.22 seconds
Time taken: 543.25 s

Testing with 16 features and 10000 samples...
GPUs available: 1
/work/pi_mrobson_smith_edu/ccc-env-gpu/lib/python3.9/site-packages/numba/cuda/dispatcher.py:536: NumbaPerformanceWarning: Grid size 40 will likely result in GPU under-utilization due to low occupancy.
  warn(NumbaPerformanceWarning(msg))
/work/pi_mrobson_smith_edu/ccc-env-gpu/lib/python3.9/site-packages/numba/cuda/dispatcher.py:536: NumbaPerformanceWarning: Grid size 1 will likely result in GPU under-utilization due to low occupancy.
  warn(NumbaPerformanceWarning(msg))
/work/pi_mrobson_smith_edu/ccc-env-gpu/lib/python3.9/site-packages/numba/cuda/dispatcher.py:536: NumbaPerformanceWarning: Grid size 1 will likely result in GPU under-utilization due to low occupancy.
  warn(NumbaPerformanceWarning(msg))
/work/pi_mrobson_smith_edu/ccc-env-gpu/lib/python3.9/site-packages/numba/cuda/dispatcher.py:536: NumbaPerformanceWarning: Grid size 1 will likely result in GPU under-utilization due to low occupancy.
  warn(NumbaPerformanceWarning(msg))
/work/pi_mrobson_smith_edu/ccc-env-gpu/lib/python3.9/site-packages/numba/cuda/dispatcher.py:536: NumbaPerformanceWarning: Grid size 1 will likely result in GPU under-utilization due to low occupancy.
  warn(NumbaPerformanceWarning(msg))
[INFO] Running chunk on GPU 0
compute_coef: 19.63 seconds
Time taken: 19.82 s

Testing with 16 features and 100000 samples...
GPUs available: 1
/work/pi_mrobson_smith_edu/ccc-env-gpu/lib/python3.9/site-packages/numba/cuda/dispatcher.py:536: NumbaPerformanceWarning: Grid size 1 will likely result in GPU under-utilization due to low occupancy.
  warn(NumbaPerformanceWarning(msg))
/work/pi_mrobson_smith_edu/ccc-env-gpu/lib/python3.9/site-packages/numba/cuda/dispatcher.py:536: NumbaPerformanceWarning: Grid size 1 will likely result in GPU under-utilization due to low occupancy.
  warn(NumbaPerformanceWarning(msg))
/work/pi_mrobson_smith_edu/ccc-env-gpu/lib/python3.9/site-packages/numba/cuda/dispatcher.py:536: NumbaPerformanceWarning: Grid size 1 will likely result in GPU under-utilization due to low occupancy.
  warn(NumbaPerformanceWarning(msg))
/work/pi_mrobson_smith_edu/ccc-env-gpu/lib/python3.9/site-packages/numba/cuda/dispatcher.py:536: NumbaPerformanceWarning: Grid size 1 will likely result in GPU under-utilization due to low occupancy.
  warn(NumbaPerformanceWarning(msg))
[INFO] Running chunk on GPU 0
compute_coef: 20.98 seconds
Time taken: 23.37 s

Testing with 16 features and 1000000 samples...
GPUs available: 1
/work/pi_mrobson_smith_edu/ccc-env-gpu/lib/python3.9/site-packages/numba/cuda/dispatcher.py:536: NumbaPerformanceWarning: Grid size 1 will likely result in GPU under-utilization due to low occupancy.
  warn(NumbaPerformanceWarning(msg))
/work/pi_mrobson_smith_edu/ccc-env-gpu/lib/python3.9/site-packages/numba/cuda/dispatcher.py:536: NumbaPerformanceWarning: Grid size 1 will likely result in GPU under-utilization due to low occupancy.
  warn(NumbaPerformanceWarning(msg))
/work/pi_mrobson_smith_edu/ccc-env-gpu/lib/python3.9/site-packages/numba/cuda/dispatcher.py:536: NumbaPerformanceWarning: Grid size 1 will likely result in GPU under-utilization due to low occupancy.
  warn(NumbaPerformanceWarning(msg))
/work/pi_mrobson_smith_edu/ccc-env-gpu/lib/python3.9/site-packages/numba/cuda/dispatcher.py:536: NumbaPerformanceWarning: Grid size 1 will likely result in GPU under-utilization due to low occupancy.
  warn(NumbaPerformanceWarning(msg))
[INFO] Running chunk on GPU 0
compute_coef: 37.28 seconds
Time taken: 68.82 s

Testing with 16 features and 10000000 samples...
GPUs available: 1
/work/pi_mrobson_smith_edu/ccc-env-gpu/lib/python3.9/site-packages/numba/cuda/dispatcher.py:536: NumbaPerformanceWarning: Grid size 1 will likely result in GPU under-utilization due to low occupancy.
  warn(NumbaPerformanceWarning(msg))
/work/pi_mrobson_smith_edu/ccc-env-gpu/lib/python3.9/site-packages/numba/cuda/dispatcher.py:536: NumbaPerformanceWarning: Grid size 1 will likely result in GPU under-utilization due to low occupancy.
  warn(NumbaPerformanceWarning(msg))
/work/pi_mrobson_smith_edu/ccc-env-gpu/lib/python3.9/site-packages/numba/cuda/dispatcher.py:536: NumbaPerformanceWarning: Grid size 1 will likely result in GPU under-utilization due to low occupancy.
  warn(NumbaPerformanceWarning(msg))
/work/pi_mrobson_smith_edu/ccc-env-gpu/lib/python3.9/site-packages/numba/cuda/dispatcher.py:536: NumbaPerformanceWarning: Grid size 1 will likely result in GPU under-utilization due to low occupancy.
  warn(NumbaPerformanceWarning(msg))
[INFO] Running chunk on GPU 0
compute_coef: 148.80 seconds
Time taken: 636.46 s

Testing with 18 features and 10000 samples...
GPUs available: 1
/work/pi_mrobson_smith_edu/ccc-env-gpu/lib/python3.9/site-packages/numba/cuda/dispatcher.py:536: NumbaPerformanceWarning: Grid size 40 will likely result in GPU under-utilization due to low occupancy.
  warn(NumbaPerformanceWarning(msg))
/work/pi_mrobson_smith_edu/ccc-env-gpu/lib/python3.9/site-packages/numba/cuda/dispatcher.py:536: NumbaPerformanceWarning: Grid size 1 will likely result in GPU under-utilization due to low occupancy.
  warn(NumbaPerformanceWarning(msg))
/work/pi_mrobson_smith_edu/ccc-env-gpu/lib/python3.9/site-packages/numba/cuda/dispatcher.py:536: NumbaPerformanceWarning: Grid size 1 will likely result in GPU under-utilization due to low occupancy.
  warn(NumbaPerformanceWarning(msg))
/work/pi_mrobson_smith_edu/ccc-env-gpu/lib/python3.9/site-packages/numba/cuda/dispatcher.py:536: NumbaPerformanceWarning: Grid size 1 will likely result in GPU under-utilization due to low occupancy.
  warn(NumbaPerformanceWarning(msg))
/work/pi_mrobson_smith_edu/ccc-env-gpu/lib/python3.9/site-packages/numba/cuda/dispatcher.py:536: NumbaPerformanceWarning: Grid size 1 will likely result in GPU under-utilization due to low occupancy.
  warn(NumbaPerformanceWarning(msg))
[INFO] Running chunk on GPU 0
compute_coef: 24.76 seconds
Time taken: 24.97 s

Testing with 18 features and 100000 samples...
GPUs available: 1
/work/pi_mrobson_smith_edu/ccc-env-gpu/lib/python3.9/site-packages/numba/cuda/dispatcher.py:536: NumbaPerformanceWarning: Grid size 1 will likely result in GPU under-utilization due to low occupancy.
  warn(NumbaPerformanceWarning(msg))
/work/pi_mrobson_smith_edu/ccc-env-gpu/lib/python3.9/site-packages/numba/cuda/dispatcher.py:536: NumbaPerformanceWarning: Grid size 1 will likely result in GPU under-utilization due to low occupancy.
  warn(NumbaPerformanceWarning(msg))
/work/pi_mrobson_smith_edu/ccc-env-gpu/lib/python3.9/site-packages/numba/cuda/dispatcher.py:536: NumbaPerformanceWarning: Grid size 1 will likely result in GPU under-utilization due to low occupancy.
  warn(NumbaPerformanceWarning(msg))
/work/pi_mrobson_smith_edu/ccc-env-gpu/lib/python3.9/site-packages/numba/cuda/dispatcher.py:536: NumbaPerformanceWarning: Grid size 1 will likely result in GPU under-utilization due to low occupancy.
  warn(NumbaPerformanceWarning(msg))
[INFO] Running chunk on GPU 0
compute_coef: 26.23 seconds
Time taken: 28.92 s

Testing with 18 features and 1000000 samples...
GPUs available: 1
/work/pi_mrobson_smith_edu/ccc-env-gpu/lib/python3.9/site-packages/numba/cuda/dispatcher.py:536: NumbaPerformanceWarning: Grid size 1 will likely result in GPU under-utilization due to low occupancy.
  warn(NumbaPerformanceWarning(msg))
/work/pi_mrobson_smith_edu/ccc-env-gpu/lib/python3.9/site-packages/numba/cuda/dispatcher.py:536: NumbaPerformanceWarning: Grid size 1 will likely result in GPU under-utilization due to low occupancy.
  warn(NumbaPerformanceWarning(msg))
/work/pi_mrobson_smith_edu/ccc-env-gpu/lib/python3.9/site-packages/numba/cuda/dispatcher.py:536: NumbaPerformanceWarning: Grid size 1 will likely result in GPU under-utilization due to low occupancy.
  warn(NumbaPerformanceWarning(msg))
/work/pi_mrobson_smith_edu/ccc-env-gpu/lib/python3.9/site-packages/numba/cuda/dispatcher.py:536: NumbaPerformanceWarning: Grid size 1 will likely result in GPU under-utilization due to low occupancy.
  warn(NumbaPerformanceWarning(msg))
[INFO] Running chunk on GPU 0
compute_coef: 46.41 seconds
Time taken: 81.84 s

Testing with 18 features and 10000000 samples...
GPUs available: 1
/work/pi_mrobson_smith_edu/ccc-env-gpu/lib/python3.9/site-packages/numba/cuda/dispatcher.py:536: NumbaPerformanceWarning: Grid size 1 will likely result in GPU under-utilization due to low occupancy.
  warn(NumbaPerformanceWarning(msg))
/work/pi_mrobson_smith_edu/ccc-env-gpu/lib/python3.9/site-packages/numba/cuda/dispatcher.py:536: NumbaPerformanceWarning: Grid size 1 will likely result in GPU under-utilization due to low occupancy.
  warn(NumbaPerformanceWarning(msg))
/work/pi_mrobson_smith_edu/ccc-env-gpu/lib/python3.9/site-packages/numba/cuda/dispatcher.py:536: NumbaPerformanceWarning: Grid size 1 will likely result in GPU under-utilization due to low occupancy.
  warn(NumbaPerformanceWarning(msg))
/work/pi_mrobson_smith_edu/ccc-env-gpu/lib/python3.9/site-packages/numba/cuda/dispatcher.py:536: NumbaPerformanceWarning: Grid size 1 will likely result in GPU under-utilization due to low occupancy.
  warn(NumbaPerformanceWarning(msg))
[INFO] Running chunk on GPU 0
compute_coef: 192.86 seconds
Time taken: 740.19 s

Testing with 20 features and 10000 samples...
GPUs available: 1
/work/pi_mrobson_smith_edu/ccc-env-gpu/lib/python3.9/site-packages/numba/cuda/dispatcher.py:536: NumbaPerformanceWarning: Grid size 40 will likely result in GPU under-utilization due to low occupancy.
  warn(NumbaPerformanceWarning(msg))
/work/pi_mrobson_smith_edu/ccc-env-gpu/lib/python3.9/site-packages/numba/cuda/dispatcher.py:536: NumbaPerformanceWarning: Grid size 1 will likely result in GPU under-utilization due to low occupancy.
  warn(NumbaPerformanceWarning(msg))
/work/pi_mrobson_smith_edu/ccc-env-gpu/lib/python3.9/site-packages/numba/cuda/dispatcher.py:536: NumbaPerformanceWarning: Grid size 1 will likely result in GPU under-utilization due to low occupancy.
  warn(NumbaPerformanceWarning(msg))
/work/pi_mrobson_smith_edu/ccc-env-gpu/lib/python3.9/site-packages/numba/cuda/dispatcher.py:536: NumbaPerformanceWarning: Grid size 1 will likely result in GPU under-utilization due to low occupancy.
  warn(NumbaPerformanceWarning(msg))
/work/pi_mrobson_smith_edu/ccc-env-gpu/lib/python3.9/site-packages/numba/cuda/dispatcher.py:536: NumbaPerformanceWarning: Grid size 1 will likely result in GPU under-utilization due to low occupancy.
  warn(NumbaPerformanceWarning(msg))
[INFO] Running chunk on GPU 0
compute_coef: 30.44 seconds
Time taken: 30.67 s

Testing with 20 features and 100000 samples...
GPUs available: 1
/work/pi_mrobson_smith_edu/ccc-env-gpu/lib/python3.9/site-packages/numba/cuda/dispatcher.py:536: NumbaPerformanceWarning: Grid size 1 will likely result in GPU under-utilization due to low occupancy.
  warn(NumbaPerformanceWarning(msg))
/work/pi_mrobson_smith_edu/ccc-env-gpu/lib/python3.9/site-packages/numba/cuda/dispatcher.py:536: NumbaPerformanceWarning: Grid size 1 will likely result in GPU under-utilization due to low occupancy.
  warn(NumbaPerformanceWarning(msg))
/work/pi_mrobson_smith_edu/ccc-env-gpu/lib/python3.9/site-packages/numba/cuda/dispatcher.py:536: NumbaPerformanceWarning: Grid size 1 will likely result in GPU under-utilization due to low occupancy.
  warn(NumbaPerformanceWarning(msg))
/work/pi_mrobson_smith_edu/ccc-env-gpu/lib/python3.9/site-packages/numba/cuda/dispatcher.py:536: NumbaPerformanceWarning: Grid size 1 will likely result in GPU under-utilization due to low occupancy.
  warn(NumbaPerformanceWarning(msg))
[INFO] Running chunk on GPU 0
compute_coef: 32.25 seconds
Time taken: 35.21 s

Testing with 20 features and 1000000 samples...
GPUs available: 1
/work/pi_mrobson_smith_edu/ccc-env-gpu/lib/python3.9/site-packages/numba/cuda/dispatcher.py:536: NumbaPerformanceWarning: Grid size 1 will likely result in GPU under-utilization due to low occupancy.
  warn(NumbaPerformanceWarning(msg))
/work/pi_mrobson_smith_edu/ccc-env-gpu/lib/python3.9/site-packages/numba/cuda/dispatcher.py:536: NumbaPerformanceWarning: Grid size 1 will likely result in GPU under-utilization due to low occupancy.
  warn(NumbaPerformanceWarning(msg))
/work/pi_mrobson_smith_edu/ccc-env-gpu/lib/python3.9/site-packages/numba/cuda/dispatcher.py:536: NumbaPerformanceWarning: Grid size 1 will likely result in GPU under-utilization due to low occupancy.
  warn(NumbaPerformanceWarning(msg))
/work/pi_mrobson_smith_edu/ccc-env-gpu/lib/python3.9/site-packages/numba/cuda/dispatcher.py:536: NumbaPerformanceWarning: Grid size 1 will likely result in GPU under-utilization due to low occupancy.
  warn(NumbaPerformanceWarning(msg))
[INFO] Running chunk on GPU 0
compute_coef: 57.94 seconds
Time taken: 97.25 s

Testing with 20 features and 10000000 samples...
GPUs available: 1
/work/pi_mrobson_smith_edu/ccc-env-gpu/lib/python3.9/site-packages/numba/cuda/dispatcher.py:536: NumbaPerformanceWarning: Grid size 1 will likely result in GPU under-utilization due to low occupancy.
  warn(NumbaPerformanceWarning(msg))
/work/pi_mrobson_smith_edu/ccc-env-gpu/lib/python3.9/site-packages/numba/cuda/dispatcher.py:536: NumbaPerformanceWarning: Grid size 1 will likely result in GPU under-utilization due to low occupancy.
  warn(NumbaPerformanceWarning(msg))
/work/pi_mrobson_smith_edu/ccc-env-gpu/lib/python3.9/site-packages/numba/cuda/dispatcher.py:536: NumbaPerformanceWarning: Grid size 1 will likely result in GPU under-utilization due to low occupancy.
  warn(NumbaPerformanceWarning(msg))
/work/pi_mrobson_smith_edu/ccc-env-gpu/lib/python3.9/site-packages/numba/cuda/dispatcher.py:536: NumbaPerformanceWarning: Grid size 1 will likely result in GPU under-utilization due to low occupancy.
  warn(NumbaPerformanceWarning(msg))
[INFO] Running chunk on GPU 0
compute_coef: 235.27 seconds
Time taken: 843.91 s

