Allocated nodes:
gypsum-gpu136
=== NODES=1 RANKS_PER_NODE=24 TOTAL_RANKS=24 THREADS=1 FEATURES=16 SIZE=10000000 RUN_ID=1===
[rank 0] Calling CCC...
mpi-gpu
hi, ccc_mpi_gpu
[Rank 0 on gypsum-gpu136] Local rank: 0, GPUs available: 8
hi, mpi_gpu_compute_coef
[INFO] Running chunk on GPU 0
Compute coef: 13.02 seconds
[rank 0] Time elapsed: 186.2427 seconds
mpi-gpu
hi, ccc_mpi_gpu
[Rank 1 on gypsum-gpu136] Local rank: 1, GPUs available: 8
hi, mpi_gpu_compute_coef
[INFO] Running chunk on GPU 1
Compute coef: 13.35 seconds
mpi-gpu
hi, ccc_mpi_gpu
[Rank 2 on gypsum-gpu136] Local rank: 2, GPUs available: 8
hi, mpi_gpu_compute_coef
[INFO] Running chunk on GPU 2
Compute coef: 13.08 seconds
mpi-gpu
hi, ccc_mpi_gpu
[Rank 3 on gypsum-gpu136] Local rank: 3, GPUs available: 8
hi, mpi_gpu_compute_coef
[INFO] Running chunk on GPU 3
Compute coef: 13.31 seconds
mpi-gpu
hi, ccc_mpi_gpu
[Rank 4 on gypsum-gpu136] Local rank: 4, GPUs available: 8
hi, mpi_gpu_compute_coef
[INFO] Running chunk on GPU 4
Compute coef: 13.53 seconds
mpi-gpu
hi, ccc_mpi_gpu
[Rank 5 on gypsum-gpu136] Local rank: 5, GPUs available: 8
hi, mpi_gpu_compute_coef
[INFO] Running chunk on GPU 5
Compute coef: 13.11 seconds
mpi-gpu
hi, ccc_mpi_gpu
[Rank 6 on gypsum-gpu136] Local rank: 6, GPUs available: 8
hi, mpi_gpu_compute_coef
[INFO] Running chunk on GPU 6
Compute coef: 13.38 seconds
mpi-gpu
hi, ccc_mpi_gpu
[Rank 7 on gypsum-gpu136] Local rank: 7, GPUs available: 8
hi, mpi_gpu_compute_coef
[INFO] Running chunk on GPU 7
Compute coef: 13.19 seconds
mpi-gpu
hi, ccc_mpi_gpu
[Rank 8 on gypsum-gpu136] Local rank: 8, GPUs available: 8
hi, mpi_gpu_compute_coef
[INFO] Running chunk on GPU 0
Compute coef: 13.09 seconds
mpi-gpu
hi, ccc_mpi_gpu
[Rank 9 on gypsum-gpu136] Local rank: 9, GPUs available: 8
hi, mpi_gpu_compute_coef
[INFO] Running chunk on GPU 1
Compute coef: 13.35 seconds
mpi-gpu
hi, ccc_mpi_gpu
[Rank 10 on gypsum-gpu136] Local rank: 10, GPUs available: 8
hi, mpi_gpu_compute_coef
[INFO] Running chunk on GPU 2
Compute coef: 13.53 seconds
mpi-gpu
hi, ccc_mpi_gpu
[Rank 11 on gypsum-gpu136] Local rank: 11, GPUs available: 8
hi, mpi_gpu_compute_coef
[INFO] Running chunk on GPU 3
Compute coef: 13.20 seconds
mpi-gpu
hi, ccc_mpi_gpu
[Rank 12 on gypsum-gpu136] Local rank: 12, GPUs available: 8
hi, mpi_gpu_compute_coef
[INFO] Running chunk on GPU 4
Compute coef: 13.95 seconds
mpi-gpu
hi, ccc_mpi_gpu
[Rank 13 on gypsum-gpu136] Local rank: 13, GPUs available: 8
hi, mpi_gpu_compute_coef
[INFO] Running chunk on GPU 5
Compute coef: 13.62 seconds
mpi-gpu
hi, ccc_mpi_gpu
[Rank 14 on gypsum-gpu136] Local rank: 14, GPUs available: 8
hi, mpi_gpu_compute_coef
[INFO] Running chunk on GPU 6
Compute coef: 13.09 seconds
mpi-gpu
hi, ccc_mpi_gpu
[Rank 15 on gypsum-gpu136] Local rank: 15, GPUs available: 8
hi, mpi_gpu_compute_coef
[INFO] Running chunk on GPU 7
Compute coef: 13.68 seconds
mpi-gpu
hi, ccc_mpi_gpu
[Rank 16 on gypsum-gpu136] Local rank: 16, GPUs available: 8
hi, mpi_gpu_compute_coef
[INFO] Running chunk on GPU 0
Compute coef: 13.41 seconds
mpi-gpu
hi, ccc_mpi_gpu
[Rank 17 on gypsum-gpu136] Local rank: 17, GPUs available: 8
hi, mpi_gpu_compute_coef
[INFO] Running chunk on GPU 1
Compute coef: 14.20 seconds
mpi-gpu
hi, ccc_mpi_gpu
[Rank 18 on gypsum-gpu136] Local rank: 18, GPUs available: 8
hi, mpi_gpu_compute_coef
[INFO] Running chunk on GPU 2
Compute coef: 13.12 seconds
mpi-gpu
hi, ccc_mpi_gpu
[Rank 19 on gypsum-gpu136] Local rank: 19, GPUs available: 8
hi, mpi_gpu_compute_coef
[INFO] Running chunk on GPU 3
Compute coef: 13.75 seconds
mpi-gpu
hi, ccc_mpi_gpu
[Rank 20 on gypsum-gpu136] Local rank: 20, GPUs available: 8
hi, mpi_gpu_compute_coef
[INFO] Running chunk on GPU 4
Compute coef: 13.55 seconds
mpi-gpu
hi, ccc_mpi_gpu
[Rank 21 on gypsum-gpu136] Local rank: 21, GPUs available: 8
hi, mpi_gpu_compute_coef
[INFO] Running chunk on GPU 5
Compute coef: 13.13 seconds
mpi-gpu
hi, ccc_mpi_gpu
[Rank 22 on gypsum-gpu136] Local rank: 22, GPUs available: 8
hi, mpi_gpu_compute_coef
[INFO] Running chunk on GPU 6
Compute coef: 13.23 seconds
mpi-gpu
hi, ccc_mpi_gpu
[Rank 23 on gypsum-gpu136] Local rank: 23, GPUs available: 8
hi, mpi_gpu_compute_coef
[INFO] Running chunk on GPU 7
Compute coef: 13.55 seconds
Time taken:186.2427
=== NODES=1 RANKS_PER_NODE=8 TOTAL_RANKS=8 THREADS=1 FEATURES=16 SIZE=10000000 RUN_ID=1===
[rank 0] Calling CCC...
mpi-gpu
hi, ccc_mpi_gpu
[Rank 0 on gypsum-gpu136] Local rank: 0, GPUs available: 8
hi, mpi_gpu_compute_coef
[INFO] Running chunk on GPU 0
Compute coef: 27.41 seconds
[rank 0] Time elapsed: 209.0398 seconds
mpi-gpu
hi, ccc_mpi_gpu
[Rank 1 on gypsum-gpu136] Local rank: 1, GPUs available: 8
hi, mpi_gpu_compute_coef
[INFO] Running chunk on GPU 1
Compute coef: 27.20 seconds
mpi-gpu
hi, ccc_mpi_gpu
[Rank 2 on gypsum-gpu136] Local rank: 2, GPUs available: 8
hi, mpi_gpu_compute_coef
[INFO] Running chunk on GPU 2
Compute coef: 27.44 seconds
mpi-gpu
hi, ccc_mpi_gpu
[Rank 3 on gypsum-gpu136] Local rank: 3, GPUs available: 8
hi, mpi_gpu_compute_coef
[INFO] Running chunk on GPU 3
Compute coef: 27.07 seconds
mpi-gpu
hi, ccc_mpi_gpu
[Rank 4 on gypsum-gpu136] Local rank: 4, GPUs available: 8
hi, mpi_gpu_compute_coef
[INFO] Running chunk on GPU 4
Compute coef: 26.46 seconds
mpi-gpu
hi, ccc_mpi_gpu
[Rank 5 on gypsum-gpu136] Local rank: 5, GPUs available: 8
hi, mpi_gpu_compute_coef
[INFO] Running chunk on GPU 5
Compute coef: 27.24 seconds
mpi-gpu
hi, ccc_mpi_gpu
[Rank 6 on gypsum-gpu136] Local rank: 6, GPUs available: 8
hi, mpi_gpu_compute_coef
[INFO] Running chunk on GPU 6
Compute coef: 27.10 seconds
mpi-gpu
hi, ccc_mpi_gpu
[Rank 7 on gypsum-gpu136] Local rank: 7, GPUs available: 8
hi, mpi_gpu_compute_coef
[INFO] Running chunk on GPU 7
Compute coef: 26.61 seconds
Time taken:209.0398
=== NODES=1 RANKS_PER_NODE=24 TOTAL_RANKS=24 THREADS=1 FEATURES=16 SIZE=10000000 RUN_ID=2===
[rank 0] Calling CCC...
mpi-gpu
hi, ccc_mpi_gpu
[Rank 0 on gypsum-gpu136] Local rank: 0, GPUs available: 8
hi, mpi_gpu_compute_coef
[INFO] Running chunk on GPU 0
Compute coef: 13.14 seconds
[rank 0] Time elapsed: 186.5791 seconds
mpi-gpu
hi, ccc_mpi_gpu
[Rank 1 on gypsum-gpu136] Local rank: 1, GPUs available: 8
hi, mpi_gpu_compute_coef
[INFO] Running chunk on GPU 1
Compute coef: 13.41 seconds
mpi-gpu
hi, ccc_mpi_gpu
[Rank 2 on gypsum-gpu136] Local rank: 2, GPUs available: 8
hi, mpi_gpu_compute_coef
[INFO] Running chunk on GPU 2
Compute coef: 12.83 seconds
mpi-gpu
hi, ccc_mpi_gpu
[Rank 3 on gypsum-gpu136] Local rank: 3, GPUs available: 8
hi, mpi_gpu_compute_coef
[INFO] Running chunk on GPU 3
Compute coef: 13.12 seconds
mpi-gpu
hi, ccc_mpi_gpu
[Rank 4 on gypsum-gpu136] Local rank: 4, GPUs available: 8
hi, mpi_gpu_compute_coef
[INFO] Running chunk on GPU 4
Compute coef: 13.60 seconds
mpi-gpu
hi, ccc_mpi_gpu
[Rank 5 on gypsum-gpu136] Local rank: 5, GPUs available: 8
hi, mpi_gpu_compute_coef
[INFO] Running chunk on GPU 5
Compute coef: 13.87 seconds
mpi-gpu
hi, ccc_mpi_gpu
[Rank 6 on gypsum-gpu136] Local rank: 6, GPUs available: 8
hi, mpi_gpu_compute_coef
[INFO] Running chunk on GPU 6
Compute coef: 13.71 seconds
mpi-gpu
hi, ccc_mpi_gpu
[Rank 7 on gypsum-gpu136] Local rank: 7, GPUs available: 8
hi, mpi_gpu_compute_coef
[INFO] Running chunk on GPU 7
Compute coef: 12.96 seconds
mpi-gpu
hi, ccc_mpi_gpu
[Rank 8 on gypsum-gpu136] Local rank: 8, GPUs available: 8
hi, mpi_gpu_compute_coef
[INFO] Running chunk on GPU 0
Compute coef: 14.06 seconds
mpi-gpu
hi, ccc_mpi_gpu
[Rank 9 on gypsum-gpu136] Local rank: 9, GPUs available: 8
hi, mpi_gpu_compute_coef
[INFO] Running chunk on GPU 1
Compute coef: 13.61 seconds
mpi-gpu
hi, ccc_mpi_gpu
[Rank 10 on gypsum-gpu136] Local rank: 10, GPUs available: 8
hi, mpi_gpu_compute_coef
[INFO] Running chunk on GPU 2
Compute coef: 13.70 seconds
mpi-gpu
hi, ccc_mpi_gpu
[Rank 11 on gypsum-gpu136] Local rank: 11, GPUs available: 8
hi, mpi_gpu_compute_coef
[INFO] Running chunk on GPU 3
Compute coef: 13.81 seconds
mpi-gpu
hi, ccc_mpi_gpu
[Rank 12 on gypsum-gpu136] Local rank: 12, GPUs available: 8
hi, mpi_gpu_compute_coef
[INFO] Running chunk on GPU 4
Compute coef: 13.61 seconds
mpi-gpu
hi, ccc_mpi_gpu
[Rank 13 on gypsum-gpu136] Local rank: 13, GPUs available: 8
hi, mpi_gpu_compute_coef
[INFO] Running chunk on GPU 5
Compute coef: 13.38 seconds
mpi-gpu
hi, ccc_mpi_gpu
[Rank 14 on gypsum-gpu136] Local rank: 14, GPUs available: 8
hi, mpi_gpu_compute_coef
[INFO] Running chunk on GPU 6
Compute coef: 13.03 seconds
mpi-gpu
hi, ccc_mpi_gpu
[Rank 15 on gypsum-gpu136] Local rank: 15, GPUs available: 8
hi, mpi_gpu_compute_coef
[INFO] Running chunk on GPU 7
Compute coef: 13.53 seconds
mpi-gpu
hi, ccc_mpi_gpu
[Rank 16 on gypsum-gpu136] Local rank: 16, GPUs available: 8
hi, mpi_gpu_compute_coef
[INFO] Running chunk on GPU 0
Compute coef: 13.51 seconds
mpi-gpu
hi, ccc_mpi_gpu
[Rank 17 on gypsum-gpu136] Local rank: 17, GPUs available: 8
hi, mpi_gpu_compute_coef
[INFO] Running chunk on GPU 1
Compute coef: 13.19 seconds
mpi-gpu
hi, ccc_mpi_gpu
[Rank 18 on gypsum-gpu136] Local rank: 18, GPUs available: 8
hi, mpi_gpu_compute_coef
[INFO] Running chunk on GPU 2
Compute coef: 13.89 seconds
mpi-gpu
hi, ccc_mpi_gpu
[Rank 19 on gypsum-gpu136] Local rank: 19, GPUs available: 8
hi, mpi_gpu_compute_coef
[INFO] Running chunk on GPU 3
Compute coef: 13.00 seconds
mpi-gpu
hi, ccc_mpi_gpu
[Rank 20 on gypsum-gpu136] Local rank: 20, GPUs available: 8
hi, mpi_gpu_compute_coef
[INFO] Running chunk on GPU 4
Compute coef: 13.46 seconds
mpi-gpu
hi, ccc_mpi_gpu
[Rank 21 on gypsum-gpu136] Local rank: 21, GPUs available: 8
hi, mpi_gpu_compute_coef
[INFO] Running chunk on GPU 5
Compute coef: 13.27 seconds
mpi-gpu
hi, ccc_mpi_gpu
[Rank 22 on gypsum-gpu136] Local rank: 22, GPUs available: 8
hi, mpi_gpu_compute_coef
[INFO] Running chunk on GPU 6
Compute coef: 13.45 seconds
mpi-gpu
hi, ccc_mpi_gpu
[Rank 23 on gypsum-gpu136] Local rank: 23, GPUs available: 8
hi, mpi_gpu_compute_coef
[INFO] Running chunk on GPU 7
Compute coef: 13.36 seconds
Time taken:186.5791
=== NODES=1 RANKS_PER_NODE=8 TOTAL_RANKS=8 THREADS=1 FEATURES=16 SIZE=10000000 RUN_ID=2===
[rank 0] Calling CCC...
mpi-gpu
hi, ccc_mpi_gpu
[Rank 0 on gypsum-gpu136] Local rank: 0, GPUs available: 8
hi, mpi_gpu_compute_coef
[INFO] Running chunk on GPU 0
Compute coef: 27.00 seconds
[rank 0] Time elapsed: 207.9297 seconds
mpi-gpu
hi, ccc_mpi_gpu
[Rank 1 on gypsum-gpu136] Local rank: 1, GPUs available: 8
hi, mpi_gpu_compute_coef
[INFO] Running chunk on GPU 1
Compute coef: 27.74 seconds
mpi-gpu
hi, ccc_mpi_gpu
[Rank 2 on gypsum-gpu136] Local rank: 2, GPUs available: 8
hi, mpi_gpu_compute_coef
[INFO] Running chunk on GPU 2
Compute coef: 27.08 seconds
mpi-gpu
hi, ccc_mpi_gpu
[Rank 4 on gypsum-gpu136] Local rank: 4, GPUs available: 8
hi, mpi_gpu_compute_coef
[INFO] Running chunk on GPU 4
Compute coef: 26.24 seconds
mpi-gpu
hi, ccc_mpi_gpu
[Rank 5 on gypsum-gpu136] Local rank: 5, GPUs available: 8
hi, mpi_gpu_compute_coef
[INFO] Running chunk on GPU 5
Compute coef: 27.19 seconds
mpi-gpu
hi, ccc_mpi_gpu
[Rank 6 on gypsum-gpu136] Local rank: 6, GPUs available: 8
hi, mpi_gpu_compute_coef
[INFO] Running chunk on GPU 6
Compute coef: 26.19 seconds
mpi-gpu
hi, ccc_mpi_gpu
[Rank 7 on gypsum-gpu136] Local rank: 7, GPUs available: 8
hi, mpi_gpu_compute_coef
[INFO] Running chunk on GPU 7
Compute coef: 26.82 seconds
mpi-gpu
hi, ccc_mpi_gpu
[Rank 3 on gypsum-gpu136] Local rank: 3, GPUs available: 8
hi, mpi_gpu_compute_coef
[INFO] Running chunk on GPU 3
Compute coef: 26.52 seconds
Time taken:207.9297
=== NODES=1 RANKS_PER_NODE=24 TOTAL_RANKS=24 THREADS=1 FEATURES=16 SIZE=10000000 RUN_ID=3===
[rank 0] Calling CCC...
mpi-gpu
hi, ccc_mpi_gpu
[Rank 0 on gypsum-gpu136] Local rank: 0, GPUs available: 8
hi, mpi_gpu_compute_coef
[INFO] Running chunk on GPU 0
Compute coef: 13.61 seconds
[rank 0] Time elapsed: 186.1787 seconds
mpi-gpu
hi, ccc_mpi_gpu
[Rank 1 on gypsum-gpu136] Local rank: 1, GPUs available: 8
hi, mpi_gpu_compute_coef
[INFO] Running chunk on GPU 1
Compute coef: 13.21 seconds
mpi-gpu
hi, ccc_mpi_gpu
[Rank 2 on gypsum-gpu136] Local rank: 2, GPUs available: 8
hi, mpi_gpu_compute_coef
[INFO] Running chunk on GPU 2
Compute coef: 13.35 seconds
mpi-gpu
hi, ccc_mpi_gpu
[Rank 3 on gypsum-gpu136] Local rank: 3, GPUs available: 8
hi, mpi_gpu_compute_coef
[INFO] Running chunk on GPU 3
Compute coef: 13.55 seconds
mpi-gpu
hi, ccc_mpi_gpu
[Rank 4 on gypsum-gpu136] Local rank: 4, GPUs available: 8
hi, mpi_gpu_compute_coef
[INFO] Running chunk on GPU 4
Compute coef: 13.21 seconds
mpi-gpu
hi, ccc_mpi_gpu
[Rank 5 on gypsum-gpu136] Local rank: 5, GPUs available: 8
hi, mpi_gpu_compute_coef
[INFO] Running chunk on GPU 5
Compute coef: 13.05 seconds
mpi-gpu
hi, ccc_mpi_gpu
[Rank 6 on gypsum-gpu136] Local rank: 6, GPUs available: 8
hi, mpi_gpu_compute_coef
[INFO] Running chunk on GPU 6
Compute coef: 13.06 seconds
mpi-gpu
hi, ccc_mpi_gpu
[Rank 7 on gypsum-gpu136] Local rank: 7, GPUs available: 8
hi, mpi_gpu_compute_coef
[INFO] Running chunk on GPU 7
Compute coef: 13.24 seconds
mpi-gpu
hi, ccc_mpi_gpu
[Rank 8 on gypsum-gpu136] Local rank: 8, GPUs available: 8
hi, mpi_gpu_compute_coef
[INFO] Running chunk on GPU 0
Compute coef: 13.59 seconds
mpi-gpu
hi, ccc_mpi_gpu
[Rank 9 on gypsum-gpu136] Local rank: 9, GPUs available: 8
hi, mpi_gpu_compute_coef
[INFO] Running chunk on GPU 1
Compute coef: 13.05 seconds
mpi-gpu
hi, ccc_mpi_gpu
[Rank 10 on gypsum-gpu136] Local rank: 10, GPUs available: 8
hi, mpi_gpu_compute_coef
[INFO] Running chunk on GPU 2
Compute coef: 14.85 seconds
mpi-gpu
hi, ccc_mpi_gpu
[Rank 11 on gypsum-gpu136] Local rank: 11, GPUs available: 8
hi, mpi_gpu_compute_coef
[INFO] Running chunk on GPU 3
Compute coef: 13.63 seconds
mpi-gpu
hi, ccc_mpi_gpu
[Rank 12 on gypsum-gpu136] Local rank: 12, GPUs available: 8
hi, mpi_gpu_compute_coef
[INFO] Running chunk on GPU 4
Compute coef: 13.19 seconds
mpi-gpu
hi, ccc_mpi_gpu
[Rank 13 on gypsum-gpu136] Local rank: 13, GPUs available: 8
hi, mpi_gpu_compute_coef
[INFO] Running chunk on GPU 5
Compute coef: 14.01 seconds
mpi-gpu
hi, ccc_mpi_gpu
[Rank 14 on gypsum-gpu136] Local rank: 14, GPUs available: 8
hi, mpi_gpu_compute_coef
[INFO] Running chunk on GPU 6
Compute coef: 13.48 seconds
mpi-gpu
hi, ccc_mpi_gpu
[Rank 15 on gypsum-gpu136] Local rank: 15, GPUs available: 8
hi, mpi_gpu_compute_coef
[INFO] Running chunk on GPU 7
Compute coef: 13.09 seconds
mpi-gpu
hi, ccc_mpi_gpu
[Rank 16 on gypsum-gpu136] Local rank: 16, GPUs available: 8
hi, mpi_gpu_compute_coef
[INFO] Running chunk on GPU 0
Compute coef: 13.21 seconds
mpi-gpu
hi, ccc_mpi_gpu
[Rank 17 on gypsum-gpu136] Local rank: 17, GPUs available: 8
hi, mpi_gpu_compute_coef
[INFO] Running chunk on GPU 1
Compute coef: 14.75 seconds
mpi-gpu
hi, ccc_mpi_gpu
[Rank 18 on gypsum-gpu136] Local rank: 18, GPUs available: 8
hi, mpi_gpu_compute_coef
[INFO] Running chunk on GPU 2
Compute coef: 13.10 seconds
mpi-gpu
hi, ccc_mpi_gpu
[Rank 19 on gypsum-gpu136] Local rank: 19, GPUs available: 8
hi, mpi_gpu_compute_coef
[INFO] Running chunk on GPU 3
Compute coef: 12.96 seconds
mpi-gpu
hi, ccc_mpi_gpu
[Rank 20 on gypsum-gpu136] Local rank: 20, GPUs available: 8
hi, mpi_gpu_compute_coef
[INFO] Running chunk on GPU 4
Compute coef: 12.98 seconds
mpi-gpu
hi, ccc_mpi_gpu
[Rank 21 on gypsum-gpu136] Local rank: 21, GPUs available: 8
hi, mpi_gpu_compute_coef
[INFO] Running chunk on GPU 5
Compute coef: 13.09 seconds
mpi-gpu
hi, ccc_mpi_gpu
[Rank 22 on gypsum-gpu136] Local rank: 22, GPUs available: 8
hi, mpi_gpu_compute_coef
[INFO] Running chunk on GPU 6
Compute coef: 13.73 seconds
mpi-gpu
hi, ccc_mpi_gpu
[Rank 23 on gypsum-gpu136] Local rank: 23, GPUs available: 8
hi, mpi_gpu_compute_coef
[INFO] Running chunk on GPU 7
Compute coef: 13.26 seconds
Time taken:186.1787
=== NODES=1 RANKS_PER_NODE=8 TOTAL_RANKS=8 THREADS=1 FEATURES=16 SIZE=10000000 RUN_ID=3===
[rank 0] Calling CCC...
mpi-gpu
hi, ccc_mpi_gpu
[Rank 0 on gypsum-gpu136] Local rank: 0, GPUs available: 8
hi, mpi_gpu_compute_coef
[INFO] Running chunk on GPU 0
Compute coef: 27.68 seconds
[rank 0] Time elapsed: 208.6892 seconds
mpi-gpu
hi, ccc_mpi_gpu
[Rank 1 on gypsum-gpu136] Local rank: 1, GPUs available: 8
hi, mpi_gpu_compute_coef
[INFO] Running chunk on GPU 1
Compute coef: 26.21 seconds
mpi-gpu
hi, ccc_mpi_gpu
[Rank 2 on gypsum-gpu136] Local rank: 2, GPUs available: 8
hi, mpi_gpu_compute_coef
[INFO] Running chunk on GPU 2
Compute coef: 26.70 seconds
mpi-gpu
hi, ccc_mpi_gpu
[Rank 3 on gypsum-gpu136] Local rank: 3, GPUs available: 8
hi, mpi_gpu_compute_coef
[INFO] Running chunk on GPU 3
Compute coef: 26.97 seconds
mpi-gpu
hi, ccc_mpi_gpu
[Rank 4 on gypsum-gpu136] Local rank: 4, GPUs available: 8
hi, mpi_gpu_compute_coef
[INFO] Running chunk on GPU 4
Compute coef: 27.22 seconds
mpi-gpu
hi, ccc_mpi_gpu
[Rank 5 on gypsum-gpu136] Local rank: 5, GPUs available: 8
hi, mpi_gpu_compute_coef
[INFO] Running chunk on GPU 5
Compute coef: 27.09 seconds
mpi-gpu
hi, ccc_mpi_gpu
[Rank 6 on gypsum-gpu136] Local rank: 6, GPUs available: 8
hi, mpi_gpu_compute_coef
[INFO] Running chunk on GPU 6
Compute coef: 26.64 seconds
mpi-gpu
hi, ccc_mpi_gpu
[Rank 7 on gypsum-gpu136] Local rank: 7, GPUs available: 8
hi, mpi_gpu_compute_coef
[INFO] Running chunk on GPU 7
Compute coef: 26.41 seconds
Time taken:208.6892
