Running CCC timing test...

Testing with 2 features and 100 samples...
CCC result: 0.010830835149630666
Time taken: 3.0219554901123047 ms

Testing with 2 features and 1000 samples...
CCC result: 0.003304327975675757
Time taken: 5.428791046142578 ms

Testing with 2 features and 10000 samples...
CCC result: 0.00017265406453226615
Time taken: 35.48121452331543 ms

Testing with 2 features and 100000 samples...
CCC result: 2.8613338595215842e-05
Time taken: 382.5845718383789 ms

Testing with 2 features and 1000000 samples...
CCC result: 4.71987194953032e-06
Time taken: 5694.941282272339 ms

Testing with 2 features and 10000000 samples...
CCC result: 7.803204840962071e-08
Time taken: 90519.78802680969 ms

Testing with 4 features and 100 samples...
CCC result: [0.03965818 0.04795342 0.09324082 0.02222222 0.0625     0.04631474]
Time taken: 12.119054794311523 ms

Testing with 4 features and 1000 samples...
CCC result: [0.00329402 0.0027113  0.00156086 0.00058187 0.00491283 0.00233164]
Time taken: 17.23313331604004 ms

Testing with 4 features and 10000 samples...
CCC result: [0.00024745 0.00030643 0.00026017 0.00034325 0.0001697  0.00010589]
Time taken: 81.5885066986084 ms

Testing with 4 features and 100000 samples...
CCC result: [3.25106251e-05 2.13140181e-05 2.89434918e-05 4.87709672e-05
 4.00768437e-05 2.16159269e-05]
Time taken: 816.8654441833496 ms

Testing with 4 features and 1000000 samples...
CCC result: [1.84435340e-06 3.51547604e-06 1.53264059e-06 2.60537000e-06
 3.89294689e-06 1.44885908e-06]
Time taken: 11439.191579818726 ms

Testing with 4 features and 10000000 samples...
CCC result: [2.74048362e-07 1.91882661e-07 3.74812656e-07 2.16576885e-07
 1.07548158e-07 2.32354886e-07]
Time taken: 186554.44049835205 ms

Testing with 6 features and 100 samples...
CCC result: [0.03127572 0.00437668 0.0256861  0.02083333 0.02481669 0.01507107
 0.01616677 0.03095949 0.01609879 0.02823684 0.03594817 0.03739716
 0.02114177 0.02368678 0.033385  ]
Time taken: 27.309417724609375 ms

Testing with 6 features and 1000 samples...
CCC result: [0.00064865 0.0019901  0.00340893 0.00146794 0.00218105 0.00270549
 0.00190937 0.00277295 0.0016634  0.00321713 0.00217205 0.00096089
 0.00258145 0.00297103 0.00156766]
Time taken: 36.32068634033203 ms

Testing with 6 features and 10000 samples...
CCC result: [3.61058764e-04 1.03414358e-04 1.73310794e-04 2.93228987e-04
 6.84464604e-04 1.17516891e-04 1.56810249e-04 3.67079121e-04
 2.13298130e-04 6.04673534e-05 3.58185774e-04 5.93524950e-04
 2.92108220e-04 1.51540592e-04 1.24010806e-04]
Time taken: 141.62492752075195 ms

Testing with 6 features and 100000 samples...
CCC result: [2.82167063e-05 3.44835626e-05 3.09906965e-05 2.41057411e-05
 1.67218588e-05 3.66787623e-05 3.95577494e-05 2.55900349e-05
 1.04966311e-05 9.35265804e-05 1.12352185e-05 4.68955586e-05
 2.79926219e-05 2.95354543e-05 2.67075007e-05]
Time taken: 1325.3865242004395 ms

Testing with 6 features and 1000000 samples...
CCC result: [4.55014931e-06 2.37687936e-06 2.99708999e-06 2.63703370e-06
 9.29612173e-06 1.97448495e-06 1.59458346e-06 4.87323486e-06
 3.50472156e-06 4.14042771e-06 3.22780136e-06 4.64438302e-06
 3.01811375e-06 6.72358230e-06 3.12072192e-06]
Time taken: 16592.241048812866 ms

Testing with 6 features and 10000000 samples...
CCC result: [3.70047387e-07 2.28276727e-07 5.05819292e-07 1.04761121e-07
 4.28819873e-07 4.85421692e-07 2.97099072e-07 3.29527259e-08
 1.87804968e-07 9.72467447e-07 2.31833653e-07 4.39124007e-07
 3.07574993e-07 2.21892658e-07 4.00563159e-07]
Time taken: 289130.8023929596 ms

Testing with 8 features and 100 samples...
CCC result: [0.01217257 0.04798367 0.00941181 0.04903534 0.02116923 0.02116923
 0.02042973 0.03741538 0.02996694 0.03703704 0.01277955 0.01792
 0.03752466 0.02743241 0.01488889 0.02981747 0.02212355 0.05080793
 0.05691077 0.02524005 0.02507407 0.02208544 0.03042152 0.02323035
 0.04324587 0.02431923 0.0275455  0.01874877]
Time taken: 49.286603927612305 ms

Testing with 8 features and 1000 samples...
CCC result: [0.00148611 0.0037944  0.00191165 0.00398052 0.00233289 0.00096231
 0.00355909 0.00216224 0.00305053 0.00262271 0.00267284 0.0021341
 0.00336127 0.0023803  0.00183155 0.00227784 0.00091294 0.00331079
 0.00282826 0.00211837 0.00101021 0.00529765 0.00102867 0.00122891
 0.00265866 0.00339028 0.00440738 0.00342828]
Time taken: 62.53218650817871 ms

Testing with 8 features and 10000 samples...
CCC result: [0.00034997 0.00039087 0.00053129 0.00047437 0.00046988 0.00015302
 0.00011711 0.00024259 0.00044309 0.00020932 0.00018384 0.00043029
 0.00058822 0.00033047 0.00023181 0.00024922 0.00019404 0.00031909
 0.00043236 0.00029907 0.00025657 0.00019308 0.00018652 0.00029671
 0.0004704  0.00046227 0.00062307 0.00053569]
Time taken: 214.1261100769043 ms

Testing with 8 features and 100000 samples...
CCC result: [1.88394922e-05 3.44037305e-05 2.28899578e-05 3.47530951e-05
 3.40732710e-05 1.86883607e-05 3.12747077e-05 3.16604498e-05
 6.23402662e-05 4.47861566e-05 1.87296873e-05 1.41098642e-05
 3.19773099e-05 1.67998467e-05 1.94785054e-05 3.03523256e-05
 2.42141248e-05 2.33504008e-05 4.83699837e-05 1.94923078e-05
 1.07910737e-05 3.43875837e-05 2.38434215e-05 4.93114794e-05
 4.95275858e-05 5.14660147e-05 2.22899950e-05 1.15893981e-05]
Time taken: 1894.8736190795898 ms

Testing with 8 features and 1000000 samples...
CCC result: [4.52440160e-06 2.11298623e-06 3.52934009e-06 2.00324268e-06
 3.72052074e-06 2.95835179e-06 2.59722480e-06 2.07677519e-06
 4.12943036e-06 3.08606251e-06 4.20541292e-07 7.25950082e-07
 1.69613960e-06 1.27254215e-06 9.56570456e-07 2.55336064e-06
 2.89236026e-06 2.38609304e-06 3.55148614e-06 1.84867974e-06
 4.49204223e-07 3.74144878e-06 2.48514268e-06 1.57568087e-06
 3.28908172e-06 2.69688255e-06 2.52656923e-06 7.08836113e-06]
Time taken: 22949.546098709106 ms

Testing with 8 features and 10000000 samples...
CCC result: [3.78503557e-07 7.90122316e-08 2.93489297e-07 3.57550260e-07
 1.11339551e-07 1.57274793e-07 1.78273728e-07 3.00568898e-07
 3.53874061e-07 1.89921023e-07 2.73284708e-07 2.35059131e-07
 1.63826250e-07 3.45947504e-07 2.25288114e-07 3.23353177e-07
 2.10554918e-07 4.37294189e-08 2.01490161e-07 7.85393998e-07
 8.99646448e-08 2.45781715e-07 3.42974578e-07 1.07368321e-07
 2.52619714e-07 3.58734570e-07 1.48952231e-07 2.32114063e-07]
Time taken: 398888.6253833771 ms

Testing with 10 features and 100 samples...
CCC result: [0.02324638 0.02306257 0.03020408 0.03020408 0.01579244 0.01413568
 0.01488889 0.0167835  0.0167835  0.04513889 0.06899592 0.02097741
 0.06120179 0.00933427 0.02275062 0.02314815 0.02368678 0.01640991
 0.02361905 0.04304839 0.04016431 0.03531521 0.06899592 0.02422998
 0.01976682 0.05691077 0.01150007 0.0125044  0.00593336 0.00898253
 0.03161464 0.03289177 0.05041231 0.03343566 0.03020408 0.04173235
 0.02373203 0.02549154 0.01891645 0.0380288  0.03500586 0.04027571
 0.04037378 0.04107623 0.0167835 ]
Time taken: 77.82220840454102 ms

Testing with 10 features and 1000 samples...
CCC result: [0.00379089 0.00260208 0.00376744 0.00321763 0.00322334 0.00443751
 0.00109426 0.00312037 0.00325846 0.00457945 0.0007924  0.00138573
 0.00382579 0.0024866  0.00072825 0.00285983 0.00187455 0.00169784
 0.00424717 0.00503035 0.0030981  0.00291433 0.00107724 0.0040473
 0.00145673 0.00102941 0.0040436  0.00213714 0.00355909 0.00188021
 0.00198369 0.00332566 0.00260361 0.00482118 0.00295707 0.00344424
 0.00012483 0.00352471 0.00189685 0.00242457 0.00217246 0.00304367
 0.00383108 0.00448437 0.00303501]
Time taken: 95.92700004577637 ms

Testing with 10 features and 10000 samples...
CCC result: [6.98629440e-05 3.66243532e-04 1.49753241e-04 3.72160917e-04
 2.01922782e-04 1.73602087e-04 3.35192919e-04 3.00672111e-04
 2.02471737e-04 2.35435911e-04 2.07763457e-04 2.29902451e-04
 1.40540667e-04 4.52523242e-04 1.28259608e-04 4.83797846e-04
 2.22753408e-04 2.42105870e-04 9.90936760e-05 2.77268187e-04
 3.37487040e-04 1.93087899e-04 1.22695267e-04 1.06630845e-04
 2.03505127e-04 1.90475818e-04 3.77269098e-04 9.93808753e-05
 1.99589788e-04 2.44823174e-04 2.74354876e-04 2.78681973e-04
 6.86109397e-04 2.38330225e-04 2.01991069e-04 3.39858652e-04
 3.25619337e-04 2.33936792e-04 4.22740705e-04 9.86281010e-05
 1.89902044e-04 1.02875112e-04 2.32068974e-04 1.87255271e-04
 4.66616663e-04]
Time taken: 298.6280918121338 ms

Testing with 10 features and 100000 samples...
CCC result: [2.64270467e-05 2.38008912e-05 4.24511738e-05 1.38710731e-05
 2.78290674e-05 1.87296873e-05 2.90070158e-05 4.37723854e-06
 4.42708356e-05 8.83740156e-06 3.28353885e-05 2.29218068e-05
 2.93128691e-05 1.61871492e-05 2.64426877e-05 3.07434304e-05
 1.84737356e-05 1.54784877e-05 1.55627225e-05 7.67642015e-05
 2.25795469e-05 2.42759354e-05 3.97193312e-05 2.60173688e-05
 4.07884765e-05 2.40111363e-05 2.04692141e-05 2.22862610e-05
 6.55417367e-05 1.95710297e-05 2.00505638e-05 5.87254885e-06
 5.56283117e-06 2.93315093e-05 3.17267382e-05 1.69237385e-05
 5.85588856e-05 4.51662040e-05 2.38723033e-05 1.03280258e-05
 1.87034178e-05 1.30743132e-05 1.62581002e-05 3.40482888e-05
 1.60482074e-05]
Time taken: 2527.2395610809326 ms

Testing with 10 features and 1000000 samples...
CCC result: [2.28334528e-06 5.19596082e-06 4.39588858e-06 2.67293943e-06
 3.93947294e-06 4.65485369e-07 3.68289868e-06 1.54910675e-06
 1.76364344e-06 2.15689621e-06 4.25480832e-06 4.63012859e-06
 8.77897273e-07 1.13860767e-07 2.36540312e-06 6.67748315e-07
 3.18653516e-06 1.83779439e-06 4.14490179e-06 1.63450335e-06
 2.48181542e-06 1.42930224e-06 2.24552049e-06 2.57099509e-06
 3.16209530e-06 3.94891188e-06 1.70702042e-06 1.49926430e-06
 3.46768888e-06 1.57259286e-06 2.54140020e-06 2.52013410e-06
 2.26608199e-06 8.45306434e-07 1.63916333e-06 1.29866319e-06
 2.77913778e-06 2.18713625e-06 1.53495076e-06 6.52719479e-07
 5.49782953e-06 1.96265413e-06 1.21949145e-06 9.36649747e-07
 4.10760311e-06]
Time taken: 30110.257863998413 ms

Testing with 10 features and 10000000 samples...
CCC result: [2.38122410e-07 1.64327801e-07 2.52763318e-07 9.42882266e-08
 2.56932871e-07 3.48002024e-07 1.68001509e-07 9.30705657e-08
 2.96644035e-07 2.81115583e-07 2.96642953e-07 5.77142312e-07
 1.72633213e-07 4.58325497e-07 3.90146815e-07 3.60054741e-07
 1.27363113e-07 1.15958506e-07 2.51291534e-07 3.23642176e-07
 1.18974908e-07 3.79205810e-07 3.58903149e-07 2.06659982e-07
 3.32545378e-07 2.28561906e-07 3.36656664e-07 3.11601972e-07
 1.42026509e-07 1.34017806e-07 3.75284969e-07 1.94197769e-07
 1.23694677e-07 4.03037251e-07 3.18672995e-07 4.92419910e-07
 2.65069637e-07 1.50103433e-07 2.75237688e-07 5.73914070e-07
 3.54850166e-07 1.10741759e-07 7.07122621e-07 3.46127233e-07
 1.37867367e-07]
Time taken: 511649.54590797424 ms

Testing with 12 features and 100 samples...
CCC result: [0.02276286 0.03362963 0.01316872 0.02510269 0.02951303 0.02091968
 0.07919989 0.0597378  0.0204695  0.03611604 0.02691529 0.03246434
 0.04798367 0.02447242 0.0174335  0.01698086 0.01466441 0.01919178
 0.02114177 0.01467077 0.02453839 0.02510269 0.04348627 0.03042152
 0.04120942 0.0162037  0.00525176 0.02637438 0.04107623 0.01781579
 0.02953572 0.03068055 0.02881892 0.02213453 0.03359281 0.03175023
 0.03054467 0.02954523 0.03784295 0.02854713 0.0431746  0.03416615
 0.03135015 0.02849608 0.03981343 0.03020408 0.02237001 0.00583979
 0.01788803 0.02531555 0.02323035 0.02323285 0.03561396 0.01733333
 0.01357483 0.01417828 0.01047586 0.00713306 0.04107467 0.02748255
 0.03692572 0.02466667 0.02516263 0.05348332 0.01244444 0.02524005]
Time taken: 112.69688606262207 ms

Testing with 12 features and 1000 samples...
CCC result: [0.00371429 0.00227273 0.00095269 0.00313611 0.00209617 0.00281812
 0.00502003 0.00096849 0.0040497  0.0015868  0.00191219 0.0026545
 0.00284842 0.00395723 0.00117453 0.003496   0.00153252 0.00142158
 0.00218848 0.00280329 0.00340187 0.00724851 0.00247659 0.00591538
 0.00142088 0.00455334 0.00176137 0.0016956  0.00509278 0.00340187
 0.00414687 0.00719894 0.00289794 0.00240308 0.00357816 0.00150253
 0.00294187 0.00492272 0.0037007  0.00082361 0.00313629 0.00279069
 0.00295784 0.00399249 0.00208822 0.0019581  0.00060354 0.00374317
 0.00076974 0.00378418 0.00208015 0.00675542 0.00155233 0.00237598
 0.00540441 0.00238644 0.00274262 0.00201911 0.00164555 0.00362663
 0.00366623 0.00540441 0.00162093 0.0045563  0.00244328 0.00175201]
Time taken: 136.2903118133545 ms

Testing with 12 features and 10000 samples...
CCC result: [2.68131556e-04 1.47211851e-04 1.04069046e-04 1.77978261e-04
 1.37677299e-04 2.02800875e-04 2.94887931e-04 3.28251382e-04
 2.80028807e-04 3.90769047e-04 1.60400830e-04 2.26579856e-04
 2.96067230e-04 4.95185274e-04 2.83691163e-04 2.76946732e-04
 1.35712089e-04 2.88816819e-04 1.07932792e-04 4.42403121e-04
 1.14304767e-04 3.37661268e-04 2.90133168e-04 1.23171903e-04
 6.39174248e-05 1.68673298e-04 5.19830650e-04 1.55532835e-04
 2.04767788e-04 2.82602738e-04 2.13298130e-04 2.88287096e-04
 1.65529830e-04 3.45684243e-04 1.78832659e-04 7.50326980e-05
 6.29364707e-04 1.23398810e-04 5.10714366e-05 4.40899663e-04
 2.11878478e-04 3.34035109e-04 4.00627129e-04 3.19981600e-04
 3.17659023e-04 3.01512368e-04 3.22987198e-04 1.36817744e-04
 2.68668439e-04 4.50185066e-04 2.13096992e-04 2.79041082e-04
 4.81764537e-04 4.31527574e-04 3.29754607e-05 4.89508102e-05
 3.62074000e-04 3.79601455e-04 1.98165971e-04 5.50061671e-05
 1.39708494e-04 4.21557104e-04 3.08408074e-04 1.80172829e-04
 1.83696181e-04 4.14388627e-04]
Time taken: 396.1825370788574 ms

Testing with 12 features and 100000 samples...
CCC result: [4.37627658e-05 2.05789196e-05 5.18593229e-05 1.46710721e-05
 4.26016807e-05 3.72644090e-05 9.33341868e-06 2.85301249e-05
 3.62672146e-05 3.91015692e-05 1.09465507e-05 3.14363434e-05
 3.73485879e-05 4.62955506e-05 1.88185881e-05 3.04039297e-05
 9.06350341e-06 1.31343966e-05 3.42831237e-05 1.36176387e-05
 3.91396371e-05 3.16764405e-05 2.62603237e-05 3.51171155e-05
 1.81145859e-05 3.38851406e-05 4.63781517e-05 3.72532088e-05
 3.26104831e-05 3.48885994e-05 2.81334280e-05 3.10729616e-05
 3.44876285e-05 5.10959104e-05 3.50517940e-05 1.83267524e-05
 3.28081708e-05 1.46444966e-05 5.02180022e-05 3.08780233e-05
 1.02183783e-05 3.61832237e-05 1.39199964e-05 3.47037193e-05
 3.82917463e-05 3.21865156e-05 2.25136254e-05 4.81893907e-05
 3.28718012e-05 3.21532275e-05 6.81118415e-05 1.90433843e-05
 4.84779797e-06 2.28312680e-05 1.81884121e-05 3.00354015e-05
 3.32537767e-05 2.26382844e-05 5.65860659e-05 3.82720198e-05
 7.27355910e-06 5.21039617e-05 3.49524476e-05 4.86136467e-05
 2.62338435e-05 1.75583674e-05]
Time taken: 3244.1022396087646 ms

Testing with 12 features and 1000000 samples...
CCC result: [3.18507656e-06 5.20837522e-06 3.31489591e-07 1.98375375e-06
 8.36131345e-07 4.84538865e-06 0.00000000e+00 2.24000124e-06
 5.52609497e-06 5.89230919e-06 2.58820226e-06 2.58035415e-06
 2.79796445e-06 5.31612628e-06 3.85218247e-06 1.92486788e-06
 3.21427864e-06 2.85133462e-06 2.73022677e-06 1.59946286e-06
 3.30886323e-06 3.68232112e-06 1.31666756e-06 3.17257711e-06
 2.81092108e-06 4.03326855e-06 1.22653467e-06 4.59617579e-06
 1.99691518e-06 1.28173792e-06 2.98770834e-06 3.73175431e-06
 4.03553904e-06 1.12078579e-07 2.98511331e-06 4.60719197e-06
 3.22389445e-06 3.86303839e-06 1.85216358e-06 2.39345775e-06
 1.06471834e-06 2.40033740e-06 4.78157929e-07 2.59417255e-06
 2.76194789e-06 3.96398696e-06 2.93377579e-06 3.81156214e-06
 4.91454757e-06 3.37217874e-06 1.98952879e-06 3.19603457e-06
 2.73038785e-06 2.05710851e-06 2.12483836e-06 3.42681843e-06
 2.45904233e-06 2.60205682e-06 2.38514303e-06 5.71846872e-06
 1.59539131e-06 1.12684100e-06 1.97236956e-06 9.44783621e-07
 5.43245115e-06 2.69056426e-06]
Time taken: 38498.69203567505 ms

Testing with 12 features and 10000000 samples...
CCC result: [1.31158864e-07 2.80857313e-07 7.15535269e-07 1.46454795e-07
 4.40652668e-07 3.20941462e-07 1.50625076e-07 3.29828503e-07
 2.71135710e-07 2.21501461e-07 3.38852082e-07 4.63289687e-07
 3.12825916e-07 1.42038695e-07 3.16637928e-07 3.34973223e-07
 3.82822775e-07 1.84241460e-07 2.40603383e-07 1.59451663e-07
 1.37192603e-07 2.32823870e-07 2.59040656e-07 2.03395974e-07
 2.84322577e-07 1.25430799e-07 2.40819741e-07 4.45599284e-08
 1.70007110e-07 3.07783808e-07 3.69499067e-07 1.96382443e-07
 1.86899077e-07 2.93413135e-07 3.07299536e-07 3.86189927e-07
 2.72790536e-07 4.92422614e-07 3.14871130e-07 1.54223182e-07
 1.19889599e-07 2.43285634e-07 3.59128120e-07 2.55180823e-07
 8.24711347e-08 1.67761754e-07 5.68638169e-07 2.37327202e-07
 2.03393936e-07 5.89130573e-07 3.37622257e-07 2.84810811e-07
 5.51067914e-07 4.22952208e-07 2.49265611e-07 3.91682861e-07
 3.13491712e-07 5.70272248e-08 2.15153335e-07 2.43460554e-07
 3.75319189e-07 8.85394811e-07 3.10151044e-07 2.84056597e-07
 4.49713633e-07 4.37233183e-07]
Time taken: 631729.2320728302 ms

Testing with 14 features and 100 samples...
CCC result: [0.02555436 0.0226037  0.0431746  0.15142857 0.04805187 0.03527842
 0.05309128 0.00732508 0.02951303 0.02725194 0.0495933  0.03151225
 0.01920439 0.01803175 0.02521945 0.00437668 0.00774921 0.03522838
 0.0265     0.03344811 0.01382023 0.02676999 0.04126316 0.05674241
 0.03437953 0.02441846 0.01936578 0.01640991 0.00866234 0.02042105
 0.05801146 0.06021179 0.02441846 0.03836695 0.02370049 0.03741538
 0.04938272 0.03562254 0.02324638 0.03431618 0.01955041 0.03042152
 0.01672405 0.03767768 0.05054709 0.07315692 0.04066462 0.03151225
 0.01       0.04847628 0.01837437 0.01244444 0.03284605 0.01851852
 0.0162037  0.04591837 0.01083084 0.05462929 0.01792    0.02720629
 0.03473136 0.02112323 0.04045786 0.01565714 0.03657363 0.01633749
 0.00639763 0.076      0.02405731 0.0165799  0.01521053 0.01911842
 0.04133516 0.03398768 0.02020894 0.02604308 0.02604308 0.03020408
 0.02811191 0.03240741 0.03798101 0.02112304 0.02441846 0.01609856
 0.02811191 0.01384127 0.04027571 0.06225316 0.02848461 0.03095949
 0.02524005]
Time taken: 154.01577949523926 ms

Testing with 14 features and 1000 samples...
CCC result: [0.00606107 0.00232797 0.00288302 0.00353291 0.00435648 0.00608836
 0.00201204 0.00442222 0.00131881 0.00234804 0.00131016 0.00212467
 0.00197593 0.0019439  0.00265663 0.00363525 0.00317262 0.004329
 0.00217426 0.00342581 0.00246312 0.00217404 0.00295455 0.00241942
 0.00239253 0.0002189  0.00205482 0.00168503 0.00368676 0.00382601
 0.00449507 0.00444326 0.00279201 0.00168648 0.0040497  0.00245418
 0.00046272 0.00141016 0.00372505 0.00278911 0.0026016  0.00304109
 0.00125627 0.00106952 0.0028972  0.00160093 0.00313955 0.00290774
 0.00238787 0.00113971 0.00093941 0.00570188 0.00269283 0.00823053
 0.0023358  0.00178103 0.00387769 0.00151644 0.00256186 0.00418719
 0.00296401 0.00340972 0.00256443 0.00250527 0.00232096 0.0022964
 0.00216071 0.00034485 0.0015707  0.00080371 0.00259217 0.00363637
 0.00475051 0.0013043  0.00246635 0.00548112 0.00435581 0.00227852
 0.00295455 0.00158303 0.00155186 0.00140477 0.00277868 0.00194017
 0.00296493 0.00190006 0.00288663 0.00606107 0.00292605 0.00252018
 0.00426703]
Time taken: 182.509183883667 ms

Testing with 14 features and 10000 samples...
CCC result: [7.54776996e-05 6.00367651e-04 2.84607186e-04 7.66426533e-05
 5.41268061e-05 2.75786371e-04 2.16495676e-04 7.98806897e-05
 3.43018802e-04 8.63848525e-05 5.01344221e-04 3.19619952e-05
 1.82248226e-04 2.73041933e-04 2.03738908e-04 7.57002280e-05
 2.49702458e-04 3.13748254e-04 5.38845625e-04 1.43223936e-04
 5.02040279e-04 1.20780741e-04 1.07833882e-04 4.13618766e-04
 3.70678125e-04 2.30268857e-04 1.82030422e-04 2.38689396e-04
 3.92786108e-04 1.48412492e-04 2.25720503e-04 8.67898121e-05
 5.10279412e-04 4.43228652e-04 5.17642359e-04 3.24996003e-04
 1.09321631e-04 3.68322384e-04 2.25996486e-04 1.88333784e-04
 1.47725139e-04 4.79644021e-04 3.51787698e-04 3.71227156e-04
 2.98777657e-04 2.10455674e-04 1.59305595e-04 2.24012402e-04
 1.35348509e-04 2.74933895e-04 4.84441718e-04 2.05556677e-04
 1.76329772e-04 2.84178420e-04 1.90587773e-04 4.57730829e-05
 1.80754769e-04 2.79228679e-04 3.47979996e-04 1.17306494e-04
 2.09770978e-04 2.49005611e-04 2.88694242e-04 9.94018510e-05
 3.21430803e-04 2.58663802e-04 2.92293985e-04 2.49683151e-04
 5.68190320e-04 3.85252931e-04 2.75260095e-04 2.51526874e-04
 2.18995996e-04 2.64868764e-04 2.19457920e-04 3.79383923e-04
 2.20577314e-04 2.31106262e-04 2.13993005e-04 1.66125165e-04
 1.80424221e-04 4.17065127e-04 3.84340731e-04 4.63190192e-04
 2.21595766e-04 1.60759268e-04 3.23920688e-04 2.31425721e-04
 3.64055359e-04 1.09019725e-04 4.48273109e-04]
Time taken: 506.3819885253906 ms

Testing with 14 features and 100000 samples...
CCC result: [9.69026254e-06 2.41819843e-05 5.50692014e-05 3.41953788e-05
 3.07387341e-05 1.97272945e-05 2.24202720e-05 3.35395710e-05
 3.84644554e-05 2.98657157e-05 2.66936013e-05 5.33843237e-05
 3.56978570e-05 2.39941042e-05 3.31843610e-05 1.76345721e-05
 7.82506238e-05 2.94354331e-05 3.15313538e-05 3.23011864e-05
 1.26538296e-05 2.67599646e-05 4.83142989e-05 2.06810405e-05
 2.50429221e-05 3.30571738e-05 1.97782934e-05 1.92427279e-05
 2.44920599e-05 3.02978388e-05 4.86895022e-05 8.31838318e-06
 2.33530230e-05 1.13787287e-05 4.32370873e-05 3.32802886e-05
 1.46016460e-05 1.57760866e-05 5.68612058e-05 2.76475088e-05
 2.93977982e-05 5.85588856e-05 7.17071517e-07 6.97620777e-05
 2.37379515e-05 2.05964768e-05 1.36656805e-05 1.57104914e-05
 4.42874639e-05 4.30288198e-05 4.00843692e-05 3.13297511e-05
 1.38536802e-05 3.96492511e-05 6.20549607e-05 2.89086948e-05
 2.28541386e-05 3.52911528e-05 3.69738263e-05 4.15386872e-05
 9.37038898e-06 4.25613303e-05 2.07562202e-05 1.82401531e-05
 1.16970171e-05 3.52698036e-05 8.68477633e-06 1.29464143e-06
 3.29950319e-05 2.43904940e-05 2.28917494e-05 3.42668822e-05
 2.33010408e-05 5.11665321e-05 2.97108051e-05 3.27723065e-05
 2.05598112e-05 1.77740641e-05 1.33988860e-05 2.82937106e-05
 1.25792859e-05 1.98929165e-05 2.27920483e-05 1.77348709e-05
 4.50305664e-05 1.67895227e-05 5.09578802e-05 5.54921946e-05
 1.27734240e-05 2.56957853e-05 2.43779686e-05]
Time taken: 4012.5441551208496 ms

Testing with 14 features and 1000000 samples...
CCC result: [7.46068099e-07 8.71439769e-07 5.12370816e-06 3.19018763e-06
 3.82988709e-06 4.47560348e-06 5.13947821e-06 1.85964869e-06
 1.88580681e-06 3.45135697e-06 1.43604059e-06 4.17740920e-06
 2.13291404e-06 1.52136603e-06 4.57592329e-06 1.95707687e-06
 2.52534691e-06 2.91750239e-06 3.68289868e-06 5.49170066e-06
 1.22742488e-06 1.99169967e-06 2.71546656e-06 5.27002027e-06
 4.64190774e-06 4.19090574e-06 2.61837706e-06 4.43144963e-06
 2.41549057e-06 4.09848020e-06 2.30831241e-06 9.94949128e-07
 8.15338841e-07 1.71786029e-06 7.16178865e-07 5.01575508e-06
 1.07988813e-06 3.22877561e-06 2.61444282e-06 4.93494298e-06
 3.80486680e-06 3.09687283e-06 2.23234339e-06 2.93727682e-06
 5.66151099e-06 1.69970307e-06 4.33421089e-06 2.83258446e-06
 2.72558983e-06 4.17062602e-06 3.25424134e-06 1.86898412e-06
 1.57410086e-06 2.11568329e-06 3.98614496e-06 2.54918607e-06
 2.55643962e-06 1.83334242e-06 1.83777008e-06 2.51078587e-06
 1.29362932e-06 2.31633401e-06 3.98231880e-06 2.01572963e-06
 4.44768659e-06 3.03135274e-06 1.18627328e-06 4.39822840e-06
 2.06756404e-06 1.81479671e-06 2.73934737e-06 4.11945554e-06
 1.24782199e-06 1.50455134e-06 4.45709556e-06 2.86214226e-06
 3.07270383e-06 1.31251082e-06 3.55392614e-06 2.10054153e-06
 2.60297347e-06 4.45152197e-06 3.23887146e-06 2.36552340e-06
 1.23306592e-06 3.08318118e-06 4.64387535e-06 3.43017054e-06
 2.47213793e-06 7.18621025e-07 4.83204955e-06]
Time taken: 46973.467111587524 ms

Testing with 14 features and 10000000 samples...
CCC result: [4.32245378e-07 3.23961959e-07 2.37490360e-07 3.31381216e-07
 5.17602701e-07 3.58688404e-07 4.60305249e-07 2.50419177e-07
 4.52633277e-07 7.50770243e-08 1.29391012e-07 2.28686976e-07
 6.09672746e-07 5.88829827e-08 2.37551634e-07 1.90847009e-07
 1.73978002e-07 4.73304683e-07 1.85691162e-07 6.33870458e-07
 1.78713416e-07 1.23349327e-07 1.42724807e-07 2.87590053e-07
 1.37341606e-07 2.82215052e-07 3.64183880e-07 5.44487884e-07
 3.83499108e-08 5.76540050e-07 2.83682689e-07 1.40687067e-07
 4.06263569e-07 3.44243310e-07 3.02664566e-08 3.00012324e-07
 2.28062388e-07 2.71772962e-07 3.19539772e-07 1.74699196e-07
 1.00234080e-07 1.75340513e-07 3.02628832e-07 1.01406197e-07
 2.12094327e-07 2.60674315e-07 7.54579779e-08 4.80398416e-07
 7.71992932e-08 1.06917281e-07 2.31340055e-07 2.89081747e-07
 2.79843466e-07 1.31289361e-07 3.88812404e-07 1.74444469e-07
 2.88155692e-07 2.48573370e-07 1.69924153e-07 5.41576311e-07
 2.45358365e-07 3.14874302e-07 2.77767845e-07 2.32677975e-07
 6.79278807e-08 3.67369469e-07 2.48901267e-07 3.53577278e-07
 5.00103800e-07 1.46737664e-07 6.21045832e-08 2.71725533e-07
 1.92195519e-07 1.94479624e-07 2.71436639e-07 4.34810664e-07
 2.78698819e-07 3.19379264e-07 3.08829512e-07 1.27097621e-07
 3.88185617e-07 1.60312031e-07 2.76870139e-07 2.90404844e-07
 5.62788543e-07 3.28754015e-07 3.03044137e-07 5.05118562e-07
 1.84141005e-07 3.75698617e-07 3.53605661e-07]
Time taken: 757512.9957199097 ms

Testing with 16 features and 100 samples...
CCC result: [0.05512936 0.02743241 0.03731139 0.0259359  0.0323614  0.01565714
 0.05309128 0.03339081 0.0118935  0.04262877 0.02546296 0.01408947
 0.03037037 0.03007389 0.04725462 0.03084211 0.00439725 0.00140895
 0.03378835 0.01977778 0.00716715 0.02405731 0.00755556 0.03253982
 0.03865387 0.02676999 0.04400714 0.01565714 0.03541564 0.07419313
 0.0282487  0.01602341 0.0221541  0.02701779 0.02524005 0.01449329
 0.0118935  0.02164289 0.03127572 0.         0.033385   0.01565714
 0.02184204 0.03748084 0.01562523 0.02630357 0.06976591 0.03658346
 0.02059259 0.02711111 0.01964022 0.03594817 0.02515409 0.02437802
 0.03867533 0.03020408 0.04795487 0.01942314 0.03054467 0.04699795
 0.06171072 0.02083333 0.0275455  0.04761728 0.0042963  0.03135559
 0.01193386 0.02894342 0.02361699 0.04730955 0.04226009 0.03628038
 0.02546296 0.01659543 0.01142154 0.015992   0.01251215 0.01712622
 0.01684228 0.02518492 0.03378835 0.01518061 0.02432895 0.02020894
 0.04348627 0.01447228 0.02546296 0.01104762 0.0250877  0.02184204
 0.01935113 0.04647781 0.02514477 0.04938272 0.05936253 0.05085115
 0.01942314 0.02534681 0.01816712 0.01260526 0.01550121 0.03018306
 0.02129807 0.0172596  0.01414879 0.0397     0.04133516 0.01518061
 0.03924468 0.09324082 0.0174335  0.03868862 0.01755608 0.03416615
 0.02919228 0.03965818 0.01869159 0.03095949 0.02567915 0.07676713]
Time taken: 201.51042938232422 ms

Testing with 16 features and 1000 samples...
CCC result: [0.00248786 0.00342478 0.00170218 0.00362663 0.00037383 0.00221537
 0.00410534 0.00331103 0.0015724  0.00182237 0.00412502 0.0022133
 0.00243511 0.00335537 0.0031356  0.00349886 0.00161985 0.00458279
 0.00330518 0.00106233 0.00290598 0.00325535 0.00226761 0.00354163
 0.00250226 0.00168115 0.00274815 0.00150329 0.00183546 0.00287317
 0.00155161 0.00777571 0.00312682 0.00249656 0.00340187 0.00100589
 0.00101293 0.00149857 0.00179403 0.00234129 0.00193086 0.00175302
 0.00281902 0.00323558 0.00674976 0.00301115 0.00175131 0.00303708
 0.00747048 0.00142679 0.0030233  0.00747048 0.00302558 0.0029158
 0.00302537 0.00228219 0.00260892 0.00259379 0.00646447 0.00355093
 0.00309544 0.00098397 0.00206655 0.00373611 0.00517046 0.00138318
 0.00232755 0.0026016  0.00451251 0.0022955  0.00441292 0.0026164
 0.00155233 0.00347469 0.00539654 0.00378697 0.0036051  0.00323365
 0.00042986 0.00121165 0.00293491 0.00651993 0.00306388 0.00405146
 0.00217624 0.00458912 0.00174355 0.00279201 0.00225576 0.0043304
 0.00232879 0.0032045  0.00391859 0.00347113 0.00074426 0.00497596
 0.00372282 0.00248959 0.00201911 0.00071439 0.00407679 0.00118825
 0.00377795 0.00123716 0.00338633 0.00192013 0.00318126 0.00113622
 0.00287317 0.00408599 0.00282292 0.00324312 0.00349319 0.00429636
 0.00136915 0.00147709 0.00260432 0.00546293 0.00167028 0.00277902]
Time taken: 237.26963996887207 ms

Testing with 16 features and 10000 samples...
CCC result: [1.58570544e-04 3.45824820e-04 1.75585935e-04 2.42289538e-04
 2.74851585e-04 2.80327630e-04 1.48927065e-05 2.34872909e-04
 5.09776384e-04 8.80906204e-05 2.50230886e-04 2.28962726e-04
 2.54265754e-05 4.23252687e-04 4.32199735e-04 6.13120816e-04
 1.28006582e-04 2.63688495e-04 3.18335507e-04 2.70751328e-05
 1.65070860e-04 2.25414432e-04 2.68863777e-04 1.63353488e-04
 4.08048164e-04 3.90134331e-04 6.43331178e-04 1.46393559e-04
 2.26026944e-04 1.29751557e-04 3.33121921e-04 4.05787444e-04
 2.90371490e-04 2.06530095e-04 2.97288655e-04 7.42374235e-05
 6.81607250e-04 8.62810102e-05 2.97315197e-04 2.19151860e-04
 1.43877612e-04 2.77525161e-04 2.68656867e-04 2.38724397e-04
 2.06807535e-04 4.06982102e-04 4.09219982e-04 3.66902717e-04
 1.57952392e-04 2.72772243e-04 2.17820353e-04 2.05621502e-04
 2.84107151e-04 2.56110941e-04 2.90844151e-04 1.73985668e-04
 6.10117772e-04 1.92427278e-04 5.17628916e-04 6.95398735e-05
 7.86877747e-05 3.28337116e-04 7.29502957e-04 4.83001644e-04
 4.95399544e-04 2.29037233e-04 1.18198188e-04 1.89402084e-04
 5.07001876e-04 2.44823174e-04 3.61399214e-04 3.97738455e-04
 1.34622270e-04 2.16633317e-04 2.11841582e-04 2.88186338e-04
 3.68280246e-04 1.93748962e-04 3.59541277e-04 6.41258843e-04
 3.69560438e-04 4.53396619e-04 5.23578173e-04 2.25761967e-04
 2.51937812e-04 4.92023133e-04 3.06734235e-04 9.85273814e-05
 4.81800698e-04 1.90468416e-04 2.38649220e-04 6.23287299e-04
 2.94172560e-04 2.98492539e-04 1.36588632e-04 5.55953568e-04
 3.21233188e-04 3.93235367e-04 1.76979508e-04 3.06366999e-04
 2.68932307e-04 4.34272656e-04 3.62636603e-04 2.51105944e-04
 3.06332541e-04 2.91151258e-04 2.68831101e-04 3.03496319e-04
 6.14724394e-04 2.74344336e-04 1.78534492e-04 4.19871990e-04
 1.62900163e-04 3.32042034e-04 1.96684259e-04 8.76780283e-05
 4.34370161e-04 2.33525964e-04 1.84104066e-04 2.92467771e-04]
Time taken: 629.2495727539062 ms

Testing with 16 features and 100000 samples...
CCC result: [3.05395859e-05 1.70400704e-05 2.92481053e-05 4.18958211e-06
 2.27155448e-05 4.37682365e-05 2.00709735e-05 4.68702449e-05
 2.55443479e-05 5.08404084e-05 1.85930587e-05 2.31777318e-05
 4.32165123e-05 1.52528840e-05 2.87401632e-05 6.05310659e-05
 8.27762276e-06 3.48183865e-05 4.22677163e-05 1.71954719e-05
 3.07985983e-05 4.54635395e-05 4.83941063e-05 5.65514397e-06
 4.78902062e-05 2.23833367e-05 4.11920703e-05 1.81607559e-05
 2.22644205e-05 4.16450544e-05 4.24079293e-05 5.27426156e-05
 3.41153575e-05 4.73686095e-05 1.87814597e-05 9.30354986e-06
 3.58088849e-05 1.26003206e-05 2.98220429e-05 1.73643969e-05
 1.93197495e-05 4.83583164e-05 4.29066818e-05 8.11131378e-05
 3.93971288e-05 1.36576658e-05 3.14600016e-05 1.54116553e-05
 7.56173663e-06 4.90610589e-05 3.54200084e-05 3.85239503e-05
 1.49907140e-05 1.77370321e-05 2.49622773e-05 9.02398243e-06
 2.65088534e-05 3.13811421e-05 4.07072386e-05 1.10399312e-05
 5.77685036e-05 5.60771451e-05 3.88880444e-05 5.19083050e-05
 3.46074021e-05 1.41495220e-05 7.21801327e-05 3.23441363e-05
 2.37044741e-05 1.28519463e-05 3.30338303e-05 4.45733186e-05
 4.54005310e-05 2.94085278e-05 1.97176249e-05 1.32422553e-05
 1.20288304e-05 4.42182132e-05 5.75229003e-05 5.74713195e-06
 3.52403786e-05 1.81363906e-05 4.90181853e-05 2.85794631e-05
 3.79225899e-05 2.07458944e-05 1.05972430e-05 6.14445933e-05
 6.76969439e-06 4.01229272e-05 1.69513447e-05 3.90350213e-05
 2.00030753e-05 2.01520020e-05 2.59655980e-05 2.37797788e-05
 1.08619103e-05 1.71881417e-05 4.03626715e-05 2.93633741e-05
 1.34650239e-05 2.26564288e-05 2.87250895e-05 1.09015316e-05
 2.07683008e-05 2.97003940e-05 5.18838701e-05 2.65339936e-05
 3.55097272e-05 3.34841798e-05 1.25312456e-05 1.37131918e-05
 1.35027361e-07 1.21737888e-05 3.62671863e-05 5.31250334e-05
 1.67936548e-05 2.59226786e-05 3.57219858e-05 4.88661554e-05]
Time taken: 4877.992153167725 ms

Testing with 16 features and 1000000 samples...
CCC result: [4.04390141e-06 2.00800558e-06 5.43301784e-06 1.49099726e-06
 1.90112493e-06 2.47891187e-06 3.26877077e-06 3.54852356e-06
 1.75126441e-06 1.67837865e-06 2.34400861e-06 2.32697733e-06
 2.59868450e-06 4.08867757e-08 2.72787648e-06 2.44671023e-06
 1.65378329e-06 2.37089737e-06 4.11510869e-06 1.33478433e-06
 3.09666493e-06 2.25166255e-06 1.36787266e-06 4.22682045e-06
 1.45203330e-06 2.28147279e-06 1.87358688e-06 4.44654627e-06
 4.04331745e-06 2.08333821e-06 2.19695982e-06 3.81227054e-06
 2.07214935e-06 4.83131627e-06 3.50742752e-06 3.55250311e-06
 1.61197032e-06 1.20788989e-06 1.92859888e-06 2.44802074e-06
 5.14375569e-06 2.93234152e-06 3.82677180e-06 2.99694700e-06
 7.02845694e-08 3.28086629e-06 4.85301976e-06 2.78892358e-06
 3.67913572e-06 2.09085224e-06 1.82517311e-06 4.77921978e-06
 3.47701583e-06 1.70635306e-06 5.78541949e-06 3.31643547e-06
 2.96252546e-06 5.32166043e-06 4.59434581e-06 2.10940222e-06
 2.70714931e-06 1.19424373e-06 1.32637525e-06 3.26490990e-06
 2.19695226e-06 4.12107668e-06 1.25704045e-06 2.00398288e-06
 3.75901363e-06 1.86079275e-06 5.47194047e-06 2.54812781e-06
 2.66344250e-06 4.49621558e-06 2.38104923e-06 5.61518862e-06
 4.14844286e-06 2.61623411e-06 3.26826727e-06 2.13898897e-06
 1.74940843e-06 5.66605616e-06 4.14538557e-06 1.50505693e-06
 2.47288152e-06 5.26230835e-06 1.92135745e-06 1.22008984e-06
 2.06437935e-06 4.10326070e-06 3.04575803e-06 3.93163669e-06
 5.62975094e-06 3.73295347e-06 4.59574223e-06 2.22831461e-06
 3.24093472e-06 4.22063920e-06 2.10894566e-06 1.46935230e-06
 3.18405298e-06 2.36914836e-06 3.25419069e-06 2.51351268e-06
 2.19022580e-06 6.47025458e-06 3.67549765e-06 5.24971837e-06
 2.60381735e-06 3.48403236e-06 3.98976196e-06 2.79214432e-06
 2.07748221e-06 1.78587341e-06 2.97026691e-06 2.71344922e-06
 4.14931044e-06 2.32509643e-06 1.35433489e-06 9.63534360e-07]
Time taken: 56035.000801086426 ms

Testing with 16 features and 10000000 samples...
CCC result: [2.76061163e-07 2.38373823e-07 3.72454964e-07 1.03349734e-07
 3.38345306e-07 3.08979789e-07 4.56865330e-07 2.67791301e-07
 3.33613823e-07 2.86460521e-07 3.36013990e-07 4.29078431e-07
 1.10280948e-07 4.01102832e-07 8.57046431e-07 2.65202426e-07
 1.43484632e-07 2.11476982e-07 1.20206112e-07 1.74522106e-07
 1.65718122e-07 3.26451777e-07 4.42440215e-07 5.77957730e-07
 2.21994278e-07 2.82257130e-07 2.24357434e-07 4.12106902e-07
 2.01918964e-07 4.54722706e-07 3.91890327e-07 1.87636719e-07
 3.17877572e-07 4.00711565e-07 2.29642142e-07 4.04296664e-07
 2.97341552e-08 3.98346720e-07 3.34640487e-07 5.59344046e-07
 1.05175834e-06 2.55645535e-07 3.67060022e-07 2.75905504e-07
 5.48087272e-07 4.61772688e-07 2.26401500e-07 2.31078573e-07
 2.28049516e-07 3.47035895e-07 1.52389021e-07 3.09240378e-07
 1.64878739e-07 6.11938317e-07 1.90451217e-07 2.19106574e-07
 2.35136709e-07 2.09457037e-07 3.43003691e-07 3.79612063e-07
 4.05337646e-07 2.01607280e-07 4.21472779e-07 1.35913790e-07
 1.15348962e-07 3.61502442e-07 1.03864402e-07 1.63785524e-07
 4.69391053e-07 3.71694267e-07 2.14628296e-07 2.96804709e-07
 3.73923294e-07 3.21716647e-07 1.87211117e-07 1.27505925e-07
 7.97945830e-07 2.52981548e-07 2.41348581e-07 3.15440425e-07
 3.68952721e-07 2.07779126e-07 4.14176900e-07 3.49882160e-07
 5.12211112e-08 1.39414598e-07 2.61472997e-07 5.68456818e-08
 3.08904018e-07 6.23476732e-08 9.25755327e-08 1.89829577e-07
 4.28299409e-07 2.17658244e-07 3.02439238e-07 1.20658404e-07
 1.87584148e-07 2.33833931e-07 2.79957531e-07 2.44654589e-07
 3.17316022e-07 5.25045162e-07 4.42937387e-07 2.53933367e-07
 2.05344496e-07 2.74156088e-07 3.29165359e-07 1.05469995e-07
 4.12481177e-07 2.52479760e-07 1.98019543e-07 3.97707252e-07
 4.76212761e-07 2.23460635e-07 2.97745960e-07 2.92092055e-07
 1.57804329e-07 4.45546013e-07 4.64548148e-07 1.57569304e-07]
Time taken: 889762.1119022369 ms

Testing with 18 features and 100 samples...
CCC result: [0.06944444 0.01586797 0.03437953 0.02874074 0.00918519 0.00777208
 0.03005484 0.00754996 0.00582291 0.00511111 0.03837323 0.02105133
 0.02186543 0.01565714 0.02507407 0.02314815 0.01942857 0.03865387
 0.02835505 0.02385185 0.01853931 0.01917297 0.01467077 0.02331839
 0.02123651 0.01565714 0.01640991 0.04401088 0.04057337 0.01770782
 0.02711111 0.04049281 0.04798367 0.00817231 0.02481669 0.0252615
 0.0102281  0.01142154 0.01244444 0.01652089 0.01316872 0.03665011
 0.06439459 0.03343566 0.06054872 0.01475652 0.00399793 0.04046643
 0.03561785 0.01565714 0.04798367 0.01265637 0.01054518 0.03416615
 0.01231661 0.02466667 0.04133516 0.02524005 0.04931822 0.01770919
 0.06054872 0.04088334 0.03177576 0.02172368 0.02984429 0.01523659
 0.02955556 0.02431923 0.0446278  0.05168421 0.00753022 0.01304615
 0.01565714 0.02324638 0.04426955 0.0414037  0.03745477 0.03906564
 0.00989271 0.0551     0.04023011 0.01908876 0.04595216 0.01565714
 0.01535267 0.04640016 0.01121971 0.05936548 0.0159481  0.02368678
 0.03020408 0.01935113 0.02709492 0.0242206  0.02922357 0.00883992
 0.01675902 0.01772485 0.01488815 0.03065134 0.04798367 0.02226409
 0.04110334 0.01702821 0.05283109 0.03020408 0.05705853 0.01377064
 0.02515409 0.03088759 0.03378093 0.03869607 0.03865387 0.01388889
 0.02630357 0.0250877  0.03541019 0.03823597 0.02849608 0.02531555
 0.01330924 0.05938417 0.01165518 0.00912077 0.03416615 0.03989238
 0.0138484  0.01770919 0.0245942  0.03253982 0.04178798 0.05893828
 0.01838086 0.01601573 0.00817231 0.00777208 0.02979967 0.02735792
 0.02676999 0.03362963 0.01466441 0.01295806 0.03059773 0.01894691
 0.00774921 0.03020408 0.02918863 0.04045786 0.02586802 0.0252615
 0.03469532 0.03416615 0.00755556]
Time taken: 256.5503120422363 ms

Testing with 18 features and 1000 samples...
CCC result: [1.34723552e-03 2.66545567e-03 2.33646319e-03 4.31922304e-03
 1.31827533e-03 4.06095278e-03 1.97709004e-03 4.41700789e-03
 2.42236399e-03 2.56537236e-03 1.34455183e-03 3.05343305e-03
 3.78893156e-03 1.68023477e-03 1.04099992e-03 1.60490827e-03
 1.73465289e-03 2.55348020e-03 1.03655972e-03 2.16371293e-03
 2.03979715e-03 6.18959438e-03 4.70987516e-03 1.88733305e-03
 3.27780716e-03 1.55683609e-03 5.22534920e-03 2.24375668e-03
 2.27505108e-03 3.09543723e-03 3.46250886e-03 1.89915725e-03
 4.81212121e-03 1.76625790e-03 2.83911968e-03 2.54391176e-03
 1.54498195e-03 2.21330084e-03 2.87892058e-03 2.79875805e-03
 3.73832275e-03 2.17846312e-03 3.47396993e-03 7.68869335e-04
 4.20789473e-03 7.09324408e-03 1.54177360e-03 4.30338461e-03
 2.26039632e-03 2.65449825e-03 1.71674559e-03 1.41459730e-03
 6.61623907e-03 2.72713274e-03 2.13713828e-03 8.25694660e-04
 1.57543602e-03 3.75576605e-03 3.76681044e-03 6.15273907e-03
 2.60160321e-03 4.14904351e-03 3.42350223e-03 3.08467724e-03
 2.39203793e-03 5.94841154e-03 2.20668990e-03 2.57353371e-03
 3.40893459e-03 2.29520999e-03 2.31536890e-03 1.73076050e-03
 2.99010091e-03 3.76919861e-03 1.18364264e-03 2.30220441e-05
 4.99840385e-03 1.21992182e-03 2.49387686e-03 4.48755372e-03
 2.08304211e-03 1.44776302e-03 2.20378169e-03 3.61755769e-03
 4.20742386e-03 3.98878685e-03 4.74766989e-03 4.40509534e-03
 4.62952230e-03 2.97354126e-03 1.88505391e-03 1.98624578e-03
 3.50262697e-03 5.49822677e-03 4.18719038e-03 8.11216036e-03
 4.49105996e-03 3.30508711e-03 2.93379791e-03 2.70063429e-03
 4.77978357e-03 1.82100398e-03 4.18784122e-03 2.86573633e-03
 1.35432402e-03 5.25691665e-03 4.32077678e-03 2.87372478e-03
 2.40447125e-03 2.51268693e-03 1.99198395e-03 2.17172668e-03
 4.21896424e-03 1.35669964e-03 3.28480579e-03 4.74822543e-03
 9.82483367e-03 3.14188422e-03 2.98293970e-03 2.34804819e-03
 5.01003511e-03 3.62662926e-03 2.94012140e-03 5.57686547e-03
 3.69484430e-03 3.12500522e-03 1.78338669e-03 2.70388152e-03
 1.18081448e-03 3.09810020e-03 3.68617480e-03 3.80712826e-03
 2.53671901e-03 3.22333835e-03 2.79875805e-03 7.67627832e-04
 5.13297797e-03 0.00000000e+00 1.29021401e-03 2.52724732e-03
 4.38089329e-03 2.83624142e-03 4.26490226e-03 4.45928499e-03
 1.13552708e-03 6.82497162e-04 2.31777638e-03 2.72904968e-03
 4.05985542e-03 2.73069782e-03 7.83291714e-04 9.16910550e-04
 1.06824747e-03]
Time taken: 299.39746856689453 ms

Testing with 18 features and 10000 samples...
CCC result: [2.09830613e-04 3.40971398e-04 3.20016012e-04 6.20158032e-04
 1.31668002e-04 1.05602448e-04 4.94125359e-04 2.00520142e-04
 1.96710191e-04 3.67301032e-04 3.22916711e-04 1.69479774e-04
 2.15071242e-04 1.22012193e-04 9.88112282e-05 4.01780864e-04
 4.83476042e-04 1.28107806e-04 8.78250445e-05 5.88116522e-04
 3.24904265e-04 6.04689271e-04 1.73579550e-04 1.32485665e-04
 3.58646081e-04 3.58071620e-04 2.25812847e-04 2.48066637e-04
 9.63280308e-05 2.78789231e-04 3.81691612e-04 1.89711352e-04
 3.26707588e-04 4.01790182e-04 3.98586484e-04 2.90424885e-04
 2.63775310e-04 3.08546806e-04 3.11040648e-04 2.58428520e-04
 2.76428463e-04 1.89936190e-04 2.31902718e-04 4.95399544e-04
 4.77400975e-04 1.58429749e-04 1.64010406e-04 3.97118859e-04
 3.76238338e-04 1.88352555e-04 4.55973401e-04 3.67646355e-04
 2.66161412e-04 4.24682760e-04 3.17293464e-04 2.62038618e-04
 3.27850533e-04 1.69862061e-04 4.70443154e-04 2.96952482e-04
 2.88244173e-04 2.83676879e-04 3.77123595e-04 1.88830459e-04
 1.71420785e-04 4.95399544e-04 0.00000000e+00 2.00312513e-04
 3.75141314e-04 1.53289517e-04 2.72744947e-04 4.77173102e-04
 4.56995703e-04 1.49600200e-04 1.73835352e-04 2.03935592e-04
 1.90957190e-04 2.07312426e-04 4.42659635e-04 2.28127504e-04
 2.28991385e-04 4.48635028e-04 2.82005265e-04 4.13176854e-04
 4.42534470e-04 8.06240843e-05 4.44750691e-04 2.40612190e-04
 1.37801793e-04 5.18505191e-04 1.92134700e-04 1.42533498e-04
 4.43952533e-04 2.61539367e-04 3.74423261e-04 1.34526124e-04
 3.14812389e-04 3.33884202e-04 3.66586661e-04 2.70397791e-04
 3.96971571e-04 2.33767518e-04 3.68182429e-04 3.11014582e-04
 4.38273831e-04 2.24012402e-04 2.33898298e-04 1.34435468e-04
 2.17356969e-04 4.94562652e-04 1.72841485e-04 5.04760641e-04
 2.58362515e-04 2.53884936e-04 2.33928577e-04 3.16836743e-04
 7.03197368e-04 3.24081823e-04 1.45750358e-04 2.70512657e-04
 1.95575885e-04 4.08906113e-04 2.11308399e-04 2.89799919e-04
 2.48665963e-04 2.39780259e-04 3.50493562e-04 1.68966897e-04
 2.87873625e-04 4.33351128e-04 3.29366104e-04 4.55683505e-04
 2.86880368e-04 3.67701210e-04 4.26738340e-04 2.20499282e-04
 5.14612930e-04 2.34186945e-04 2.67437898e-04 3.82954165e-04
 8.97906123e-05 2.78675740e-04 1.93241064e-04 3.00060048e-04
 3.25636105e-04 3.87785043e-04 3.04974394e-04 1.33925429e-04
 2.74173727e-04 2.76404354e-04 5.32603661e-04 2.35108944e-04
 2.39630572e-04]
Time taken: 766.1242485046387 ms

Testing with 18 features and 100000 samples...
CCC result: [2.21573759e-05 1.73704126e-05 2.13849992e-05 3.06661985e-05
 4.53100498e-05 3.75506340e-05 1.80423652e-05 1.50452031e-05
 6.25213504e-05 2.16484220e-05 2.63857047e-05 7.46406464e-05
 2.77432738e-05 3.24578215e-05 2.16755907e-05 2.89924178e-05
 3.81052345e-05 1.12322696e-06 6.37407290e-06 3.53805195e-05
 2.52221307e-05 1.63244981e-05 2.26450235e-05 3.09162040e-05
 2.09854141e-05 2.21032561e-05 5.03204043e-05 3.22537634e-05
 4.45928059e-05 3.80836213e-05 1.83024830e-05 1.48401490e-05
 1.99217129e-05 2.32508650e-05 2.93691874e-05 2.52013387e-05
 4.35675739e-05 3.14196341e-05 1.86174004e-05 3.14533413e-05
 3.04529575e-05 4.64227523e-05 1.91535887e-05 1.99891192e-05
 3.40971571e-05 2.58616782e-05 1.83844321e-05 2.42930803e-05
 5.84663270e-05 4.93041583e-05 2.52417316e-05 2.28576381e-05
 2.79601061e-05 7.10006100e-05 1.65258120e-05 2.71354765e-05
 1.71016646e-05 2.42195332e-05 3.26728136e-05 1.26701906e-05
 2.19301723e-05 7.08865752e-06 2.61133516e-05 2.24472653e-05
 4.00063630e-05 3.29020612e-05 1.74034870e-05 8.37434212e-05
 3.61346151e-05 2.26702712e-05 1.22546359e-05 6.95669957e-05
 1.35571710e-05 3.68694927e-05 3.06673422e-05 9.90647776e-06
 1.15534032e-05 4.47348673e-05 1.88529325e-05 1.86961391e-05
 2.36500947e-05 5.27220454e-05 5.96784694e-05 2.88082302e-05
 7.40537610e-06 2.09249639e-05 2.82313976e-05 1.05399521e-05
 3.41882579e-05 2.89124377e-05 2.38699202e-05 7.31750318e-05
 3.60365207e-05 2.21298152e-05 2.41057411e-05 1.34801566e-05
 3.06624227e-05 2.38479777e-05 2.54229147e-05 3.11970583e-05
 2.03089649e-05 1.57502292e-05 4.37172521e-05 1.02680129e-05
 3.25106251e-05 1.15008270e-05 1.14131067e-05 2.42711239e-05
 1.69441309e-05 3.25106251e-05 2.69248709e-05 0.00000000e+00
 3.83403261e-05 2.66463989e-05 2.99425994e-05 1.32595789e-05
 2.18439876e-05 5.62725792e-05 2.12252368e-05 1.76665569e-05
 2.98263542e-05 2.24653983e-05 1.29728401e-05 1.02336937e-05
 2.31361681e-05 5.52407239e-05 3.35355725e-05 3.14894059e-05
 1.97879972e-05 3.87176991e-05 3.16398247e-05 1.06588474e-05
 4.94795875e-05 3.42269823e-05 1.94537654e-05 5.26860640e-05
 3.56458157e-05 2.18437576e-05 3.74753663e-05 9.09101365e-06
 4.40906149e-05 2.25569889e-05 6.05605056e-05 4.64544230e-05
 2.96586134e-05 2.83859062e-05 2.51157256e-05 1.57646767e-05
 3.41804772e-05 1.93478652e-05 7.58170234e-06 2.17631960e-05
 2.61550043e-05]
Time taken: 5788.480281829834 ms

Testing with 18 features and 1000000 samples...
CCC result: [3.38533454e-06 4.00823160e-06 2.91571340e-06 4.07554815e-06
 1.69431761e-06 3.17827121e-06 7.28756669e-06 3.23521958e-06
 6.61710431e-06 3.75602627e-06 4.65174907e-06 3.89264278e-06
 2.88847500e-06 4.21107269e-06 2.99412556e-06 4.08053191e-06
 3.62844217e-06 2.26787428e-06 3.04431610e-06 3.19810313e-06
 4.87634298e-06 2.16707375e-06 2.23333270e-06 1.11697338e-06
 2.91917283e-06 1.14711683e-06 6.70660377e-07 6.03310903e-06
 2.70861642e-06 3.77028378e-06 2.26852833e-06 2.66480145e-06
 3.60953629e-06 1.15739050e-06 1.70341928e-06 1.49000441e-06
 1.36490031e-06 6.18733006e-06 2.02760103e-06 1.55565995e-06
 3.39107385e-06 1.86408138e-06 3.52836284e-06 1.81035869e-06
 2.02149245e-06 6.90114302e-06 5.38201204e-07 3.17109025e-06
 3.89005655e-06 4.54922740e-06 2.02991340e-06 2.34713724e-06
 2.55675744e-06 1.08532956e-06 1.46011036e-06 2.53824790e-06
 3.43798677e-06 8.00891522e-07 2.70038460e-06 3.05800335e-06
 1.26565573e-06 1.85761574e-06 5.31211150e-06 3.80280913e-06
 1.38419267e-06 2.72677408e-06 4.41711107e-07 2.41697311e-06
 3.23652165e-06 1.51366080e-06 3.55577130e-06 3.21070621e-06
 3.70684576e-06 4.69100226e-06 3.73422631e-06 2.71111773e-06
 6.77294977e-06 9.39729898e-07 3.21309154e-06 4.16228692e-06
 1.39940860e-06 2.81816447e-06 4.99209144e-06 3.84025845e-06
 4.65032757e-06 2.59356785e-06 2.70103836e-06 5.66638898e-06
 1.75332830e-06 2.85500754e-06 2.65976249e-06 3.30106278e-06
 3.21814443e-06 1.90495984e-06 4.24303816e-06 3.17361979e-06
 1.97554036e-06 4.14964508e-06 5.04983103e-06 8.06405011e-07
 1.71093513e-06 4.31403817e-06 3.51278559e-06 1.94748955e-06
 1.51926720e-06 3.54647620e-06 5.39078839e-06 3.77324613e-06
 1.86794327e-06 4.10918069e-06 1.25896041e-06 3.03347338e-06
 1.11362539e-06 1.33703361e-06 2.67105767e-06 2.28530822e-06
 2.36482617e-06 1.33899043e-06 2.35403283e-06 1.24669367e-06
 3.41715183e-06 1.03640005e-06 1.78832142e-06 1.66911351e-06
 9.59594879e-07 4.77359570e-06 2.12464017e-06 1.06920010e-06
 7.90426290e-06 1.03376006e-06 1.55777868e-06 2.06313608e-06
 2.58072542e-06 2.38387266e-06 3.13925305e-06 3.74889683e-06
 1.07511938e-05 4.51310751e-06 2.50236851e-06 6.82394243e-06
 2.96540881e-06 8.27463048e-07 2.31116392e-07 2.67610853e-06
 1.22358971e-06 5.25903741e-06 2.24132630e-06 4.71286254e-06
 4.09578759e-06 2.53771101e-06 1.29873581e-06 4.96135818e-06
 5.47223378e-06]
Time taken: 65656.9275856018 ms

Testing with 18 features and 10000000 samples...
CCC result: [7.03522533e-08 3.20602622e-07 2.00304010e-07 2.58346121e-07
 2.77979058e-07 5.35527884e-07 2.63137144e-07 3.89649641e-07
 3.22365078e-07 6.46033442e-08 9.91335428e-08 7.95246024e-07
 2.14165875e-07 4.87430943e-07 2.36193130e-07 2.00253578e-07
 3.95531276e-07 7.47239975e-08 1.88008346e-07 8.90423119e-07
 2.19591470e-07 1.60649110e-07 2.51411855e-07 1.12477551e-07
 1.56293914e-07 2.32485373e-07 1.91715858e-07 3.51345246e-07
 1.07374252e-07 2.20682682e-07 2.47947566e-07 2.23720475e-07
 1.18539047e-07 1.54124423e-07 2.75416858e-07 1.76791596e-07
 1.83713837e-07 4.59903717e-07 3.71146123e-07 3.17107460e-07
 1.34637285e-07 1.55548720e-07 2.60342686e-07 4.24263145e-07
 3.99020316e-08 1.26645212e-07 2.09109777e-07 2.54563918e-07
 9.79761324e-08 5.58857414e-07 1.27971419e-07 9.52998923e-08
 3.98622902e-07 3.76178466e-07 3.17544303e-07 2.90240814e-07
 0.00000000e+00 2.92529726e-07 3.87522726e-07 2.28456225e-07
 5.17637451e-07 2.64113329e-07 2.29619063e-07 3.95558580e-07
 1.28671142e-07 2.09380850e-07 2.81085785e-07 2.44147307e-07
 3.13117098e-07 1.36868501e-07 5.90228689e-07 2.77599835e-07
 3.47870778e-07 2.00658048e-07 1.89874569e-07 2.15507374e-07
 3.02097247e-07 4.16673472e-07 9.62951290e-08 2.94191460e-07
 8.13454322e-07 3.55788401e-07 3.54031341e-07 5.15097867e-07
 2.83904178e-07 3.50428532e-07 4.61579251e-07 1.09387518e-07
 1.43821597e-07 3.27408676e-07 8.01146880e-07 1.97386889e-07
 6.64545983e-07 4.69362054e-07 5.12295162e-07 2.97343479e-07
 3.60586678e-07 1.29365729e-07 2.42359048e-07 1.88838093e-07
 1.29918207e-07 4.26883694e-07 3.29671037e-07 2.43617303e-07
 2.98883213e-07 2.07647767e-07 2.59875303e-07 4.23468959e-07
 4.17627981e-07 2.31305213e-07 3.09677157e-07 2.30163654e-07
 2.31482993e-07 7.49561113e-07 4.02373965e-07 2.21568501e-07
 1.92041400e-07 4.59939213e-07 2.18617869e-07 2.91948601e-07
 2.37179576e-07 3.79829367e-07 8.23761846e-08 9.28664696e-08
 8.84258161e-08 6.17275833e-07 1.05865696e-07 2.70236818e-07
 2.56740204e-07 1.98517920e-07 5.42617646e-07 1.47565661e-07
 1.14683497e-07 4.13778627e-07 2.05290693e-07 3.07109544e-07
 1.32448806e-07 3.15100417e-07 3.46921232e-07 2.13152610e-07
 4.41861458e-07 3.80584856e-07 1.29162955e-07 2.05983334e-07
 2.29476013e-07 1.73633080e-07 1.14323989e-07 2.50576319e-07
 5.69857169e-07 3.25280763e-07 2.12119064e-07 3.96491517e-07
 3.33064995e-07]
Time taken: 1028271.0382938385 ms

Testing with 20 features and 100 samples...
CCC result: [0.0419     0.01466441 0.0159481  0.01684228 0.01150007 0.04595216
 0.02367788 0.04120942 0.0174944  0.03091692 0.0375     0.03515536
 0.0309     0.01356893 0.0226037  0.03563726 0.03194401 0.0170678
 0.04595216 0.03020408 0.01919178 0.03343566 0.00990024 0.02198898
 0.02031538 0.02114177 0.02432895 0.02954523 0.0171925  0.03823597
 0.00971502 0.03982407 0.02701779 0.03879211 0.01869159 0.03561396
 0.01083295 0.04939474 0.03344811 0.02324638 0.0240835  0.01082145
 0.06899592 0.02361905 0.04166667 0.04066462 0.04798367 0.0118935
 0.02324638 0.01965684 0.01788803 0.04798367 0.05017216 0.03194401
 0.02720629 0.03862096 0.05581322 0.0173991  0.02756805 0.02611094
 0.04823547 0.03585039 0.03862096 0.02028578 0.02587464 0.01458503
 0.01908876 0.01408947 0.02208544 0.01999234 0.03522838 0.05000676
 0.03459496 0.04270847 0.03786545 0.0463     0.05447276 0.02199489
 0.01150007 0.02324638 0.03828695 0.06080263 0.05801146 0.0230648
 0.03945051 0.01962574 0.00534033 0.01935113 0.01652089 0.01488815
 0.01874877 0.02041835 0.03724025 0.0230648  0.02164289 0.01955041
 0.02630357 0.03344811 0.04798367 0.03054467 0.03522838 0.04207886
 0.02047039 0.03194888 0.02594473 0.04243142 0.02276286 0.03135559
 0.02784117 0.02678616 0.02091968 0.01291039 0.02139163 0.02091968
 0.00232307 0.03828695 0.03851852 0.01975735 0.04699552 0.0269306
 0.03148057 0.0597037  0.03688889 0.03059773 0.02148926 0.025728
 0.02702522 0.01674511 0.02083333 0.02430771 0.0213979  0.02789305
 0.03378835 0.02849608 0.01874877 0.01232717 0.01471138 0.01964022
 0.04207886 0.03692572 0.04975102 0.03870852 0.01574029 0.03416615
 0.01851852 0.04177778 0.04737584 0.0556832  0.0159481  0.03784295
 0.03589195 0.04532749 0.03161464 0.02701779 0.02450224 0.03057964
 0.02083333 0.04532749 0.04361154 0.05350072 0.01083084 0.04798367
 0.03862096 0.03653631 0.03634081 0.02028561 0.03800676 0.05691077
 0.02198898 0.01061976 0.03307999 0.06233944 0.04595216 0.03009259
 0.02811191 0.02918863 0.05743027 0.02875651 0.04936323 0.01161312
 0.056174   0.0213979  0.06899592 0.01141031 0.02960332 0.02323035
 0.02695217 0.01837437 0.03541019 0.04190962]
Time taken: 317.5020217895508 ms

Testing with 20 features and 1000 samples...
CCC result: [0.00139038 0.00415246 0.00355616 0.00035759 0.00241975 0.00251443
 0.00289378 0.00143124 0.0036319  0.00618389 0.0013603  0.0030981
 0.00162866 0.00321516 0.00080963 0.00197104 0.0017674  0.00256624
 0.00606107 0.00333922 0.00227054 0.00175295 0.00184764 0.00265712
 0.00171951 0.00410207 0.0029345  0.00093973 0.00174301 0.00682244
 0.00154595 0.00230609 0.0020166  0.0008419  0.00428228 0.00174912
 0.0050481  0.0029693  0.0019437  0.00334347 0.00254671 0.00430468
 0.00311079 0.00213714 0.00150637 0.00226731 0.00460192 0.00301046
 0.00418719 0.00238423 0.00172711 0.00258342 0.0020741  0.00418719
 0.00257376 0.00255373 0.00395299 0.00275703 0.00302121 0.00169044
 0.0038233  0.00191189 0.00713433 0.00303105 0.00312719 0.00274259
 0.0014187  0.00183551 0.00225801 0.00264086 0.00433912 0.00356483
 0.00106826 0.00361637 0.00317927 0.00418605 0.0018147  0.00128826
 0.00269773 0.00336849 0.00298913 0.00331376 0.00394442 0.00178028
 0.0017752  0.00331376 0.00186278 0.00320326 0.00246216 0.00394217
 0.00263418 0.00213236 0.00138515 0.00364626 0.00341792 0.00345175
 0.00118081 0.00288436 0.00221091 0.00241143 0.003414   0.00355161
 0.00214334 0.0001548  0.00333212 0.00172711 0.00526384 0.00150883
 0.00277295 0.00340563 0.00283351 0.00332026 0.00266858 0.00139439
 0.00475051 0.00207408 0.00104564 0.00140865 0.00318226 0.00384588
 0.00269385 0.00088867 0.00142478 0.00171963 0.002475   0.00128145
 0.0019037  0.00468126 0.00319109 0.00296918 0.00109052 0.00233289
 0.00578105 0.00291887 0.00246462 0.00217575 0.00188666 0.00176103
 0.00313637 0.00104751 0.00308982 0.00221819 0.00214521 0.00114444
 0.0013494  0.00318559 0.0018734  0.00022885 0.00333276 0.00321763
 0.00362322 0.00305593 0.00166492 0.00158494 0.00158262 0.0018354
 0.001193   0.00386849 0.00439964 0.00585486 0.00350441 0.00360238
 0.001776   0.00511332 0.00213166 0.0038835  0.00105208 0.00504776
 0.00266489 0.00320293 0.00308141 0.00915224 0.00146874 0.00197642
 0.00270299 0.00212332 0.00377648 0.00249159 0.00393717 0.00355036
 0.00078768 0.00313184 0.00138318 0.00502617 0.00319665 0.00253875
 0.00451426 0.00470994 0.00323756 0.00090383]
Time taken: 369.4310188293457 ms

Testing with 20 features and 10000 samples...
CCC result: [1.17176199e-04 3.22351581e-04 2.57970926e-04 1.30757365e-04
 3.46036909e-04 4.67824285e-04 2.84445265e-04 8.16356252e-05
 2.71849584e-04 1.76760455e-04 3.70132082e-04 2.02469283e-04
 4.49953333e-04 3.52020491e-04 2.95932795e-04 2.64038311e-04
 2.95663257e-04 2.37555427e-04 2.86692587e-04 1.24549942e-04
 3.85309933e-04 5.97263353e-04 2.40502483e-04 2.89854038e-04
 1.29445301e-04 2.95372720e-04 2.68192284e-04 1.08001280e-04
 1.65927825e-04 4.71796246e-04 1.60017905e-04 4.29492724e-04
 2.57091412e-04 3.81810511e-04 3.41057452e-04 2.11601550e-04
 6.26193266e-04 1.58714558e-04 5.55405545e-04 2.62977496e-04
 2.13601386e-04 1.04677298e-04 1.89041719e-04 3.51558410e-04
 2.20633959e-04 1.95118406e-04 3.31608831e-04 3.20419357e-04
 1.55112087e-04 2.56240592e-04 2.94652624e-04 2.83562903e-04
 3.05199713e-04 7.44070442e-05 4.00773546e-04 2.10071131e-04
 3.71320702e-04 3.02476529e-04 1.51153317e-04 2.87876370e-04
 2.85397962e-04 3.64235482e-04 1.19258101e-04 4.25448353e-04
 9.33846819e-05 4.96056194e-04 2.21374267e-04 2.57616468e-04
 4.54273909e-04 1.60254136e-04 2.80614181e-04 4.26918467e-04
 2.55562231e-04 2.40948895e-04 2.31459108e-04 5.75223774e-04
 2.68656867e-04 2.95509309e-04 4.31381709e-04 3.19631784e-04
 1.98205102e-04 2.11490746e-04 3.05607607e-04 5.80037359e-04
 7.83591172e-05 2.20187423e-04 3.55589554e-04 1.68145848e-04
 1.40555473e-04 3.34557724e-04 4.60774122e-04 2.49037849e-04
 3.14997839e-04 2.01405827e-04 1.65573590e-04 1.32017735e-04
 4.09958163e-04 3.15049132e-04 1.84364250e-04 1.28699634e-04
 1.45539240e-04 2.80402236e-04 1.00625731e-04 2.45081497e-04
 1.32677097e-04 2.07258772e-04 2.16585802e-04 4.28539575e-04
 3.01686954e-04 1.79197229e-04 1.82907884e-04 1.74396589e-04
 3.38001126e-05 3.25790875e-04 2.41123747e-04 1.93830058e-04
 2.60012821e-04 3.78736506e-04 3.32434869e-04 2.87659182e-04
 2.56071325e-04 6.23654996e-05 9.38996157e-05 4.01790182e-04
 2.68656867e-04 1.08161306e-04 1.23410350e-04 4.03627156e-04
 1.42310424e-04 3.58405593e-04 1.90662619e-04 1.30262344e-04
 3.02503103e-04 3.71648180e-04 2.05196187e-04 1.72784676e-04
 3.76456279e-04 1.57322203e-04 2.97699687e-04 3.31813250e-04
 2.87598530e-04 1.76620829e-04 4.16599931e-05 3.87317969e-04
 1.78514273e-04 3.49659915e-04 4.47647907e-04 3.50111467e-04
 3.87379969e-04 5.43249094e-04 3.57973830e-04 2.72967988e-04
 2.97145832e-04 1.22320055e-04 1.65296657e-04 6.71392001e-04
 3.00020004e-04 4.06550174e-04 2.36034755e-04 3.64097357e-04
 2.72734226e-04 2.14609894e-04 4.47750793e-04 1.46613309e-04
 1.04389232e-04 2.98737693e-04 4.37153521e-05 2.56320313e-04
 4.39209417e-04 3.40663955e-04 1.27845013e-04 4.26208936e-04
 1.44373305e-04 2.16248673e-04 2.89611952e-04 4.90406178e-04
 7.13828520e-04 2.28317818e-04 3.61621554e-04 3.15422011e-04
 8.09809118e-04 1.17763198e-04 1.79684466e-04 7.07113719e-04
 2.96755215e-04 4.88103455e-04 4.44235138e-04 2.50966799e-04
 1.93966555e-04 1.47506004e-04]
Time taken: 912.1589660644531 ms

Testing with 20 features and 100000 samples...
CCC result: [1.43109862e-05 1.30782424e-05 2.27512734e-05 1.93774896e-05
 4.35588123e-05 1.85542533e-05 1.30959016e-05 3.66071482e-05
 2.65773055e-05 1.42028558e-05 1.07910732e-05 3.84723167e-05
 3.40414298e-05 2.55634490e-05 1.40232090e-05 2.73165919e-05
 2.14001824e-05 2.01339071e-05 2.88024118e-05 1.50128406e-05
 1.66025959e-05 1.70152806e-05 3.29510309e-05 3.83575612e-05
 4.44237885e-05 2.19899398e-05 1.68426113e-05 1.30367949e-05
 1.41012923e-05 7.41022585e-05 1.27001109e-05 2.02565051e-05
 4.86150113e-05 1.25408381e-05 1.51560196e-05 2.64504016e-05
 2.79183797e-05 2.52493400e-05 5.19191520e-05 4.38799966e-05
 2.95938108e-05 1.41441651e-05 1.44832672e-05 1.88056938e-05
 1.92196610e-05 1.62033117e-05 2.72819475e-05 3.20575412e-05
 4.61168965e-05 4.36287089e-05 1.33275689e-05 1.57167715e-05
 2.49024654e-05 2.67833217e-05 3.10669900e-05 2.26632639e-05
 2.22979919e-05 3.20297349e-05 2.44473525e-05 2.07520134e-05
 1.03207484e-05 3.32955191e-05 3.53580873e-05 2.86342750e-05
 2.87700016e-05 1.35492716e-05 9.52313469e-06 3.05030961e-05
 1.24600431e-05 3.91555659e-05 1.91330443e-05 3.11777490e-05
 2.39678032e-05 7.55128164e-06 6.85594341e-06 1.86347550e-05
 3.20074503e-06 1.45397523e-05 1.30539172e-05 3.07026768e-05
 3.82516028e-05 2.14989055e-05 7.20048668e-06 3.61425489e-05
 5.39910043e-05 2.27185272e-05 2.31767530e-05 2.93983257e-05
 2.28942526e-05 3.38256723e-05 2.22492600e-05 3.07580728e-05
 6.32221289e-05 3.85200647e-05 3.44009713e-05 3.32201763e-05
 4.01132348e-05 3.99678208e-05 2.15030949e-05 2.73492076e-05
 2.64066625e-05 1.91562246e-05 2.51488189e-06 3.35089944e-05
 2.41057411e-05 2.86174661e-05 2.43207932e-05 2.80590827e-05
 3.89759795e-05 4.17429142e-05 3.99229692e-05 3.51652769e-06
 3.07465951e-05 3.49946783e-06 2.85391331e-05 2.11621567e-05
 3.09965080e-05 4.71539715e-05 2.56637947e-05 1.74349487e-05
 2.26705601e-05 3.53481996e-05 4.62138918e-05 1.76948812e-05
 2.25983217e-05 4.74661620e-05 1.02360924e-04 2.19549415e-05
 3.45969433e-05 1.61100500e-05 6.26078229e-06 1.95228103e-05
 1.88770852e-05 2.88490319e-05 1.17281361e-05 2.27544213e-05
 3.72042294e-05 2.87765447e-05 1.83087866e-05 3.05945030e-05
 4.81980067e-05 9.32264323e-05 3.18323930e-05 1.91439886e-05
 2.46840625e-05 5.58636118e-05 5.95444691e-05 2.80177488e-05
 3.69788396e-05 1.83093116e-05 1.86551170e-05 3.18065007e-05
 2.34985049e-05 3.52550123e-05 3.63591601e-05 2.39547350e-05
 2.42176750e-05 4.00301255e-05 2.69149532e-05 7.19576588e-06
 3.09195868e-05 4.38818766e-05 1.71744723e-05 2.44774081e-05
 3.53598669e-05 1.37355915e-05 1.59351277e-05 4.16141175e-05
 3.44391711e-05 2.70562187e-05 1.07506575e-04 1.60875826e-05
 3.07334605e-05 2.88399540e-05 2.06712179e-05 1.62487924e-05
 1.23221611e-05 1.06255806e-05 1.10918708e-05 2.12129351e-05
 2.67410679e-05 6.18573581e-05 2.66391992e-05 1.00750623e-05
 2.58213657e-05 3.81306338e-05 3.80558191e-05 1.88559847e-05
 1.42048149e-05 1.65307199e-05]
Time taken: 6759.823322296143 ms

Testing with 20 features and 1000000 samples...
CCC result: [6.37666138e-06 2.79276043e-06 1.99982500e-06 2.71954765e-06
 2.37647286e-06 1.51805781e-06 7.65109883e-07 4.77156370e-06
 2.52364645e-06 2.55245223e-06 2.98463556e-06 2.97511555e-06
 2.97658992e-06 3.50505403e-06 2.78904092e-06 1.70811946e-06
 3.31646228e-06 2.59483306e-06 3.69002030e-06 4.93756988e-07
 3.33030559e-06 1.82214675e-06 2.93583776e-06 1.28679073e-06
 2.29955640e-06 3.63682773e-06 4.40511623e-06 4.24764539e-06
 3.10353385e-06 1.27830656e-06 2.80723874e-06 3.65000909e-06
 2.85931358e-06 2.08712856e-06 4.05417615e-06 2.65976338e-06
 3.23193796e-06 2.12423605e-06 8.51106351e-06 2.71781561e-06
 3.10383657e-06 2.79643416e-06 3.66715627e-06 3.64589048e-06
 3.53307580e-06 2.06602181e-06 2.51910469e-06 3.77652557e-06
 4.20811562e-06 8.03871882e-07 2.29027485e-06 2.31231072e-06
 7.42399742e-07 4.29299952e-06 3.88470272e-06 1.55227465e-06
 1.97565785e-06 1.10320762e-06 5.02984093e-06 1.51669385e-06
 2.20525586e-06 2.02722405e-06 1.77718597e-06 2.57071237e-06
 3.47186875e-06 2.05881931e-06 2.14312019e-06 3.16730119e-06
 2.05897712e-06 2.64382663e-06 3.56541381e-06 3.22084163e-06
 2.47980266e-06 2.18146695e-06 2.80445617e-06 3.27505770e-06
 8.67935802e-07 2.94114946e-06 3.05052923e-06 5.43523992e-06
 3.47404593e-06 1.89572016e-06 4.95959869e-06 3.89570586e-06
 2.32468634e-06 4.78486657e-06 2.86909080e-06 2.70013260e-06
 1.13991640e-06 1.56046501e-06 4.00197067e-06 2.64293200e-06
 1.85567052e-06 2.07107209e-06 1.89275334e-06 1.96864864e-06
 2.48409652e-06 1.60204090e-06 1.33452860e-06 1.26554008e-07
 1.19697422e-06 2.02761207e-06 7.90426290e-06 1.22566439e-06
 6.43433685e-06 3.98182698e-06 2.28918632e-06 3.59765462e-06
 2.95214595e-06 3.22661134e-06 2.39974780e-06 4.38984019e-06
 2.70796094e-06 2.44925024e-06 4.48337395e-06 1.72910473e-06
 1.83696377e-06 4.07153752e-06 2.38472864e-06 4.02633167e-06
 2.27204354e-06 8.80184356e-07 7.02323809e-07 3.55846976e-06
 2.94688126e-06 6.46860157e-06 4.00965868e-06 9.50933113e-07
 5.41102841e-06 1.68603184e-06 3.46176323e-06 1.22587436e-06
 2.10506414e-06 1.16190361e-06 2.75051584e-06 1.93910740e-06
 4.27248299e-06 3.26851615e-06 2.53006584e-06 2.92013976e-06
 1.22656300e-06 2.69002246e-06 2.24537541e-06 1.60558992e-06
 2.57091237e-06 3.05099480e-06 2.01962803e-06 2.80965708e-06
 3.91529293e-06 2.34463872e-06 3.27065022e-06 3.86467658e-06
 3.85017387e-06 2.88744108e-06 5.54599029e-06 3.27171665e-06
 7.50452113e-07 3.40623125e-06 1.99614237e-06 7.73794274e-06
 1.50574292e-06 9.01359822e-07 1.74233674e-06 2.50983302e-06
 2.30430297e-06 6.35244033e-07 1.84838541e-06 2.46513834e-06
 2.09838264e-06 2.07240678e-06 2.18627390e-06 2.16657762e-06
 2.38356715e-06 3.57493184e-07 4.48916665e-06 4.70453378e-07
 2.20067227e-06 3.94160317e-06 3.49942571e-06 1.85493490e-06
 2.57417004e-06 3.05574258e-06 1.81102156e-06 1.11969444e-06
 3.06617076e-06 3.57973187e-06 2.53542471e-06 3.13103351e-06
 1.65882355e-06 2.30453009e-06]
Time taken: 75869.77052688599 ms

Testing with 20 features and 10000000 samples...
CCC result: [3.50445350e-07 2.03434421e-07 1.15253674e-07 1.80522859e-07
 3.84972988e-07 3.97307070e-07 2.71524027e-07 7.51309610e-08
 2.08922209e-07 2.94791245e-07 4.10939071e-07 2.28324019e-07
 2.76240724e-07 2.22330581e-07 4.13080790e-07 3.54569661e-07
 3.63395166e-07 2.69361844e-07 3.90957946e-07 5.05906601e-07
 9.81391016e-08 2.56025371e-07 1.53254933e-07 2.41717029e-07
 6.29272810e-07 5.11745516e-07 1.02145774e-07 5.43299677e-07
 1.52175964e-07 4.54525173e-07 1.82695820e-07 4.65889040e-07
 2.93507533e-07 3.23312445e-07 1.47866497e-07 2.79122461e-07
 5.72893476e-07 1.69420240e-07 2.28372574e-07 2.56002666e-07
 2.14763305e-07 2.12437623e-07 9.23850257e-08 4.37765792e-07
 5.09733536e-07 5.33709782e-08 2.54153871e-07 3.18275558e-07
 6.89841931e-07 3.01601054e-07 5.99314773e-07 2.02313282e-07
 3.11951635e-07 2.06736316e-07 2.93135827e-07 1.17017318e-07
 1.80053450e-07 5.93248419e-07 4.87741402e-07 4.20056987e-07
 3.33777795e-07 2.39724297e-07 2.59500349e-07 8.85919002e-08
 3.47564349e-07 2.38679861e-07 2.24453092e-07 4.73814635e-07
 1.15816734e-07 1.86300649e-07 4.01755568e-07 3.13706261e-07
 2.56577252e-07 1.29327819e-07 2.00321840e-07 1.47491690e-07
 2.96074354e-07 2.45376388e-07 3.82208205e-07 4.13134996e-07
 2.23944755e-07 3.80364439e-07 2.51329647e-07 7.98704070e-07
 1.07719038e-07 7.20836062e-07 3.21427215e-07 2.95125591e-07
 7.81727902e-08 3.89804235e-07 4.73010604e-07 1.76769514e-07
 5.53343807e-08 2.90623961e-07 3.20941462e-07 2.19500682e-07
 1.15112490e-07 2.66283424e-07 3.75412983e-07 1.66677177e-07
 3.88837866e-07 1.06578561e-07 6.68289118e-07 3.09119781e-07
 1.22702865e-07 3.62046126e-07 7.78944286e-07 3.93354113e-07
 6.37897978e-07 2.29100214e-07 1.57690118e-07 2.04535873e-07
 2.88918927e-07 2.68466560e-07 3.49000270e-07 3.40513471e-07
 1.92238266e-07 9.42506262e-08 5.52226866e-07 4.35186833e-07
 2.87061856e-07 2.18128304e-07 3.30381775e-07 2.44662335e-07
 2.33566243e-07 3.98919648e-07 2.04284827e-07 1.80499580e-07
 6.61081816e-07 1.31385674e-07 4.18799096e-07 5.23468202e-07
 1.48069421e-07 1.10320898e-07 1.11283428e-07 9.98105600e-08
 5.36804044e-07 1.73724674e-07 2.46160806e-07 2.54989501e-07
 4.35423806e-08 9.93864598e-08 3.31546258e-07 4.77808594e-07
 3.33716079e-07 1.79541297e-07 4.72863800e-07 1.78423139e-07
 2.42742774e-07 4.84239614e-07 3.18448646e-07 2.14945451e-07
 1.62581603e-07 6.02723755e-07 2.61482414e-07 1.79078131e-07
 8.23834225e-08 1.74909728e-07 1.74880075e-07 3.92817651e-07
 6.09469415e-07 2.14564322e-07 2.33567540e-07 4.41604260e-07
 2.89534800e-07 2.11609654e-07 8.87795010e-08 2.46404332e-07
 4.23705884e-07 1.48057689e-07 2.20671414e-07 2.78626989e-07
 2.22989754e-07 4.28964408e-07 5.88781385e-07 5.77137941e-07
 1.62372331e-07 2.61754960e-07 3.41381799e-07 3.96280285e-07
 1.14856273e-07 5.83868725e-08 1.06489005e-07 1.45766313e-07
 1.38936893e-07 1.46282036e-07 3.56424562e-07 3.63711290e-07
 3.23419292e-07 3.96676139e-07]
Time taken: 1177333.2965373993 ms

